
> spark-template@0.0.0 test:unit
> vitest --coverage --run --reporter=json

{"numTotalTestSuites":142,"numPassedTestSuites":104,"numFailedTestSuites":37,"numPendingTestSuites":1,"numTotalTests":341,"numPassedTests":253,"numFailedTests":67,"numPendingTests":0,"numTodoTests":0,"snapshot":{"added":0,"failure":false,"filesAdded":0,"filesRemoved":0,"filesRemovedList":[],"filesUnmatched":0,"filesUpdated":0,"matched":0,"total":0,"unchecked":0,"uncheckedKeysByFile":[],"unmatched":0,"updated":0,"didUpdate":false},"startTime":1756487636705,"success":false,"testResults":[{"assertionResults":[{"ancestorTitles":["LoadingSpinner"],"fullName":"LoadingSpinner renders loading spinner","status":"passed","title":"renders loading spinner","duration":44.11340199999995,"failureMessages":[],"meta":{}},{"ancestorTitles":["LoadingSpinner"],"fullName":"LoadingSpinner displays loading text by default","status":"passed","title":"displays loading text by default","duration":4.151891999999862,"failureMessages":[],"meta":{}},{"ancestorTitles":["LoadingSpinner"],"fullName":"LoadingSpinner displays custom message when provided","status":"passed","title":"displays custom message when provided","duration":3.6031159999997726,"failureMessages":[],"meta":{}},{"ancestorTitles":["LoadingSpinner"],"fullName":"LoadingSpinner renders with different sizes","status":"passed","title":"renders with different sizes","duration":8.599747000000207,"failureMessages":[],"meta":{}},{"ancestorTitles":["LoadingSpinner"],"fullName":"LoadingSpinner renders in fullscreen mode","status":"passed","title":"renders in fullscreen mode","duration":5.682733999999982,"failureMessages":[],"meta":{}}],"startTime":1756487651162,"endTime":1756487651228.6826,"status":"passed","message":"","name":"/home/runner/work/Teach-Educa/Teach-Educa/src/components/LoadingSpinner.test.tsx"},{"assertionResults":[{"ancestorTitles":["cn utility function"],"fullName":"cn utility function merges class names correctly","status":"passed","title":"merges class names correctly","duration":7.693993999999975,"failureMessages":[],"meta":{}},{"ancestorTitles":["cn utility function"],"fullName":"cn utility function handles conditional classes","status":"passed","title":"handles conditional classes","duration":0.27097700000001623,"failureMessages":[],"meta":{}},{"ancestorTitles":["cn utility function"],"fullName":"cn utility function resolves tailwind conflicts","status":"passed","title":"resolves tailwind conflicts","duration":0.14447099999995316,"failureMessages":[],"meta":{}},{"ancestorTitles":["cn utility function"],"fullName":"cn utility function handles undefined and null values","status":"passed","title":"handles undefined and null values","duration":0.1479060000000345,"failureMessages":[],"meta":{}},{"ancestorTitles":["cn utility function"],"fullName":"cn utility function works with no arguments","status":"passed","title":"works with no arguments","duration":0.12083599999994021,"failureMessages":[],"meta":{}},{"ancestorTitles":["cn utility function"],"fullName":"cn utility function handles arrays and objects","status":"passed","title":"handles arrays and objects","duration":0.14640400000007503,"failureMessages":[],"meta":{}}],"startTime":1756487653585,"endTime":1756487653593.271,"status":"passed","message":"","name":"/home/runner/work/Teach-Educa/Teach-Educa/src/lib/utils.test.ts"},{"assertionResults":[{"ancestorTitles":["Error Boundary and Resilience Tests","ErrorBoundary Component"],"fullName":"Error Boundary and Resilience Tests ErrorBoundary Component should catch and display generic errors","status":"pending","title":"should catch and display generic errors","failureMessages":[],"meta":{}},{"ancestorTitles":["Error Boundary and Resilience Tests","ErrorBoundary Component"],"fullName":"Error Boundary and Resilience Tests ErrorBoundary Component should display context-specific error messages","status":"pending","title":"should display context-specific error messages","failureMessages":[],"meta":{}},{"ancestorTitles":["Error Boundary and Resilience Tests","ErrorBoundary Component"],"fullName":"Error Boundary and Resilience Tests ErrorBoundary Component should provide retry functionality","status":"pending","title":"should provide retry functionality","failureMessages":[],"meta":{}},{"ancestorTitles":["Error Boundary and Resilience Tests","ErrorBoundary Component"],"fullName":"Error Boundary and Resilience Tests ErrorBoundary Component should track error context and user actions","status":"pending","title":"should track error context and user actions","failureMessages":[],"meta":{}},{"ancestorTitles":["Error Boundary and Resilience Tests","ErrorBoundary Component"],"fullName":"Error Boundary and Resilience Tests ErrorBoundary Component should handle errors during error reporting","status":"pending","title":"should handle errors during error reporting","failureMessages":[],"meta":{}},{"ancestorTitles":["Error Boundary and Resilience Tests","Network Failure Scenarios"],"fullName":"Error Boundary and Resilience Tests Network Failure Scenarios should handle timeout errors in AI service","status":"pending","title":"should handle timeout errors in AI service","failureMessages":[],"meta":{}},{"ancestorTitles":["Error Boundary and Resilience Tests","Network Failure Scenarios"],"fullName":"Error Boundary and Resilience Tests Network Failure Scenarios should handle 500 server errors gracefully","status":"pending","title":"should handle 500 server errors gracefully","failureMessages":[],"meta":{}},{"ancestorTitles":["Error Boundary and Resilience Tests","Network Failure Scenarios"],"fullName":"Error Boundary and Resilience Tests Network Failure Scenarios should handle connection drops during payment","status":"pending","title":"should handle connection drops during payment","failureMessages":[],"meta":{}},{"ancestorTitles":["Error Boundary and Resilience Tests","Network Failure Scenarios"],"fullName":"Error Boundary and Resilience Tests Network Failure Scenarios should implement exponential backoff for retries","status":"pending","title":"should implement exponential backoff for retries","failureMessages":[],"meta":{}},{"ancestorTitles":["Error Boundary and Resilience Tests","Invalid Response Handling"],"fullName":"Error Boundary and Resilience Tests Invalid Response Handling should handle malformed JSON responses","status":"pending","title":"should handle malformed JSON responses","failureMessages":[],"meta":{}},{"ancestorTitles":["Error Boundary and Resilience Tests","Invalid Response Handling"],"fullName":"Error Boundary and Resilience Tests Invalid Response Handling should validate response schemas","status":"pending","title":"should validate response schemas","failureMessages":[],"meta":{}},{"ancestorTitles":["Error Boundary and Resilience Tests","Invalid Response Handling"],"fullName":"Error Boundary and Resilience Tests Invalid Response Handling should handle empty or null responses","status":"pending","title":"should handle empty or null responses","failureMessages":[],"meta":{}},{"ancestorTitles":["Error Boundary and Resilience Tests","Browser Compatibility Edge Cases"],"fullName":"Error Boundary and Resilience Tests Browser Compatibility Edge Cases should handle localStorage unavailability","status":"pending","title":"should handle localStorage unavailability","failureMessages":[],"meta":{}},{"ancestorTitles":["Error Boundary and Resilience Tests","Browser Compatibility Edge Cases"],"fullName":"Error Boundary and Resilience Tests Browser Compatibility Edge Cases should handle unsupported browser features","status":"pending","title":"should handle unsupported browser features","failureMessages":[],"meta":{}},{"ancestorTitles":["Error Boundary and Resilience Tests","Browser Compatibility Edge Cases"],"fullName":"Error Boundary and Resilience Tests Browser Compatibility Edge Cases should handle reduced motion preferences","status":"pending","title":"should handle reduced motion preferences","failureMessages":[],"meta":{}},{"ancestorTitles":["Error Boundary and Resilience Tests","Memory Leak Prevention"],"fullName":"Error Boundary and Resilience Tests Memory Leak Prevention should cleanup event listeners on error","status":"pending","title":"should cleanup event listeners on error","failureMessages":[],"meta":{}},{"ancestorTitles":["Error Boundary and Resilience Tests","Memory Leak Prevention"],"fullName":"Error Boundary and Resilience Tests Memory Leak Prevention should cancel pending requests on error","status":"pending","title":"should cancel pending requests on error","failureMessages":[],"meta":{}},{"ancestorTitles":["Error Boundary and Resilience Tests","Memory Leak Prevention"],"fullName":"Error Boundary and Resilience Tests Memory Leak Prevention should handle large object cleanup","status":"pending","title":"should handle large object cleanup","failureMessages":[],"meta":{}},{"ancestorTitles":["Error Boundary and Resilience Tests","Error Recovery Strategies"],"fullName":"Error Boundary and Resilience Tests Error Recovery Strategies should implement circuit breaker pattern","status":"pending","title":"should implement circuit breaker pattern","failureMessages":[],"meta":{}},{"ancestorTitles":["Error Boundary and Resilience Tests","Error Recovery Strategies"],"fullName":"Error Boundary and Resilience Tests Error Recovery Strategies should provide fallback UI for specific features","status":"pending","title":"should provide fallback UI for specific features","failureMessages":[],"meta":{}},{"ancestorTitles":["Error Boundary and Resilience Tests","Error Recovery Strategies"],"fullName":"Error Boundary and Resilience Tests Error Recovery Strategies should implement graceful degradation","status":"pending","title":"should implement graceful degradation","failureMessages":[],"meta":{}}],"startTime":1756487636705,"endTime":1756487636705,"status":"passed","message":"","name":"/home/runner/work/Teach-Educa/Teach-Educa/src/__tests__/error-boundary/error-resilience.test.tsx"},{"assertionResults":[{"ancestorTitles":["useFormValidation","basic validation functionality"],"fullName":"useFormValidation basic validation functionality initializes with correct default values","status":"passed","title":"initializes with correct default values","duration":21.918957999999975,"failureMessages":[],"meta":{}},{"ancestorTitles":["useFormValidation","basic validation functionality"],"fullName":"useFormValidation basic validation functionality updates field values correctly","status":"passed","title":"updates field values correctly","duration":2.4709289999999555,"failureMessages":[],"meta":{}},{"ancestorTitles":["useFormValidation","basic validation functionality"],"fullName":"useFormValidation basic validation functionality validates required fields correctly","status":"passed","title":"validates required fields correctly","duration":1.646908999999937,"failureMessages":[],"meta":{}},{"ancestorTitles":["useFormValidation","basic validation functionality"],"fullName":"useFormValidation basic validation functionality validates minimum length correctly","status":"passed","title":"validates minimum length correctly","duration":1.5041519999999764,"failureMessages":[],"meta":{}},{"ancestorTitles":["useFormValidation","basic validation functionality"],"fullName":"useFormValidation basic validation functionality validates maximum length correctly","status":"passed","title":"validates maximum length correctly","duration":1.7656110000000353,"failureMessages":[],"meta":{}},{"ancestorTitles":["useFormValidation","basic validation functionality"],"fullName":"useFormValidation basic validation functionality validates pattern correctly","status":"passed","title":"validates pattern correctly","duration":1.8855449999999792,"failureMessages":[],"meta":{}},{"ancestorTitles":["useFormValidation","basic validation functionality"],"fullName":"useFormValidation basic validation functionality validates custom validation function","status":"passed","title":"validates custom validation function","duration":1.3439429999999675,"failureMessages":[],"meta":{}},{"ancestorTitles":["useFormValidation","basic validation functionality"],"fullName":"useFormValidation basic validation functionality clears errors when field becomes valid","status":"passed","title":"clears errors when field becomes valid","duration":1.9412889999999834,"failureMessages":[],"meta":{}},{"ancestorTitles":["useFormValidation","basic validation functionality"],"fullName":"useFormValidation basic validation functionality resets form to initial state","status":"passed","title":"resets form to initial state","duration":1.4631259999999884,"failureMessages":[],"meta":{}},{"ancestorTitles":["useFormValidation","basic validation functionality"],"fullName":"useFormValidation basic validation functionality clears all errors","status":"passed","title":"clears all errors","duration":2.2199699999999893,"failureMessages":[],"meta":{}},{"ancestorTitles":["useFormValidation","basic validation functionality"],"fullName":"useFormValidation basic validation functionality clears specific field error","status":"passed","title":"clears specific field error","duration":2.188370999999961,"failureMessages":[],"meta":{}},{"ancestorTitles":["useFormValidation","touched field validation"],"fullName":"useFormValidation touched field validation validates touched fields on update","status":"passed","title":"validates touched fields on update","duration":1.9691709999999603,"failureMessages":[],"meta":{}},{"ancestorTitles":["useFormValidation","touched field validation"],"fullName":"useFormValidation touched field validation does not validate untouched fields on update","status":"passed","title":"does not validate untouched fields on update","duration":1.7142750000000433,"failureMessages":[],"meta":{}},{"ancestorTitles":["useFormValidation","edge cases"],"fullName":"useFormValidation edge cases handles empty string as invalid for required fields","status":"passed","title":"handles empty string as invalid for required fields","duration":1.5856249999999363,"failureMessages":[],"meta":{}},{"ancestorTitles":["useFormValidation","edge cases"],"fullName":"useFormValidation edge cases skips other validations for empty non-required fields","status":"passed","title":"skips other validations for empty non-required fields","duration":1.5424130000000105,"failureMessages":[],"meta":{}},{"ancestorTitles":["useFormValidation","edge cases"],"fullName":"useFormValidation edge cases handles non-string values correctly","status":"passed","title":"handles non-string values correctly","duration":1.7480279999999766,"failureMessages":[],"meta":{}},{"ancestorTitles":["commonValidations","email validation"],"fullName":"commonValidations email validation validates correct email format","status":"passed","title":"validates correct email format","duration":1.6843189999999595,"failureMessages":[],"meta":{}},{"ancestorTitles":["commonValidations","email validation"],"fullName":"commonValidations email validation rejects invalid email format","status":"passed","title":"rejects invalid email format","duration":1.5619090000000142,"failureMessages":[],"meta":{}},{"ancestorTitles":["commonValidations","password validation"],"fullName":"commonValidations password validation validates minimum length password","status":"passed","title":"validates minimum length password","duration":1.164818000000082,"failureMessages":[],"meta":{}},{"ancestorTitles":["commonValidations","password validation"],"fullName":"commonValidations password validation accepts valid password","status":"passed","title":"accepts valid password","duration":1.084587000000056,"failureMessages":[],"meta":{}},{"ancestorTitles":["commonValidations","strong password validation"],"fullName":"commonValidations strong password validation requires uppercase, lowercase and number","status":"passed","title":"requires uppercase, lowercase and number","duration":1.0955079999999953,"failureMessages":[],"meta":{}},{"ancestorTitles":["commonValidations","strong password validation"],"fullName":"commonValidations strong password validation accepts strong password","status":"passed","title":"accepts strong password","duration":1.1341400000000021,"failureMessages":[],"meta":{}},{"ancestorTitles":["commonValidations","CPF validation"],"fullName":"commonValidations CPF validation validates CPF format","status":"passed","title":"validates CPF format","duration":5.777570999999966,"failureMessages":[],"meta":{}},{"ancestorTitles":["commonValidations","CPF validation"],"fullName":"commonValidations CPF validation rejects invalid CPF format","status":"passed","title":"rejects invalid CPF format","duration":1.5763569999999163,"failureMessages":[],"meta":{}},{"ancestorTitles":["commonValidations","full name validation"],"fullName":"commonValidations full name validation requires at least two words","status":"passed","title":"requires at least two words","duration":1.1874099999999999,"failureMessages":[],"meta":{}},{"ancestorTitles":["commonValidations","full name validation"],"fullName":"commonValidations full name validation accepts full name","status":"passed","title":"accepts full name","duration":1.1571629999999686,"failureMessages":[],"meta":{}},{"ancestorTitles":["commonValidations","full name validation"],"fullName":"commonValidations full name validation rejects names with numbers","status":"passed","title":"rejects names with numbers","duration":1.1110669999999345,"failureMessages":[],"meta":{}}],"startTime":1756487650143,"endTime":1756487650211.111,"status":"passed","message":"","name":"/home/runner/work/Teach-Educa/Teach-Educa/src/__tests__/hooks/useFormValidation.test.ts"},{"assertionResults":[{"ancestorTitles":["useSupabaseStorage","initialization"],"fullName":"useSupabaseStorage initialization initializes with empty data when localStorage is empty","status":"passed","title":"initializes with empty data when localStorage is empty","duration":17.21887199999992,"failureMessages":[],"meta":{}},{"ancestorTitles":["useSupabaseStorage","initialization"],"fullName":"useSupabaseStorage initialization loads existing data from localStorage","status":"passed","title":"loads existing data from localStorage","duration":1.7063499999999294,"failureMessages":[],"meta":{}},{"ancestorTitles":["useSupabaseStorage","initialization"],"fullName":"useSupabaseStorage initialization handles corrupted localStorage data gracefully","status":"passed","title":"handles corrupted localStorage data gracefully","duration":1.956578000000036,"failureMessages":[],"meta":{}},{"ancestorTitles":["useSupabaseStorage","initialization"],"fullName":"useSupabaseStorage initialization ensures array structure for non-array data","status":"passed","title":"ensures array structure for non-array data","duration":1.218919000000028,"failureMessages":[],"meta":{}},{"ancestorTitles":["useSupabaseStorage","storage key generation"],"fullName":"useSupabaseStorage storage key generation generates correct storage key with userId","status":"passed","title":"generates correct storage key with userId","duration":1.9360790000000634,"failureMessages":[],"meta":{}},{"ancestorTitles":["useSupabaseStorage","storage key generation"],"fullName":"useSupabaseStorage storage key generation generates correct storage key without userId","status":"passed","title":"generates correct storage key without userId","duration":1.2664180000000442,"failureMessages":[],"meta":{}},{"ancestorTitles":["useSupabaseStorage","insert operation"],"fullName":"useSupabaseStorage insert operation inserts new record with generated id and timestamps","status":"passed","title":"inserts new record with generated id and timestamps","duration":3.248674000000051,"failureMessages":[],"meta":{}},{"ancestorTitles":["useSupabaseStorage","insert operation"],"fullName":"useSupabaseStorage insert operation adds to existing data when inserting","status":"passed","title":"adds to existing data when inserting","duration":2.116175999999996,"failureMessages":[],"meta":{}},{"ancestorTitles":["useSupabaseStorage","update operation"],"fullName":"useSupabaseStorage update operation updates existing record and sets updated_at","status":"passed","title":"updates existing record and sets updated_at","duration":2.1365349999999808,"failureMessages":[],"meta":{}},{"ancestorTitles":["useSupabaseStorage","update operation"],"fullName":"useSupabaseStorage update operation returns undefined for non-existent record","status":"passed","title":"returns undefined for non-existent record","duration":1.4048870000000306,"failureMessages":[],"meta":{}},{"ancestorTitles":["useSupabaseStorage","remove operation"],"fullName":"useSupabaseStorage remove operation removes record by id","status":"passed","title":"removes record by id","duration":2.34480300000007,"failureMessages":[],"meta":{}},{"ancestorTitles":["useSupabaseStorage","select operation"],"fullName":"useSupabaseStorage select operation returns all data when no filter provided","status":"passed","title":"returns all data when no filter provided","duration":1.8308330000000979,"failureMessages":[],"meta":{}},{"ancestorTitles":["useSupabaseStorage","select operation"],"fullName":"useSupabaseStorage select operation filters data when filter function provided","status":"passed","title":"filters data when filter function provided","duration":1.7990730000000212,"failureMessages":[],"meta":{}},{"ancestorTitles":["useSupabaseStorage","findById operation"],"fullName":"useSupabaseStorage findById operation finds record by id","status":"passed","title":"finds record by id","duration":1.9499549999999317,"failureMessages":[],"meta":{}},{"ancestorTitles":["useSupabaseStorage","findById operation"],"fullName":"useSupabaseStorage findById operation returns undefined for non-existent id","status":"passed","title":"returns undefined for non-existent id","duration":1.7297529999999597,"failureMessages":[],"meta":{}},{"ancestorTitles":["useSupabaseStorage","upsert operation"],"fullName":"useSupabaseStorage upsert operation inserts new record when id not found","status":"passed","title":"inserts new record when id not found","duration":11.761197999999922,"failureMessages":[],"meta":{}},{"ancestorTitles":["useSupabaseStorage","upsert operation"],"fullName":"useSupabaseStorage upsert operation updates existing record when id found","status":"passed","title":"updates existing record when id found","duration":2.1846239999999852,"failureMessages":[],"meta":{}},{"ancestorTitles":["useSupabaseStorage","clear operation"],"fullName":"useSupabaseStorage clear operation clears all data","status":"passed","title":"clears all data","duration":2.0049890000000232,"failureMessages":[],"meta":{}},{"ancestorTitles":["useSupabaseStorage","refresh operation"],"fullName":"useSupabaseStorage refresh operation reloads data from localStorage","status":"passed","title":"reloads data from localStorage","duration":2.1917179999999234,"failureMessages":[],"meta":{}},{"ancestorTitles":["useSupabaseStorage","error handling"],"fullName":"useSupabaseStorage error handling handles localStorage save errors","status":"passed","title":"handles localStorage save errors","duration":1.7670530000000326,"failureMessages":[],"meta":{}},{"ancestorTitles":["useSupabaseRecord"],"fullName":"useSupabaseRecord returns specific record by id","status":"passed","title":"returns specific record by id","duration":1.1331480000000056,"failureMessages":[],"meta":{}},{"ancestorTitles":["useSupabaseRecord"],"fullName":"useSupabaseRecord returns undefined for non-existent record","status":"passed","title":"returns undefined for non-existent record","duration":0.951549,"failureMessages":[],"meta":{}},{"ancestorTitles":["useSupabaseRecord"],"fullName":"useSupabaseRecord provides update function for the specific record","status":"passed","title":"provides update function for the specific record","duration":1.2373440000000073,"failureMessages":[],"meta":{}},{"ancestorTitles":["migrateToSupabaseFormat"],"fullName":"migrateToSupabaseFormat migrates auth data to Supabase format","status":"passed","title":"migrates auth data to Supabase format","duration":3.0346529999999348,"failureMessages":[],"meta":{}},{"ancestorTitles":["migrateToSupabaseFormat"],"fullName":"migrateToSupabaseFormat migrates credit data to analytics format","status":"passed","title":"migrates credit data to analytics format","duration":0.5024089999999433,"failureMessages":[],"meta":{}},{"ancestorTitles":["migrateToSupabaseFormat"],"fullName":"migrateToSupabaseFormat migrates conversations to Supabase format","status":"passed","title":"migrates conversations to Supabase format","duration":0.48870399999998426,"failureMessages":[],"meta":{}},{"ancestorTitles":["migrateToSupabaseFormat"],"fullName":"migrateToSupabaseFormat handles migration errors gracefully","status":"passed","title":"handles migration errors gracefully","duration":0.5338480000000345,"failureMessages":[],"meta":{}},{"ancestorTitles":["migrateToSupabaseFormat"],"fullName":"migrateToSupabaseFormat logs success message on completion","status":"passed","title":"logs success message on completion","duration":0.3033770000000686,"failureMessages":[],"meta":{}},{"ancestorTitles":["exportSupabaseData"],"fullName":"exportSupabaseData exports all tables for a user","status":"passed","title":"exports all tables for a user","duration":1.07631200000003,"failureMessages":[],"meta":{}},{"ancestorTitles":["exportSupabaseData"],"fullName":"exportSupabaseData handles parsing errors gracefully","status":"passed","title":"handles parsing errors gracefully","duration":0.37384899999995014,"failureMessages":[],"meta":{}},{"ancestorTitles":["exportSupabaseData"],"fullName":"exportSupabaseData returns empty arrays for missing data","status":"passed","title":"returns empty arrays for missing data","duration":0.3433319999999185,"failureMessages":[],"meta":{}}],"startTime":1756487648058,"endTime":1756487648133.3433,"status":"passed","message":"","name":"/home/runner/work/Teach-Educa/Teach-Educa/src/__tests__/hooks/useSupabaseStorage.test.ts"},{"assertionResults":[{"ancestorTitles":["Performance Tests","Large Dataset Handling"],"fullName":"Performance Tests Large Dataset Handling should handle 1000+ AI conversation messages efficiently","status":"failed","title":"should handle 1000+ AI conversation messages efficiently","duration":5014.777198,"failureMessages":["Error: STACK_TRACE_ERROR\n    at task (file:///home/runner/work/Teach-Educa/Teach-Educa/node_modules/@vitest/runner/dist/chunk-hooks.js:638:27)\n    at Object.<anonymous> (file:///home/runner/work/Teach-Educa/Teach-Educa/node_modules/@vitest/runner/dist/chunk-hooks.js:662:16)\n    at Object.<anonymous> (file:///home/runner/work/Teach-Educa/Teach-Educa/node_modules/@vitest/runner/dist/chunk-hooks.js:458:28)\n    at chain (file:///home/runner/work/Teach-Educa/Teach-Educa/node_modules/@vitest/runner/dist/chunk-hooks.js:369:14)\n    at /home/runner/work/Teach-Educa/Teach-Educa/src/__tests__/performance/performance-optimization.test.tsx:69:5\n    at file:///home/runner/work/Teach-Educa/Teach-Educa/node_modules/@vitest/runner/dist/chunk-hooks.js:734:40\n    at runWithSuite (file:///home/runner/work/Teach-Educa/Teach-Educa/node_modules/@vitest/runner/dist/chunk-hooks.js:1849:8)\n    at Object.collect (file:///home/runner/work/Teach-Educa/Teach-Educa/node_modules/@vitest/runner/dist/chunk-hooks.js:734:10)\n    at Object.collect (file:///home/runner/work/Teach-Educa/Teach-Educa/node_modules/@vitest/runner/dist/chunk-hooks.js:738:54)\n    at Object.collect (file:///home/runner/work/Teach-Educa/Teach-Educa/node_modules/@vitest/runner/dist/chunk-hooks.js:738:46)\n    at collectTests (file:///home/runner/work/Teach-Educa/Teach-Educa/node_modules/@vitest/runner/dist/chunk-hooks.js:1179:25)\n    at startTests (file:///home/runner/work/Teach-Educa/Teach-Educa/node_modules/@vitest/runner/dist/chunk-hooks.js:1817:17)\n    at file:///home/runner/work/Teach-Educa/Teach-Educa/node_modules/vitest/dist/chunks/runBaseTests.9Ij9_de-.js:117:26\n    at withEnv (file:///home/runner/work/Teach-Educa/Teach-Educa/node_modules/vitest/dist/chunks/runBaseTests.9Ij9_de-.js:84:3)\n    at run (file:///home/runner/work/Teach-Educa/Teach-Educa/node_modules/vitest/dist/chunks/runBaseTests.9Ij9_de-.js:109:2)"],"meta":{}},{"ancestorTitles":["Performance Tests","Large Dataset Handling"],"fullName":"Performance Tests Large Dataset Handling should handle large analytics datasets without blocking UI","status":"failed","title":"should handle large analytics datasets without blocking UI","duration":5001.579131999999,"failureMessages":["Error: STACK_TRACE_ERROR\n    at task (file:///home/runner/work/Teach-Educa/Teach-Educa/node_modules/@vitest/runner/dist/chunk-hooks.js:638:27)\n    at Object.<anonymous> (file:///home/runner/work/Teach-Educa/Teach-Educa/node_modules/@vitest/runner/dist/chunk-hooks.js:662:16)\n    at Object.<anonymous> (file:///home/runner/work/Teach-Educa/Teach-Educa/node_modules/@vitest/runner/dist/chunk-hooks.js:458:28)\n    at chain (file:///home/runner/work/Teach-Educa/Teach-Educa/node_modules/@vitest/runner/dist/chunk-hooks.js:369:14)\n    at /home/runner/work/Teach-Educa/Teach-Educa/src/__tests__/performance/performance-optimization.test.tsx:106:5\n    at file:///home/runner/work/Teach-Educa/Teach-Educa/node_modules/@vitest/runner/dist/chunk-hooks.js:734:40\n    at runWithSuite (file:///home/runner/work/Teach-Educa/Teach-Educa/node_modules/@vitest/runner/dist/chunk-hooks.js:1849:8)\n    at Object.collect (file:///home/runner/work/Teach-Educa/Teach-Educa/node_modules/@vitest/runner/dist/chunk-hooks.js:734:10)\n    at Object.collect (file:///home/runner/work/Teach-Educa/Teach-Educa/node_modules/@vitest/runner/dist/chunk-hooks.js:738:54)\n    at Object.collect (file:///home/runner/work/Teach-Educa/Teach-Educa/node_modules/@vitest/runner/dist/chunk-hooks.js:738:46)\n    at collectTests (file:///home/runner/work/Teach-Educa/Teach-Educa/node_modules/@vitest/runner/dist/chunk-hooks.js:1179:25)\n    at startTests (file:///home/runner/work/Teach-Educa/Teach-Educa/node_modules/@vitest/runner/dist/chunk-hooks.js:1817:17)\n    at file:///home/runner/work/Teach-Educa/Teach-Educa/node_modules/vitest/dist/chunks/runBaseTests.9Ij9_de-.js:117:26\n    at withEnv (file:///home/runner/work/Teach-Educa/Teach-Educa/node_modules/vitest/dist/chunks/runBaseTests.9Ij9_de-.js:84:3)\n    at run (file:///home/runner/work/Teach-Educa/Teach-Educa/node_modules/vitest/dist/chunks/runBaseTests.9Ij9_de-.js:109:2)"],"meta":{}},{"ancestorTitles":["Performance Tests","Large Dataset Handling"],"fullName":"Performance Tests Large Dataset Handling should implement efficient search in large datasets","status":"failed","title":"should implement efficient search in large datasets","duration":5004.361918999999,"failureMessages":["Error: STACK_TRACE_ERROR\n    at task (file:///home/runner/work/Teach-Educa/Teach-Educa/node_modules/@vitest/runner/dist/chunk-hooks.js:638:27)\n    at Object.<anonymous> (file:///home/runner/work/Teach-Educa/Teach-Educa/node_modules/@vitest/runner/dist/chunk-hooks.js:662:16)\n    at Object.<anonymous> (file:///home/runner/work/Teach-Educa/Teach-Educa/node_modules/@vitest/runner/dist/chunk-hooks.js:458:28)\n    at chain (file:///home/runner/work/Teach-Educa/Teach-Educa/node_modules/@vitest/runner/dist/chunk-hooks.js:369:14)\n    at /home/runner/work/Teach-Educa/Teach-Educa/src/__tests__/performance/performance-optimization.test.tsx:147:5\n    at file:///home/runner/work/Teach-Educa/Teach-Educa/node_modules/@vitest/runner/dist/chunk-hooks.js:734:40\n    at runWithSuite (file:///home/runner/work/Teach-Educa/Teach-Educa/node_modules/@vitest/runner/dist/chunk-hooks.js:1849:8)\n    at Object.collect (file:///home/runner/work/Teach-Educa/Teach-Educa/node_modules/@vitest/runner/dist/chunk-hooks.js:734:10)\n    at Object.collect (file:///home/runner/work/Teach-Educa/Teach-Educa/node_modules/@vitest/runner/dist/chunk-hooks.js:738:54)\n    at Object.collect (file:///home/runner/work/Teach-Educa/Teach-Educa/node_modules/@vitest/runner/dist/chunk-hooks.js:738:46)\n    at collectTests (file:///home/runner/work/Teach-Educa/Teach-Educa/node_modules/@vitest/runner/dist/chunk-hooks.js:1179:25)\n    at startTests (file:///home/runner/work/Teach-Educa/Teach-Educa/node_modules/@vitest/runner/dist/chunk-hooks.js:1817:17)\n    at file:///home/runner/work/Teach-Educa/Teach-Educa/node_modules/vitest/dist/chunks/runBaseTests.9Ij9_de-.js:117:26\n    at withEnv (file:///home/runner/work/Teach-Educa/Teach-Educa/node_modules/vitest/dist/chunks/runBaseTests.9Ij9_de-.js:84:3)\n    at run (file:///home/runner/work/Teach-Educa/Teach-Educa/node_modules/vitest/dist/chunks/runBaseTests.9Ij9_de-.js:109:2)"],"meta":{}},{"ancestorTitles":["Performance Tests","Rate Limiting and Throttling"],"fullName":"Performance Tests Rate Limiting and Throttling should implement request throttling for AI service","status":"failed","title":"should implement request throttling for AI service","duration":1.810263000003033,"failureMessages":["Error: Element type is invalid: expected a string (for built-in components) or a class/function (for composite components) but got: undefined. You likely forgot to export your component from the file it's defined in, or you might have mixed up default and named imports.\n    at createFiberFromTypeAndProps (/home/runner/work/Teach-Educa/Teach-Educa/node_modules/react-dom/cjs/react-dom-client.development.js:4259:28)\n    at createFiberFromElement (/home/runner/work/Teach-Educa/Teach-Educa/node_modules/react-dom/cjs/react-dom-client.development.js:4273:14)\n    at reconcileChildFibersImpl (/home/runner/work/Teach-Educa/Teach-Educa/node_modules/react-dom/cjs/react-dom-client.development.js:7879:31)\n    at /home/runner/work/Teach-Educa/Teach-Educa/node_modules/react-dom/cjs/react-dom-client.development.js:8057:33\n    at reconcileChildren (/home/runner/work/Teach-Educa/Teach-Educa/node_modules/react-dom/cjs/react-dom-client.development.js:8622:13)\n    at beginWork (/home/runner/work/Teach-Educa/Teach-Educa/node_modules/react-dom/cjs/react-dom-client.development.js:10643:15)\n    at runWithFiberInDEV (/home/runner/work/Teach-Educa/Teach-Educa/node_modules/react-dom/cjs/react-dom-client.development.js:1522:13)\n    at performUnitOfWork (/home/runner/work/Teach-Educa/Teach-Educa/node_modules/react-dom/cjs/react-dom-client.development.js:15140:22)\n    at workLoopSync (/home/runner/work/Teach-Educa/Teach-Educa/node_modules/react-dom/cjs/react-dom-client.development.js:14956:41)\n    at renderRootSync (/home/runner/work/Teach-Educa/Teach-Educa/node_modules/react-dom/cjs/react-dom-client.development.js:14936:11)"],"meta":{}},{"ancestorTitles":["Performance Tests","Rate Limiting and Throttling"],"fullName":"Performance Tests Rate Limiting and Throttling should implement exponential backoff for failed requests","status":"failed","title":"should implement exponential backoff for failed requests","duration":1.5454790000003413,"failureMessages":["Error: Element type is invalid: expected a string (for built-in components) or a class/function (for composite components) but got: undefined. You likely forgot to export your component from the file it's defined in, or you might have mixed up default and named imports.\n    at createFiberFromTypeAndProps (/home/runner/work/Teach-Educa/Teach-Educa/node_modules/react-dom/cjs/react-dom-client.development.js:4259:28)\n    at createFiberFromElement (/home/runner/work/Teach-Educa/Teach-Educa/node_modules/react-dom/cjs/react-dom-client.development.js:4273:14)\n    at reconcileChildFibersImpl (/home/runner/work/Teach-Educa/Teach-Educa/node_modules/react-dom/cjs/react-dom-client.development.js:7879:31)\n    at /home/runner/work/Teach-Educa/Teach-Educa/node_modules/react-dom/cjs/react-dom-client.development.js:8057:33\n    at reconcileChildren (/home/runner/work/Teach-Educa/Teach-Educa/node_modules/react-dom/cjs/react-dom-client.development.js:8622:13)\n    at beginWork (/home/runner/work/Teach-Educa/Teach-Educa/node_modules/react-dom/cjs/react-dom-client.development.js:10643:15)\n    at runWithFiberInDEV (/home/runner/work/Teach-Educa/Teach-Educa/node_modules/react-dom/cjs/react-dom-client.development.js:1522:13)\n    at performUnitOfWork (/home/runner/work/Teach-Educa/Teach-Educa/node_modules/react-dom/cjs/react-dom-client.development.js:15140:22)\n    at workLoopSync (/home/runner/work/Teach-Educa/Teach-Educa/node_modules/react-dom/cjs/react-dom-client.development.js:14956:41)\n    at renderRootSync (/home/runner/work/Teach-Educa/Teach-Educa/node_modules/react-dom/cjs/react-dom-client.development.js:14936:11)"],"meta":{}},{"ancestorTitles":["Performance Tests","Rate Limiting and Throttling"],"fullName":"Performance Tests Rate Limiting and Throttling should handle concurrent request limiting","status":"failed","title":"should handle concurrent request limiting","duration":25.48364600000059,"failureMessages":["AssertionError: expected 10 to be less than or equal to 3\n    at /home/runner/work/Teach-Educa/Teach-Educa/src/__tests__/performance/performance-optimization.test.tsx:313:29\n    at file:///home/runner/work/Teach-Educa/Teach-Educa/node_modules/@vitest/runner/dist/chunk-hooks.js:752:20"],"meta":{}},{"ancestorTitles":["Performance Tests","Memory Leak Detection"],"fullName":"Performance Tests Memory Leak Detection should cleanup event listeners on component unmount","status":"failed","title":"should cleanup event listeners on component unmount","duration":0.8741690000024391,"failureMessages":["ReferenceError: DashboardDemo is not defined\n    at /home/runner/work/Teach-Educa/Teach-Educa/src/__tests__/performance/performance-optimization.test.tsx:322:35\n    at file:///home/runner/work/Teach-Educa/Teach-Educa/node_modules/@vitest/runner/dist/chunk-hooks.js:155:11\n    at file:///home/runner/work/Teach-Educa/Teach-Educa/node_modules/@vitest/runner/dist/chunk-hooks.js:752:26\n    at file:///home/runner/work/Teach-Educa/Teach-Educa/node_modules/@vitest/runner/dist/chunk-hooks.js:1897:20\n    at new Promise (<anonymous>)\n    at runWithTimeout (file:///home/runner/work/Teach-Educa/Teach-Educa/node_modules/@vitest/runner/dist/chunk-hooks.js:1863:10)\n    at runTest (file:///home/runner/work/Teach-Educa/Teach-Educa/node_modules/@vitest/runner/dist/chunk-hooks.js:1574:12)\n    at runSuite (file:///home/runner/work/Teach-Educa/Teach-Educa/node_modules/@vitest/runner/dist/chunk-hooks.js:1729:8)\n    at runSuite (file:///home/runner/work/Teach-Educa/Teach-Educa/node_modules/@vitest/runner/dist/chunk-hooks.js:1729:8)\n    at runSuite (file:///home/runner/work/Teach-Educa/Teach-Educa/node_modules/@vitest/runner/dist/chunk-hooks.js:1729:8)"],"meta":{}},{"ancestorTitles":["Performance Tests","Memory Leak Detection"],"fullName":"Performance Tests Memory Leak Detection should cancel pending requests on unmount","status":"failed","title":"should cancel pending requests on unmount","duration":2.1405479999993986,"failureMessages":["Error: Element type is invalid: expected a string (for built-in components) or a class/function (for composite components) but got: undefined. You likely forgot to export your component from the file it's defined in, or you might have mixed up default and named imports.\n    at createFiberFromTypeAndProps (/home/runner/work/Teach-Educa/Teach-Educa/node_modules/react-dom/cjs/react-dom-client.development.js:4259:28)\n    at createFiberFromElement (/home/runner/work/Teach-Educa/Teach-Educa/node_modules/react-dom/cjs/react-dom-client.development.js:4273:14)\n    at reconcileChildFibersImpl (/home/runner/work/Teach-Educa/Teach-Educa/node_modules/react-dom/cjs/react-dom-client.development.js:7879:31)\n    at /home/runner/work/Teach-Educa/Teach-Educa/node_modules/react-dom/cjs/react-dom-client.development.js:8057:33\n    at reconcileChildren (/home/runner/work/Teach-Educa/Teach-Educa/node_modules/react-dom/cjs/react-dom-client.development.js:8622:13)\n    at beginWork (/home/runner/work/Teach-Educa/Teach-Educa/node_modules/react-dom/cjs/react-dom-client.development.js:10643:15)\n    at runWithFiberInDEV (/home/runner/work/Teach-Educa/Teach-Educa/node_modules/react-dom/cjs/react-dom-client.development.js:1522:13)\n    at performUnitOfWork (/home/runner/work/Teach-Educa/Teach-Educa/node_modules/react-dom/cjs/react-dom-client.development.js:15140:22)\n    at workLoopSync (/home/runner/work/Teach-Educa/Teach-Educa/node_modules/react-dom/cjs/react-dom-client.development.js:14956:41)\n    at renderRootSync (/home/runner/work/Teach-Educa/Teach-Educa/node_modules/react-dom/cjs/react-dom-client.development.js:14936:11)"],"meta":{}},{"ancestorTitles":["Performance Tests","Memory Leak Detection"],"fullName":"Performance Tests Memory Leak Detection should detect memory leaks in large component trees","status":"failed","title":"should detect memory leaks in large component trees","duration":1274.4209979999978,"failureMessages":["AssertionError: expected 0 to be less than 0\n    at /home/runner/work/Teach-Educa/Teach-Educa/src/__tests__/performance/performance-optimization.test.tsx:395:30\n    at file:///home/runner/work/Teach-Educa/Teach-Educa/node_modules/@vitest/runner/dist/chunk-hooks.js:752:20"],"meta":{}},{"ancestorTitles":["Performance Tests","Rendering Performance"],"fullName":"Performance Tests Rendering Performance should optimize re-renders with React.memo","status":"failed","title":"should optimize re-renders with React.memo","duration":37.60960200000045,"failureMessages":["AssertionError: expected 1 to be 2 // Object.is equality\n    at /home/runner/work/Teach-Educa/Teach-Educa/src/__tests__/performance/performance-optimization.test.tsx:447:27\n    at file:///home/runner/work/Teach-Educa/Teach-Educa/node_modules/@vitest/runner/dist/chunk-hooks.js:752:20"],"meta":{}},{"ancestorTitles":["Performance Tests","Rendering Performance"],"fullName":"Performance Tests Rendering Performance should implement virtual scrolling for large lists","status":"failed","title":"should implement virtual scrolling for large lists","duration":130.56663599999956,"failureMessages":["AssertionError: expected 103.94222000000082 to be less than 100\n    at /home/runner/work/Teach-Educa/Teach-Educa/src/__tests__/performance/performance-optimization.test.tsx:510:26\n    at file:///home/runner/work/Teach-Educa/Teach-Educa/node_modules/@vitest/runner/dist/chunk-hooks.js:752:20"],"meta":{}},{"ancestorTitles":["Performance Tests","Rendering Performance"],"fullName":"Performance Tests Rendering Performance should implement efficient state updates","status":"passed","title":"should implement efficient state updates","duration":25.42595199999778,"failureMessages":[],"meta":{}}],"startTime":1756487640971,"endTime":1756487657492.426,"status":"failed","message":"","name":"/home/runner/work/Teach-Educa/Teach-Educa/src/__tests__/performance/performance-optimization.test.tsx"},{"assertionResults":[{"ancestorTitles":["Performance Tests","Large Dataset Handling"],"fullName":"Performance Tests Large Dataset Handling should handle large conversation datasets efficiently","status":"failed","title":"should handle large conversation datasets efficiently","duration":73.13704800000005,"failureMessages":["TypeError: history.filter is not a function\n    at /home/runner/work/Teach-Educa/Teach-Educa/src/components/AIChatInterface.tsx:51:31\n    at Object.react_stack_bottom_frame (/home/runner/work/Teach-Educa/Teach-Educa/node_modules/react-dom/cjs/react-dom-client.development.js:23953:20)\n    at runWithFiberInDEV (/home/runner/work/Teach-Educa/Teach-Educa/node_modules/react-dom/cjs/react-dom-client.development.js:1522:13)\n    at commitHookEffectListMount (/home/runner/work/Teach-Educa/Teach-Educa/node_modules/react-dom/cjs/react-dom-client.development.js:11905:29)\n    at commitHookPassiveMountEffects (/home/runner/work/Teach-Educa/Teach-Educa/node_modules/react-dom/cjs/react-dom-client.development.js:12028:11)\n    at commitPassiveMountOnFiber (/home/runner/work/Teach-Educa/Teach-Educa/node_modules/react-dom/cjs/react-dom-client.development.js:13841:13)\n    at recursivelyTraversePassiveMountEffects (/home/runner/work/Teach-Educa/Teach-Educa/node_modules/react-dom/cjs/react-dom-client.development.js:13815:11)\n    at commitPassiveMountOnFiber (/home/runner/work/Teach-Educa/Teach-Educa/node_modules/react-dom/cjs/react-dom-client.development.js:13853:11)\n    at flushPassiveEffects (/home/runner/work/Teach-Educa/Teach-Educa/node_modules/react-dom/cjs/react-dom-client.development.js:15737:9)\n    at flushPendingEffects (/home/runner/work/Teach-Educa/Teach-Educa/node_modules/react-dom/cjs/react-dom-client.development.js:15702:14)"],"meta":{}},{"ancestorTitles":["Performance Tests","Large Dataset Handling"],"fullName":"Performance Tests Large Dataset Handling should handle API response processing efficiently","status":"failed","title":"should handle API response processing efficiently","duration":16.535522000000128,"failureMessages":["TypeError: history.filter is not a function\n    at /home/runner/work/Teach-Educa/Teach-Educa/src/components/AIChatInterface.tsx:51:31\n    at Object.react_stack_bottom_frame (/home/runner/work/Teach-Educa/Teach-Educa/node_modules/react-dom/cjs/react-dom-client.development.js:23953:20)\n    at runWithFiberInDEV (/home/runner/work/Teach-Educa/Teach-Educa/node_modules/react-dom/cjs/react-dom-client.development.js:1522:13)\n    at commitHookEffectListMount (/home/runner/work/Teach-Educa/Teach-Educa/node_modules/react-dom/cjs/react-dom-client.development.js:11905:29)\n    at commitHookPassiveMountEffects (/home/runner/work/Teach-Educa/Teach-Educa/node_modules/react-dom/cjs/react-dom-client.development.js:12028:11)\n    at commitPassiveMountOnFiber (/home/runner/work/Teach-Educa/Teach-Educa/node_modules/react-dom/cjs/react-dom-client.development.js:13841:13)\n    at recursivelyTraversePassiveMountEffects (/home/runner/work/Teach-Educa/Teach-Educa/node_modules/react-dom/cjs/react-dom-client.development.js:13815:11)\n    at commitPassiveMountOnFiber (/home/runner/work/Teach-Educa/Teach-Educa/node_modules/react-dom/cjs/react-dom-client.development.js:13853:11)\n    at flushPassiveEffects (/home/runner/work/Teach-Educa/Teach-Educa/node_modules/react-dom/cjs/react-dom-client.development.js:15737:9)\n    at flushPendingEffects (/home/runner/work/Teach-Educa/Teach-Educa/node_modules/react-dom/cjs/react-dom-client.development.js:15702:14)"],"meta":{}},{"ancestorTitles":["Performance Tests","Request Management"],"fullName":"Performance Tests Request Management should implement basic request handling","status":"failed","title":"should implement basic request handling","duration":19.651912999999695,"failureMessages":["TypeError: history.filter is not a function\n    at /home/runner/work/Teach-Educa/Teach-Educa/src/components/AIChatInterface.tsx:51:31\n    at Object.react_stack_bottom_frame (/home/runner/work/Teach-Educa/Teach-Educa/node_modules/react-dom/cjs/react-dom-client.development.js:23953:20)\n    at runWithFiberInDEV (/home/runner/work/Teach-Educa/Teach-Educa/node_modules/react-dom/cjs/react-dom-client.development.js:1522:13)\n    at commitHookEffectListMount (/home/runner/work/Teach-Educa/Teach-Educa/node_modules/react-dom/cjs/react-dom-client.development.js:11905:29)\n    at commitHookPassiveMountEffects (/home/runner/work/Teach-Educa/Teach-Educa/node_modules/react-dom/cjs/react-dom-client.development.js:12028:11)\n    at commitPassiveMountOnFiber (/home/runner/work/Teach-Educa/Teach-Educa/node_modules/react-dom/cjs/react-dom-client.development.js:13841:13)\n    at recursivelyTraversePassiveMountEffects (/home/runner/work/Teach-Educa/Teach-Educa/node_modules/react-dom/cjs/react-dom-client.development.js:13815:11)\n    at commitPassiveMountOnFiber (/home/runner/work/Teach-Educa/Teach-Educa/node_modules/react-dom/cjs/react-dom-client.development.js:13853:11)\n    at flushPassiveEffects (/home/runner/work/Teach-Educa/Teach-Educa/node_modules/react-dom/cjs/react-dom-client.development.js:15737:9)\n    at flushPendingEffects (/home/runner/work/Teach-Educa/Teach-Educa/node_modules/react-dom/cjs/react-dom-client.development.js:15702:14)"],"meta":{}},{"ancestorTitles":["Performance Tests","Request Management"],"fullName":"Performance Tests Request Management should handle failed requests gracefully","status":"failed","title":"should handle failed requests gracefully","duration":12.936317000000145,"failureMessages":["TypeError: history.filter is not a function\n    at /home/runner/work/Teach-Educa/Teach-Educa/src/components/AIChatInterface.tsx:51:31\n    at Object.react_stack_bottom_frame (/home/runner/work/Teach-Educa/Teach-Educa/node_modules/react-dom/cjs/react-dom-client.development.js:23953:20)\n    at runWithFiberInDEV (/home/runner/work/Teach-Educa/Teach-Educa/node_modules/react-dom/cjs/react-dom-client.development.js:1522:13)\n    at commitHookEffectListMount (/home/runner/work/Teach-Educa/Teach-Educa/node_modules/react-dom/cjs/react-dom-client.development.js:11905:29)\n    at commitHookPassiveMountEffects (/home/runner/work/Teach-Educa/Teach-Educa/node_modules/react-dom/cjs/react-dom-client.development.js:12028:11)\n    at commitPassiveMountOnFiber (/home/runner/work/Teach-Educa/Teach-Educa/node_modules/react-dom/cjs/react-dom-client.development.js:13841:13)\n    at recursivelyTraversePassiveMountEffects (/home/runner/work/Teach-Educa/Teach-Educa/node_modules/react-dom/cjs/react-dom-client.development.js:13815:11)\n    at commitPassiveMountOnFiber (/home/runner/work/Teach-Educa/Teach-Educa/node_modules/react-dom/cjs/react-dom-client.development.js:13853:11)\n    at flushPassiveEffects (/home/runner/work/Teach-Educa/Teach-Educa/node_modules/react-dom/cjs/react-dom-client.development.js:15737:9)\n    at flushPendingEffects (/home/runner/work/Teach-Educa/Teach-Educa/node_modules/react-dom/cjs/react-dom-client.development.js:15702:14)"],"meta":{}},{"ancestorTitles":["Performance Tests","Memory Management"],"fullName":"Performance Tests Memory Management should cleanup resources on component unmount","status":"failed","title":"should cleanup resources on component unmount","duration":15.566867999999886,"failureMessages":["TypeError: history.filter is not a function\n    at /home/runner/work/Teach-Educa/Teach-Educa/src/components/AIChatInterface.tsx:51:31\n    at Object.react_stack_bottom_frame (/home/runner/work/Teach-Educa/Teach-Educa/node_modules/react-dom/cjs/react-dom-client.development.js:23953:20)\n    at runWithFiberInDEV (/home/runner/work/Teach-Educa/Teach-Educa/node_modules/react-dom/cjs/react-dom-client.development.js:1522:13)\n    at commitHookEffectListMount (/home/runner/work/Teach-Educa/Teach-Educa/node_modules/react-dom/cjs/react-dom-client.development.js:11905:29)\n    at commitHookPassiveMountEffects (/home/runner/work/Teach-Educa/Teach-Educa/node_modules/react-dom/cjs/react-dom-client.development.js:12028:11)\n    at commitPassiveMountOnFiber (/home/runner/work/Teach-Educa/Teach-Educa/node_modules/react-dom/cjs/react-dom-client.development.js:13841:13)\n    at recursivelyTraversePassiveMountEffects (/home/runner/work/Teach-Educa/Teach-Educa/node_modules/react-dom/cjs/react-dom-client.development.js:13815:11)\n    at commitPassiveMountOnFiber (/home/runner/work/Teach-Educa/Teach-Educa/node_modules/react-dom/cjs/react-dom-client.development.js:13853:11)\n    at flushPassiveEffects (/home/runner/work/Teach-Educa/Teach-Educa/node_modules/react-dom/cjs/react-dom-client.development.js:15737:9)\n    at flushPendingEffects (/home/runner/work/Teach-Educa/Teach-Educa/node_modules/react-dom/cjs/react-dom-client.development.js:15702:14)"],"meta":{}},{"ancestorTitles":["Performance Tests","Memory Management"],"fullName":"Performance Tests Memory Management should handle multiple re-renders efficiently","status":"failed","title":"should handle multiple re-renders efficiently","duration":10.961635000000115,"failureMessages":["TypeError: history.filter is not a function\n    at /home/runner/work/Teach-Educa/Teach-Educa/src/components/AIChatInterface.tsx:51:31\n    at Object.react_stack_bottom_frame (/home/runner/work/Teach-Educa/Teach-Educa/node_modules/react-dom/cjs/react-dom-client.development.js:23953:20)\n    at runWithFiberInDEV (/home/runner/work/Teach-Educa/Teach-Educa/node_modules/react-dom/cjs/react-dom-client.development.js:1522:13)\n    at commitHookEffectListMount (/home/runner/work/Teach-Educa/Teach-Educa/node_modules/react-dom/cjs/react-dom-client.development.js:11905:29)\n    at commitHookPassiveMountEffects (/home/runner/work/Teach-Educa/Teach-Educa/node_modules/react-dom/cjs/react-dom-client.development.js:12028:11)\n    at commitPassiveMountOnFiber (/home/runner/work/Teach-Educa/Teach-Educa/node_modules/react-dom/cjs/react-dom-client.development.js:13841:13)\n    at recursivelyTraversePassiveMountEffects (/home/runner/work/Teach-Educa/Teach-Educa/node_modules/react-dom/cjs/react-dom-client.development.js:13815:11)\n    at commitPassiveMountOnFiber (/home/runner/work/Teach-Educa/Teach-Educa/node_modules/react-dom/cjs/react-dom-client.development.js:13853:11)\n    at flushPassiveEffects (/home/runner/work/Teach-Educa/Teach-Educa/node_modules/react-dom/cjs/react-dom-client.development.js:15737:9)\n    at flushPendingEffects (/home/runner/work/Teach-Educa/Teach-Educa/node_modules/react-dom/cjs/react-dom-client.development.js:15702:14)"],"meta":{}},{"ancestorTitles":["Performance Tests","State Management Performance"],"fullName":"Performance Tests State Management Performance should optimize state updates","status":"passed","title":"should optimize state updates","duration":12.440209999999752,"failureMessages":[],"meta":{}}],"startTime":1756487644337,"endTime":1756487644498.4402,"status":"failed","message":"","name":"/home/runner/work/Teach-Educa/Teach-Educa/src/__tests__/performance/performance-simple.test.tsx"},{"assertionResults":[{"ancestorTitles":["Validation Schemas","loginSchema"],"fullName":"Validation Schemas loginSchema validates correct login data","status":"passed","title":"validates correct login data","duration":3.5397279999999682,"failureMessages":[],"meta":{}},{"ancestorTitles":["Validation Schemas","loginSchema"],"fullName":"Validation Schemas loginSchema validates with default rememberMe value","status":"passed","title":"validates with default rememberMe value","duration":0.4399829999999838,"failureMessages":[],"meta":{}},{"ancestorTitles":["Validation Schemas","loginSchema"],"fullName":"Validation Schemas loginSchema rejects invalid email","status":"passed","title":"rejects invalid email","duration":0.6389339999999493,"failureMessages":[],"meta":{}},{"ancestorTitles":["Validation Schemas","loginSchema"],"fullName":"Validation Schemas loginSchema rejects empty email","status":"passed","title":"rejects empty email","duration":1.0066719999999805,"failureMessages":[],"meta":{}},{"ancestorTitles":["Validation Schemas","loginSchema"],"fullName":"Validation Schemas loginSchema rejects short password","status":"passed","title":"rejects short password","duration":0.30484999999998763,"failureMessages":[],"meta":{}},{"ancestorTitles":["Validation Schemas","loginSchema"],"fullName":"Validation Schemas loginSchema rejects empty password","status":"passed","title":"rejects empty password","duration":0.24814299999991363,"failureMessages":[],"meta":{}},{"ancestorTitles":["Validation Schemas","registrationSchema"],"fullName":"Validation Schemas registrationSchema validates correct registration data","status":"passed","title":"validates correct registration data","duration":0.9688210000000481,"failureMessages":[],"meta":{}},{"ancestorTitles":["Validation Schemas","registrationSchema"],"fullName":"Validation Schemas registrationSchema rejects single name","status":"passed","title":"rejects single name","duration":0.5488560000000007,"failureMessages":[],"meta":{}},{"ancestorTitles":["Validation Schemas","registrationSchema"],"fullName":"Validation Schemas registrationSchema rejects names with numbers","status":"passed","title":"rejects names with numbers","duration":0.31617100000005394,"failureMessages":[],"meta":{}},{"ancestorTitles":["Validation Schemas","registrationSchema"],"fullName":"Validation Schemas registrationSchema rejects weak password","status":"passed","title":"rejects weak password","duration":0.31355500000006487,"failureMessages":[],"meta":{}},{"ancestorTitles":["Validation Schemas","registrationSchema"],"fullName":"Validation Schemas registrationSchema rejects mismatched passwords","status":"passed","title":"rejects mismatched passwords","duration":0.3194469999999683,"failureMessages":[],"meta":{}},{"ancestorTitles":["Validation Schemas","registrationSchema"],"fullName":"Validation Schemas registrationSchema rejects invalid CPF format","status":"passed","title":"rejects invalid CPF format","duration":0.30832599999996546,"failureMessages":[],"meta":{}},{"ancestorTitles":["Validation Schemas","registrationSchema"],"fullName":"Validation Schemas registrationSchema rejects invalid phone format","status":"passed","title":"rejects invalid phone format","duration":0.28526399999998375,"failureMessages":[],"meta":{}},{"ancestorTitles":["Validation Schemas","registrationSchema"],"fullName":"Validation Schemas registrationSchema rejects users under 13","status":"passed","title":"rejects users under 13","duration":0.33467499999994743,"failureMessages":[],"meta":{}},{"ancestorTitles":["Validation Schemas","registrationSchema"],"fullName":"Validation Schemas registrationSchema rejects when terms not accepted","status":"passed","title":"rejects when terms not accepted","duration":0.2751050000000532,"failureMessages":[],"meta":{}},{"ancestorTitles":["Validation Schemas","forgotPasswordSchema"],"fullName":"Validation Schemas forgotPasswordSchema validates correct email","status":"passed","title":"validates correct email","duration":0.1768409999999676,"failureMessages":[],"meta":{}},{"ancestorTitles":["Validation Schemas","forgotPasswordSchema"],"fullName":"Validation Schemas forgotPasswordSchema rejects invalid email","status":"passed","title":"rejects invalid email","duration":0.23319600000002083,"failureMessages":[],"meta":{}},{"ancestorTitles":["Validation Schemas","forgotPasswordSchema"],"fullName":"Validation Schemas forgotPasswordSchema rejects empty email","status":"passed","title":"rejects empty email","duration":0.25780200000008335,"failureMessages":[],"meta":{}},{"ancestorTitles":["Validation Schemas","resetPasswordSchema"],"fullName":"Validation Schemas resetPasswordSchema validates correct reset data","status":"passed","title":"validates correct reset data","duration":0.20273899999995137,"failureMessages":[],"meta":{}},{"ancestorTitles":["Validation Schemas","resetPasswordSchema"],"fullName":"Validation Schemas resetPasswordSchema rejects weak password","status":"passed","title":"rejects weak password","duration":0.2566399999999476,"failureMessages":[],"meta":{}},{"ancestorTitles":["Validation Schemas","resetPasswordSchema"],"fullName":"Validation Schemas resetPasswordSchema rejects mismatched passwords","status":"passed","title":"rejects mismatched passwords","duration":0.23281499999995958,"failureMessages":[],"meta":{}},{"ancestorTitles":["Validation Schemas","resetPasswordSchema"],"fullName":"Validation Schemas resetPasswordSchema rejects empty token","status":"passed","title":"rejects empty token","duration":0.31866600000000744,"failureMessages":[],"meta":{}},{"ancestorTitles":["Validation Schemas","creditPurchaseSchema"],"fullName":"Validation Schemas creditPurchaseSchema validates correct purchase data","status":"passed","title":"validates correct purchase data","duration":0.3552439999999706,"failureMessages":[],"meta":{}},{"ancestorTitles":["Validation Schemas","creditPurchaseSchema"],"fullName":"Validation Schemas creditPurchaseSchema sets default country to BR","status":"passed","title":"sets default country to BR","duration":0.21825699999999415,"failureMessages":[],"meta":{}},{"ancestorTitles":["Validation Schemas","creditPurchaseSchema"],"fullName":"Validation Schemas creditPurchaseSchema rejects invalid plan ID","status":"passed","title":"rejects invalid plan ID","duration":0.6185970000000225,"failureMessages":[],"meta":{}},{"ancestorTitles":["Validation Schemas","creditPurchaseSchema"],"fullName":"Validation Schemas creditPurchaseSchema rejects invalid CEP format","status":"passed","title":"rejects invalid CEP format","duration":0.2979969999998957,"failureMessages":[],"meta":{}},{"ancestorTitles":["Validation Schemas","otpValidationSchema"],"fullName":"Validation Schemas otpValidationSchema validates correct OTP data","status":"passed","title":"validates correct OTP data","duration":0.32346400000005815,"failureMessages":[],"meta":{}},{"ancestorTitles":["Validation Schemas","otpValidationSchema"],"fullName":"Validation Schemas otpValidationSchema rejects code with wrong length","status":"passed","title":"rejects code with wrong length","duration":0.41281100000003335,"failureMessages":[],"meta":{}},{"ancestorTitles":["Validation Schemas","otpValidationSchema"],"fullName":"Validation Schemas otpValidationSchema rejects non-numeric code","status":"passed","title":"rejects non-numeric code","duration":0.3484409999999798,"failureMessages":[],"meta":{}},{"ancestorTitles":["Validation Schemas","studySessionSchema"],"fullName":"Validation Schemas studySessionSchema validates correct session data","status":"passed","title":"validates correct session data","duration":1.2904829999999947,"failureMessages":[],"meta":{}},{"ancestorTitles":["Validation Schemas","studySessionSchema"],"fullName":"Validation Schemas studySessionSchema sets default achievements array","status":"passed","title":"sets default achievements array","duration":0.2070170000000644,"failureMessages":[],"meta":{}},{"ancestorTitles":["Validation Schemas","studySessionSchema"],"fullName":"Validation Schemas studySessionSchema rejects invalid UUID","status":"passed","title":"rejects invalid UUID","duration":0.29513199999996687,"failureMessages":[],"meta":{}},{"ancestorTitles":["Validation Schemas","studySessionSchema"],"fullName":"Validation Schemas studySessionSchema rejects negative duration","status":"passed","title":"rejects negative duration","duration":0.3386729999999716,"failureMessages":[],"meta":{}},{"ancestorTitles":["Validation Schemas","studySessionSchema"],"fullName":"Validation Schemas studySessionSchema rejects accuracy over 100","status":"passed","title":"rejects accuracy over 100","duration":0.3065229999999701,"failureMessages":[],"meta":{}},{"ancestorTitles":["Validation Schemas","achievementSchema"],"fullName":"Validation Schemas achievementSchema validates correct achievement data","status":"passed","title":"validates correct achievement data","duration":0.2284469999999601,"failureMessages":[],"meta":{}},{"ancestorTitles":["Validation Schemas","achievementSchema"],"fullName":"Validation Schemas achievementSchema rejects invalid category","status":"passed","title":"rejects invalid category","duration":0.3232339999999567,"failureMessages":[],"meta":{}},{"ancestorTitles":["Validation Schemas","achievementSchema"],"fullName":"Validation Schemas achievementSchema rejects negative points","status":"passed","title":"rejects negative points","duration":0.3131950000000643,"failureMessages":[],"meta":{}},{"ancestorTitles":["Validation Schemas","achievementSchema"],"fullName":"Validation Schemas achievementSchema rejects progress over 100","status":"passed","title":"rejects progress over 100","duration":0.2482239999999365,"failureMessages":[],"meta":{}},{"ancestorTitles":["Validation Schemas","analyticsDataSchema"],"fullName":"Validation Schemas analyticsDataSchema validates correct analytics data","status":"passed","title":"validates correct analytics data","duration":0.5266950000000179,"failureMessages":[],"meta":{}},{"ancestorTitles":["Validation Schemas","analyticsDataSchema"],"fullName":"Validation Schemas analyticsDataSchema rejects invalid period","status":"passed","title":"rejects invalid period","duration":0.3141080000000329,"failureMessages":[],"meta":{}},{"ancestorTitles":["Validation Schemas","analyticsDataSchema"],"fullName":"Validation Schemas analyticsDataSchema rejects negative study time","status":"passed","title":"rejects negative study time","duration":0.3039479999999912,"failureMessages":[],"meta":{}},{"ancestorTitles":["Validation Schemas","adminUserSchema"],"fullName":"Validation Schemas adminUserSchema validates correct admin user data","status":"passed","title":"validates correct admin user data","duration":0.5366630000000896,"failureMessages":[],"meta":{}},{"ancestorTitles":["Validation Schemas","adminUserSchema"],"fullName":"Validation Schemas adminUserSchema validates without optional fields","status":"passed","title":"validates without optional fields","duration":0.19431299999996554,"failureMessages":[],"meta":{}},{"ancestorTitles":["Validation Schemas","adminUserSchema"],"fullName":"Validation Schemas adminUserSchema rejects invalid role","status":"passed","title":"rejects invalid role","duration":0.2805349999999862,"failureMessages":[],"meta":{}},{"ancestorTitles":["Validation Schemas","adminUserSchema"],"fullName":"Validation Schemas adminUserSchema rejects invalid email","status":"passed","title":"rejects invalid email","duration":0.4260860000000548,"failureMessages":[],"meta":{}},{"ancestorTitles":["Validation Schemas","systemMetricsSchema"],"fullName":"Validation Schemas systemMetricsSchema validates correct metrics data","status":"passed","title":"validates correct metrics data","duration":0.4041859999999815,"failureMessages":[],"meta":{}},{"ancestorTitles":["Validation Schemas","systemMetricsSchema"],"fullName":"Validation Schemas systemMetricsSchema rejects negative values","status":"passed","title":"rejects negative values","duration":0.3498340000001008,"failureMessages":[],"meta":{}},{"ancestorTitles":["Validation Schemas","systemMetricsSchema"],"fullName":"Validation Schemas systemMetricsSchema rejects conversion rate over 100","status":"passed","title":"rejects conversion rate over 100","duration":0.2685519999999997,"failureMessages":[],"meta":{}},{"ancestorTitles":["Validation Schemas","CPF validation"],"fullName":"Validation Schemas CPF validation validates correctly formatted and valid CPF","status":"passed","title":"validates correctly formatted and valid CPF","duration":0.28992200000004686,"failureMessages":[],"meta":{}},{"ancestorTitles":["Validation Schemas","CPF validation"],"fullName":"Validation Schemas CPF validation rejects obviously invalid CPF patterns","status":"passed","title":"rejects obviously invalid CPF patterns","duration":0.31668200000001434,"failureMessages":[],"meta":{}}],"startTime":1756487652165,"endTime":1756487652188.3167,"status":"passed","message":"","name":"/home/runner/work/Teach-Educa/Teach-Educa/src/__tests__/schemas/validation.test.ts"},{"assertionResults":[{"ancestorTitles":["Security Tests","Input Sanitization"],"fullName":"Security Tests Input Sanitization should sanitize HTML input in chat messages","status":"failed","title":"should sanitize HTML input in chat messages","duration":33.571171000000504,"failureMessages":["ReferenceError: mockLogin is not defined\n    at useAuth (/home/runner/work/Teach-Educa/Teach-Educa/src/__tests__/security/security-validation.test.tsx:420:18)\n    at AIChatInterface (/home/runner/work/Teach-Educa/Teach-Educa/src/components/AIChatInterface.tsx:35:20)\n    at Object.react_stack_bottom_frame (/home/runner/work/Teach-Educa/Teach-Educa/node_modules/react-dom/cjs/react-dom-client.development.js:23863:20)\n    at renderWithHooks (/home/runner/work/Teach-Educa/Teach-Educa/node_modules/react-dom/cjs/react-dom-client.development.js:5529:22)\n    at updateFunctionComponent (/home/runner/work/Teach-Educa/Teach-Educa/node_modules/react-dom/cjs/react-dom-client.development.js:8897:19)\n    at beginWork (/home/runner/work/Teach-Educa/Teach-Educa/node_modules/react-dom/cjs/react-dom-client.development.js:10522:18)\n    at runWithFiberInDEV (/home/runner/work/Teach-Educa/Teach-Educa/node_modules/react-dom/cjs/react-dom-client.development.js:1522:13)\n    at performUnitOfWork (/home/runner/work/Teach-Educa/Teach-Educa/node_modules/react-dom/cjs/react-dom-client.development.js:15140:22)\n    at workLoopSync (/home/runner/work/Teach-Educa/Teach-Educa/node_modules/react-dom/cjs/react-dom-client.development.js:14956:41)\n    at renderRootSync (/home/runner/work/Teach-Educa/Teach-Educa/node_modules/react-dom/cjs/react-dom-client.development.js:14936:11)"],"meta":{}},{"ancestorTitles":["Security Tests","Input Sanitization"],"fullName":"Security Tests Input Sanitization should prevent SQL injection in form inputs","status":"failed","title":"should prevent SQL injection in form inputs","duration":2.884874000000309,"failureMessages":["Error: Element type is invalid: expected a string (for built-in components) or a class/function (for composite components) but got: undefined. You likely forgot to export your component from the file it's defined in, or you might have mixed up default and named imports.\n    at createFiberFromTypeAndProps (/home/runner/work/Teach-Educa/Teach-Educa/node_modules/react-dom/cjs/react-dom-client.development.js:4259:28)\n    at createFiberFromElement (/home/runner/work/Teach-Educa/Teach-Educa/node_modules/react-dom/cjs/react-dom-client.development.js:4273:14)\n    at reconcileChildFibersImpl (/home/runner/work/Teach-Educa/Teach-Educa/node_modules/react-dom/cjs/react-dom-client.development.js:7879:31)\n    at /home/runner/work/Teach-Educa/Teach-Educa/node_modules/react-dom/cjs/react-dom-client.development.js:8057:33\n    at reconcileChildren (/home/runner/work/Teach-Educa/Teach-Educa/node_modules/react-dom/cjs/react-dom-client.development.js:8622:13)\n    at beginWork (/home/runner/work/Teach-Educa/Teach-Educa/node_modules/react-dom/cjs/react-dom-client.development.js:10643:15)\n    at runWithFiberInDEV (/home/runner/work/Teach-Educa/Teach-Educa/node_modules/react-dom/cjs/react-dom-client.development.js:1522:13)\n    at performUnitOfWork (/home/runner/work/Teach-Educa/Teach-Educa/node_modules/react-dom/cjs/react-dom-client.development.js:15140:22)\n    at workLoopSync (/home/runner/work/Teach-Educa/Teach-Educa/node_modules/react-dom/cjs/react-dom-client.development.js:14956:41)\n    at renderRootSync (/home/runner/work/Teach-Educa/Teach-Educa/node_modules/react-dom/cjs/react-dom-client.development.js:14936:11)"],"meta":{}},{"ancestorTitles":["Security Tests","Input Sanitization"],"fullName":"Security Tests Input Sanitization should validate and sanitize file uploads","status":"passed","title":"should validate and sanitize file uploads","duration":113.872523,"failureMessages":[],"meta":{}},{"ancestorTitles":["Security Tests","XSS Prevention"],"fullName":"Security Tests XSS Prevention should prevent stored XSS in user content","status":"failed","title":"should prevent stored XSS in user content","duration":12.603974999999991,"failureMessages":["AssertionError: expected '<div>fetch(\"/api/steal-data\", {method' not to contain 'onerror'\n    at /home/runner/work/Teach-Educa/Teach-Educa/src/__tests__/security/security-validation.test.tsx:219:42\n    at file:///home/runner/work/Teach-Educa/Teach-Educa/node_modules/@vitest/runner/dist/chunk-hooks.js:155:11\n    at file:///home/runner/work/Teach-Educa/Teach-Educa/node_modules/@vitest/runner/dist/chunk-hooks.js:752:26\n    at file:///home/runner/work/Teach-Educa/Teach-Educa/node_modules/@vitest/runner/dist/chunk-hooks.js:1897:20\n    at new Promise (<anonymous>)\n    at runWithTimeout (file:///home/runner/work/Teach-Educa/Teach-Educa/node_modules/@vitest/runner/dist/chunk-hooks.js:1863:10)\n    at runTest (file:///home/runner/work/Teach-Educa/Teach-Educa/node_modules/@vitest/runner/dist/chunk-hooks.js:1574:12)\n    at runSuite (file:///home/runner/work/Teach-Educa/Teach-Educa/node_modules/@vitest/runner/dist/chunk-hooks.js:1729:8)\n    at runSuite (file:///home/runner/work/Teach-Educa/Teach-Educa/node_modules/@vitest/runner/dist/chunk-hooks.js:1729:8)\n    at runSuite (file:///home/runner/work/Teach-Educa/Teach-Educa/node_modules/@vitest/runner/dist/chunk-hooks.js:1729:8)"],"meta":{}},{"ancestorTitles":["Security Tests","XSS Prevention"],"fullName":"Security Tests XSS Prevention should prevent DOM-based XSS from URL parameters","status":"passed","title":"should prevent DOM-based XSS from URL parameters","duration":2.528497000000243,"failureMessages":[],"meta":{}},{"ancestorTitles":["Security Tests","XSS Prevention"],"fullName":"Security Tests XSS Prevention should implement Content Security Policy violations detection","status":"failed","title":"should implement Content Security Policy violations detection","duration":3.7089850000002116,"failureMessages":["Error: \u001b[2mexpect(\u001b[22m\u001b[31melement\u001b[39m\u001b[2m).toHaveTextContent()\u001b[22m\n\nExpected element to have text content:\n\u001b[32m  1 violations\u001b[39m\nReceived:\n\u001b[31m  0 violations\u001b[39m\n    at Proxy.expectWrapper (file:///home/runner/work/Teach-Educa/Teach-Educa/node_modules/@vitest/expect/dist/index.js:1745:12)\n    at Proxy.<anonymous> (file:///home/runner/work/Teach-Educa/Teach-Educa/node_modules/@vitest/expect/dist/index.js:1029:14)\n    at Proxy.methodWrapper (file:///home/runner/work/Teach-Educa/Teach-Educa/node_modules/chai/index.js:1686:25)\n    at /home/runner/work/Teach-Educa/Teach-Educa/src/__tests__/security/security-validation.test.tsx:296:10\n    at file:///home/runner/work/Teach-Educa/Teach-Educa/node_modules/@vitest/runner/dist/chunk-hooks.js:155:11\n    at file:///home/runner/work/Teach-Educa/Teach-Educa/node_modules/@vitest/runner/dist/chunk-hooks.js:752:26\n    at file:///home/runner/work/Teach-Educa/Teach-Educa/node_modules/@vitest/runner/dist/chunk-hooks.js:1897:20\n    at new Promise (<anonymous>)\n    at runWithTimeout (file:///home/runner/work/Teach-Educa/Teach-Educa/node_modules/@vitest/runner/dist/chunk-hooks.js:1863:10)\n    at runTest (file:///home/runner/work/Teach-Educa/Teach-Educa/node_modules/@vitest/runner/dist/chunk-hooks.js:1574:12)"],"meta":{}},{"ancestorTitles":["Security Tests","Authentication Security"],"fullName":"Security Tests Authentication Security should implement secure session management","status":"passed","title":"should implement secure session management","duration":3.2376830000002883,"failureMessages":[],"meta":{}},{"ancestorTitles":["Security Tests","Authentication Security"],"fullName":"Security Tests Authentication Security should prevent session fixation attacks","status":"failed","title":"should prevent session fixation attacks","duration":1.4996639999999388,"failureMessages":["Error: Element type is invalid: expected a string (for built-in components) or a class/function (for composite components) but got: undefined. You likely forgot to export your component from the file it's defined in, or you might have mixed up default and named imports.\n    at createFiberFromTypeAndProps (/home/runner/work/Teach-Educa/Teach-Educa/node_modules/react-dom/cjs/react-dom-client.development.js:4259:28)\n    at createFiberFromElement (/home/runner/work/Teach-Educa/Teach-Educa/node_modules/react-dom/cjs/react-dom-client.development.js:4273:14)\n    at reconcileChildFibersImpl (/home/runner/work/Teach-Educa/Teach-Educa/node_modules/react-dom/cjs/react-dom-client.development.js:7879:31)\n    at /home/runner/work/Teach-Educa/Teach-Educa/node_modules/react-dom/cjs/react-dom-client.development.js:8057:33\n    at reconcileChildren (/home/runner/work/Teach-Educa/Teach-Educa/node_modules/react-dom/cjs/react-dom-client.development.js:8622:13)\n    at beginWork (/home/runner/work/Teach-Educa/Teach-Educa/node_modules/react-dom/cjs/react-dom-client.development.js:10643:15)\n    at runWithFiberInDEV (/home/runner/work/Teach-Educa/Teach-Educa/node_modules/react-dom/cjs/react-dom-client.development.js:1522:13)\n    at performUnitOfWork (/home/runner/work/Teach-Educa/Teach-Educa/node_modules/react-dom/cjs/react-dom-client.development.js:15140:22)\n    at workLoopSync (/home/runner/work/Teach-Educa/Teach-Educa/node_modules/react-dom/cjs/react-dom-client.development.js:14956:41)\n    at renderRootSync (/home/runner/work/Teach-Educa/Teach-Educa/node_modules/react-dom/cjs/react-dom-client.development.js:14936:11)"],"meta":{}},{"ancestorTitles":["Security Tests","Authentication Security"],"fullName":"Security Tests Authentication Security should implement rate limiting for login attempts","status":"failed","title":"should implement rate limiting for login attempts","duration":5.7379399999999805,"failureMessages":["Error: Element type is invalid: expected a string (for built-in components) or a class/function (for composite components) but got: undefined. You likely forgot to export your component from the file it's defined in, or you might have mixed up default and named imports.\n    at createFiberFromTypeAndProps (/home/runner/work/Teach-Educa/Teach-Educa/node_modules/react-dom/cjs/react-dom-client.development.js:4259:28)\n    at createFiberFromElement (/home/runner/work/Teach-Educa/Teach-Educa/node_modules/react-dom/cjs/react-dom-client.development.js:4273:14)\n    at reconcileChildFibersImpl (/home/runner/work/Teach-Educa/Teach-Educa/node_modules/react-dom/cjs/react-dom-client.development.js:7879:31)\n    at /home/runner/work/Teach-Educa/Teach-Educa/node_modules/react-dom/cjs/react-dom-client.development.js:8057:33\n    at reconcileChildren (/home/runner/work/Teach-Educa/Teach-Educa/node_modules/react-dom/cjs/react-dom-client.development.js:8622:13)\n    at beginWork (/home/runner/work/Teach-Educa/Teach-Educa/node_modules/react-dom/cjs/react-dom-client.development.js:10643:15)\n    at runWithFiberInDEV (/home/runner/work/Teach-Educa/Teach-Educa/node_modules/react-dom/cjs/react-dom-client.development.js:1522:13)\n    at performUnitOfWork (/home/runner/work/Teach-Educa/Teach-Educa/node_modules/react-dom/cjs/react-dom-client.development.js:15140:22)\n    at workLoopSync (/home/runner/work/Teach-Educa/Teach-Educa/node_modules/react-dom/cjs/react-dom-client.development.js:14956:41)\n    at renderRootSync (/home/runner/work/Teach-Educa/Teach-Educa/node_modules/react-dom/cjs/react-dom-client.development.js:14936:11)"],"meta":{}},{"ancestorTitles":["Security Tests","Payment Security"],"fullName":"Security Tests Payment Security should validate payment data integrity","status":"failed","title":"should validate payment data integrity","duration":1.372497000000294,"failureMessages":["Error: Element type is invalid: expected a string (for built-in components) or a class/function (for composite components) but got: undefined. You likely forgot to export your component from the file it's defined in, or you might have mixed up default and named imports.\n    at createFiberFromTypeAndProps (/home/runner/work/Teach-Educa/Teach-Educa/node_modules/react-dom/cjs/react-dom-client.development.js:4259:28)\n    at createFiberFromElement (/home/runner/work/Teach-Educa/Teach-Educa/node_modules/react-dom/cjs/react-dom-client.development.js:4273:14)\n    at reconcileChildFibersImpl (/home/runner/work/Teach-Educa/Teach-Educa/node_modules/react-dom/cjs/react-dom-client.development.js:7879:31)\n    at /home/runner/work/Teach-Educa/Teach-Educa/node_modules/react-dom/cjs/react-dom-client.development.js:8057:33\n    at reconcileChildren (/home/runner/work/Teach-Educa/Teach-Educa/node_modules/react-dom/cjs/react-dom-client.development.js:8622:13)\n    at beginWork (/home/runner/work/Teach-Educa/Teach-Educa/node_modules/react-dom/cjs/react-dom-client.development.js:10643:15)\n    at runWithFiberInDEV (/home/runner/work/Teach-Educa/Teach-Educa/node_modules/react-dom/cjs/react-dom-client.development.js:1522:13)\n    at performUnitOfWork (/home/runner/work/Teach-Educa/Teach-Educa/node_modules/react-dom/cjs/react-dom-client.development.js:15140:22)\n    at workLoopSync (/home/runner/work/Teach-Educa/Teach-Educa/node_modules/react-dom/cjs/react-dom-client.development.js:14956:41)\n    at renderRootSync (/home/runner/work/Teach-Educa/Teach-Educa/node_modules/react-dom/cjs/react-dom-client.development.js:14936:11)"],"meta":{}},{"ancestorTitles":["Security Tests","Payment Security"],"fullName":"Security Tests Payment Security should implement secure payment tokenization","status":"failed","title":"should implement secure payment tokenization","duration":2.8812970000008136,"failureMessages":["ReferenceError: user is not defined\n    at /home/runner/work/Teach-Educa/Teach-Educa/src/__tests__/security/security-validation.test.tsx:548:7\n    at file:///home/runner/work/Teach-Educa/Teach-Educa/node_modules/@vitest/runner/dist/chunk-hooks.js:155:11\n    at file:///home/runner/work/Teach-Educa/Teach-Educa/node_modules/@vitest/runner/dist/chunk-hooks.js:752:26\n    at file:///home/runner/work/Teach-Educa/Teach-Educa/node_modules/@vitest/runner/dist/chunk-hooks.js:1897:20\n    at new Promise (<anonymous>)\n    at runWithTimeout (file:///home/runner/work/Teach-Educa/Teach-Educa/node_modules/@vitest/runner/dist/chunk-hooks.js:1863:10)\n    at runTest (file:///home/runner/work/Teach-Educa/Teach-Educa/node_modules/@vitest/runner/dist/chunk-hooks.js:1574:12)\n    at runSuite (file:///home/runner/work/Teach-Educa/Teach-Educa/node_modules/@vitest/runner/dist/chunk-hooks.js:1729:8)\n    at runSuite (file:///home/runner/work/Teach-Educa/Teach-Educa/node_modules/@vitest/runner/dist/chunk-hooks.js:1729:8)\n    at runSuite (file:///home/runner/work/Teach-Educa/Teach-Educa/node_modules/@vitest/runner/dist/chunk-hooks.js:1729:8)"],"meta":{}},{"ancestorTitles":["Security Tests","Payment Security"],"fullName":"Security Tests Payment Security should prevent payment replay attacks","status":"passed","title":"should prevent payment replay attacks","duration":29.5094739999995,"failureMessages":[],"meta":{}},{"ancestorTitles":["Security Tests","Data Protection"],"fullName":"Security Tests Data Protection should implement secure data transmission","status":"failed","title":"should implement secure data transmission","duration":8.517495000000054,"failureMessages":["TestingLibraryElementError: Unable to find an element by: [data-testid=\"secure-connection\"]\n\nIgnored nodes: comments, script, style\n\u001b[36m<body>\u001b[39m\n  \u001b[36m<div>\u001b[39m\n    \u001b[36m<div>\u001b[39m\n      \u001b[36m<div\u001b[39m\n        \u001b[33mdata-testid\u001b[39m=\u001b[32m\"insecure-warning\"\u001b[39m\n      \u001b[36m>\u001b[39m\n        \u001b[0mInsecure connection detected. Please use HTTPS.\u001b[0m\n      \u001b[36m</div>\u001b[39m\n    \u001b[36m</div>\u001b[39m\n  \u001b[36m</div>\u001b[39m\n\u001b[36m</body>\u001b[39m\n    at Object.getElementError (/home/runner/work/Teach-Educa/Teach-Educa/node_modules/@testing-library/dom/dist/config.js:37:19)\n    at /home/runner/work/Teach-Educa/Teach-Educa/node_modules/@testing-library/dom/dist/query-helpers.js:76:38\n    at /home/runner/work/Teach-Educa/Teach-Educa/node_modules/@testing-library/dom/dist/query-helpers.js:52:17\n    at /home/runner/work/Teach-Educa/Teach-Educa/node_modules/@testing-library/dom/dist/query-helpers.js:95:19\n    at /home/runner/work/Teach-Educa/Teach-Educa/src/__tests__/security/security-validation.test.tsx:649:21\n    at file:///home/runner/work/Teach-Educa/Teach-Educa/node_modules/@vitest/runner/dist/chunk-hooks.js:155:11\n    at file:///home/runner/work/Teach-Educa/Teach-Educa/node_modules/@vitest/runner/dist/chunk-hooks.js:752:26\n    at file:///home/runner/work/Teach-Educa/Teach-Educa/node_modules/@vitest/runner/dist/chunk-hooks.js:1897:20\n    at new Promise (<anonymous>)\n    at runWithTimeout (file:///home/runner/work/Teach-Educa/Teach-Educa/node_modules/@vitest/runner/dist/chunk-hooks.js:1863:10)"],"meta":{}},{"ancestorTitles":["Security Tests","Data Protection"],"fullName":"Security Tests Data Protection should implement data minimization","status":"failed","title":"should implement data minimization","duration":3.4614819999997053,"failureMessages":["ReferenceError: user is not defined\n    at /home/runner/work/Teach-Educa/Teach-Educa/src/__tests__/security/security-validation.test.tsx:700:7\n    at file:///home/runner/work/Teach-Educa/Teach-Educa/node_modules/@vitest/runner/dist/chunk-hooks.js:155:11\n    at file:///home/runner/work/Teach-Educa/Teach-Educa/node_modules/@vitest/runner/dist/chunk-hooks.js:752:26\n    at file:///home/runner/work/Teach-Educa/Teach-Educa/node_modules/@vitest/runner/dist/chunk-hooks.js:1897:20\n    at new Promise (<anonymous>)\n    at runWithTimeout (file:///home/runner/work/Teach-Educa/Teach-Educa/node_modules/@vitest/runner/dist/chunk-hooks.js:1863:10)\n    at runTest (file:///home/runner/work/Teach-Educa/Teach-Educa/node_modules/@vitest/runner/dist/chunk-hooks.js:1574:12)\n    at runSuite (file:///home/runner/work/Teach-Educa/Teach-Educa/node_modules/@vitest/runner/dist/chunk-hooks.js:1729:8)\n    at runSuite (file:///home/runner/work/Teach-Educa/Teach-Educa/node_modules/@vitest/runner/dist/chunk-hooks.js:1729:8)\n    at runSuite (file:///home/runner/work/Teach-Educa/Teach-Educa/node_modules/@vitest/runner/dist/chunk-hooks.js:1729:8)"],"meta":{}},{"ancestorTitles":["Security Tests","Data Protection"],"fullName":"Security Tests Data Protection should implement proper data retention policies","status":"passed","title":"should implement proper data retention policies","duration":2.1039739999996527,"failureMessages":[],"meta":{}}],"startTime":1756487640965,"endTime":1756487641193.104,"status":"failed","message":"","name":"/home/runner/work/Teach-Educa/Teach-Educa/src/__tests__/security/security-validation.test.tsx"},{"assertionResults":[{"ancestorTitles":["AIService","AVAILABLE_ASSISTANTS"],"fullName":"AIService AVAILABLE_ASSISTANTS has correct number of assistants","status":"passed","title":"has correct number of assistants","duration":3.6910800000000563,"failureMessages":[],"meta":{}},{"ancestorTitles":["AIService","AVAILABLE_ASSISTANTS"],"fullName":"AIService AVAILABLE_ASSISTANTS all assistants have required properties","status":"passed","title":"all assistants have required properties","duration":3.9246669999999995,"failureMessages":[],"meta":{}},{"ancestorTitles":["AIService","AVAILABLE_ASSISTANTS"],"fullName":"AIService AVAILABLE_ASSISTANTS has unique assistant IDs","status":"passed","title":"has unique assistant IDs","duration":0.2749339999999165,"failureMessages":[],"meta":{}},{"ancestorTitles":["AIService","getAssistant"],"fullName":"AIService getAssistant returns assistant by ID","status":"passed","title":"returns assistant by ID","duration":0.4288020000000188,"failureMessages":[],"meta":{}},{"ancestorTitles":["AIService","getAssistant"],"fullName":"AIService getAssistant returns undefined for non-existent assistant","status":"passed","title":"returns undefined for non-existent assistant","duration":0.30569200000002184,"failureMessages":[],"meta":{}},{"ancestorTitles":["AIService","getAvailableAssistants"],"fullName":"AIService getAvailableAssistants returns all available assistants","status":"passed","title":"returns all available assistants","duration":1.1136430000000246,"failureMessages":[],"meta":{}},{"ancestorTitles":["AIService","startConversation"],"fullName":"AIService startConversation starts conversation with valid assistant","status":"passed","title":"starts conversation with valid assistant","duration":0.6560560000000351,"failureMessages":[],"meta":{}},{"ancestorTitles":["AIService","startConversation"],"fullName":"AIService startConversation starts conversation with initial message","status":"passed","title":"starts conversation with initial message","duration":1.4950450000000046,"failureMessages":[],"meta":{}},{"ancestorTitles":["AIService","startConversation"],"fullName":"AIService startConversation throws error for invalid assistant","status":"passed","title":"throws error for invalid assistant","duration":2.2471010000000433,"failureMessages":[],"meta":{}},{"ancestorTitles":["AIService","startConversation"],"fullName":"AIService startConversation uses fallback when API fails","status":"passed","title":"uses fallback when API fails","duration":14.592681000000084,"failureMessages":[],"meta":{}},{"ancestorTitles":["AIService","sendMessage"],"fullName":"AIService sendMessage sends message and receives response","status":"passed","title":"sends message and receives response","duration":0.7193149999999378,"failureMessages":[],"meta":{}},{"ancestorTitles":["AIService","sendMessage"],"fullName":"AIService sendMessage throws error for invalid assistant","status":"passed","title":"throws error for invalid assistant","duration":0.3989250000000766,"failureMessages":[],"meta":{}},{"ancestorTitles":["AIService","sendMessage"],"fullName":"AIService sendMessage updates conversation history","status":"passed","title":"updates conversation history","duration":0.8468129999999974,"failureMessages":[],"meta":{}},{"ancestorTitles":["AIService","sendMessage"],"fullName":"AIService sendMessage falls back when API is not available","status":"passed","title":"falls back when API is not available","duration":0.3738989999999376,"failureMessages":[],"meta":{}},{"ancestorTitles":["AIService","generateContent"],"fullName":"AIService generateContent generates lesson content for Algebra","status":"passed","title":"generates lesson content for Algebra","duration":0.6590120000000752,"failureMessages":[],"meta":{}},{"ancestorTitles":["AIService","generateContent"],"fullName":"AIService generateContent generates exercise content for Physics","status":"passed","title":"generates exercise content for Physics","duration":0.2518809999999121,"failureMessages":[],"meta":{}},{"ancestorTitles":["AIService","generateContent"],"fullName":"AIService generateContent generates summary content for History","status":"passed","title":"generates summary content for History","duration":0.26509599999997135,"failureMessages":[],"meta":{}},{"ancestorTitles":["AIService","generateContent"],"fullName":"AIService generateContent generates quiz content for Chemistry","status":"passed","title":"generates quiz content for Chemistry","duration":0.23012099999994007,"failureMessages":[],"meta":{}},{"ancestorTitles":["AIService","generateContent"],"fullName":"AIService generateContent generates content with specific assistant","status":"passed","title":"generates content with specific assistant","duration":0.2569310000000087,"failureMessages":[],"meta":{}},{"ancestorTitles":["AIService","generateContent"],"fullName":"AIService generateContent falls back when API fails","status":"passed","title":"falls back when API fails","duration":1.166590000000042,"failureMessages":[],"meta":{}},{"ancestorTitles":["AIService","generateContent"],"fullName":"AIService generateContent generates different fallback content for each type","status":"passed","title":"generates different fallback content for each type","duration":2.4115279999999757,"failureMessages":[],"meta":{}},{"ancestorTitles":["AIService","analyzeProgress"],"fullName":"AIService analyzeProgress analyzes user progress with default values","status":"passed","title":"analyzes user progress with default values","duration":4.923978000000034,"failureMessages":[],"meta":{}},{"ancestorTitles":["AIService","analyzeProgress"],"fullName":"AIService analyzeProgress analyzes progress with conversation history","status":"passed","title":"analyzes progress with conversation history","duration":0.5306620000000066,"failureMessages":[],"meta":{}},{"ancestorTitles":["AIService","calculateCreditCost"],"fullName":"AIService calculateCreditCost calculates cost for chat with specific assistant","status":"passed","title":"calculates cost for chat with specific assistant","duration":0.3334030000000894,"failureMessages":[],"meta":{}},{"ancestorTitles":["AIService","calculateCreditCost"],"fullName":"AIService calculateCreditCost calculates base cost for operations without assistant","status":"passed","title":"calculates base cost for operations without assistant","duration":0.2606180000000222,"failureMessages":[],"meta":{}},{"ancestorTitles":["AIService","calculateCreditCost"],"fullName":"AIService calculateCreditCost returns default cost for unknown assistant","status":"passed","title":"returns default cost for unknown assistant","duration":0.17372499999999036,"failureMessages":[],"meta":{}},{"ancestorTitles":["AIService","getConversationHistory"],"fullName":"AIService getConversationHistory returns empty array for new conversation","status":"passed","title":"returns empty array for new conversation","duration":0.3352869999999939,"failureMessages":[],"meta":{}},{"ancestorTitles":["AIService","getConversationHistory"],"fullName":"AIService getConversationHistory returns conversation history after messages","status":"passed","title":"returns conversation history after messages","duration":0.48036899999999605,"failureMessages":[],"meta":{}},{"ancestorTitles":["AIService","getConversationHistory"],"fullName":"AIService getConversationHistory filters out system messages","status":"passed","title":"filters out system messages","duration":0.32475799999997434,"failureMessages":[],"meta":{}},{"ancestorTitles":["AIService","clearConversationHistory"],"fullName":"AIService clearConversationHistory clears conversation history","status":"passed","title":"clears conversation history","duration":0.849599000000012,"failureMessages":[],"meta":{}},{"ancestorTitles":["AIService","learning profile management"],"fullName":"AIService learning profile management creates default profile for new users","status":"passed","title":"creates default profile for new users","duration":0.2685220000000754,"failureMessages":[],"meta":{}},{"ancestorTitles":["AIService","learning profile management"],"fullName":"AIService learning profile management updates learning profile after interactions","status":"passed","title":"updates learning profile after interactions","duration":0.45987000000002354,"failureMessages":[],"meta":{}},{"ancestorTitles":["AIService","adaptive prompting"],"fullName":"AIService adaptive prompting builds different prompts for different learning styles","status":"passed","title":"builds different prompts for different learning styles","duration":0.2967150000000629,"failureMessages":[],"meta":{}},{"ancestorTitles":["AIService","adaptive prompting"],"fullName":"AIService adaptive prompting analyzes conversation patterns","status":"passed","title":"analyzes conversation patterns","duration":0.3588710000000219,"failureMessages":[],"meta":{}},{"ancestorTitles":["AIService","error handling"],"fullName":"AIService error handling handles API errors gracefully","status":"passed","title":"handles API errors gracefully","duration":0.9993379999999661,"failureMessages":[],"meta":{}},{"ancestorTitles":["AIService","error handling"],"fullName":"AIService error handling logs errors to console","status":"passed","title":"logs errors to console","duration":3.171167999999966,"failureMessages":[],"meta":{}},{"ancestorTitles":["AIService","aiAPI endpoints"],"fullName":"AIService aiAPI endpoints chat endpoint calls aiService.sendMessage","status":"passed","title":"chat endpoint calls aiService.sendMessage","duration":0.3746210000000474,"failureMessages":[],"meta":{}},{"ancestorTitles":["AIService","aiAPI endpoints"],"fullName":"AIService aiAPI endpoints generateContent endpoint calls aiService.generateContent","status":"passed","title":"generateContent endpoint calls aiService.generateContent","duration":0.28056500000002416,"failureMessages":[],"meta":{}},{"ancestorTitles":["AIService","aiAPI endpoints"],"fullName":"AIService aiAPI endpoints getAssistants endpoint returns available assistants","status":"passed","title":"getAssistants endpoint returns available assistants","duration":0.2912139999999681,"failureMessages":[],"meta":{}},{"ancestorTitles":["AIService","aiAPI endpoints"],"fullName":"AIService aiAPI endpoints analyzeProgress endpoint calls aiService.analyzeProgress","status":"passed","title":"analyzeProgress endpoint calls aiService.analyzeProgress","duration":0.34351200000003246,"failureMessages":[],"meta":{}},{"ancestorTitles":["AIService","message metadata"],"fullName":"AIService message metadata includes metadata in assistant responses","status":"passed","title":"includes metadata in assistant responses","duration":0.47270400000002155,"failureMessages":[],"meta":{}},{"ancestorTitles":["AIService","message metadata"],"fullName":"AIService message metadata generates unique message IDs","status":"passed","title":"generates unique message IDs","duration":0.7884139999999888,"failureMessages":[],"meta":{}},{"ancestorTitles":["AIService","message metadata"],"fullName":"AIService message metadata includes timestamps","status":"passed","title":"includes timestamps","duration":0.34925299999997605,"failureMessages":[],"meta":{}}],"startTime":1756487651029,"endTime":1756487651083.3494,"status":"passed","message":"","name":"/home/runner/work/Teach-Educa/Teach-Educa/src/__tests__/services/aiService.test.ts"},{"assertionResults":[{"ancestorTitles":["AnalyticsService","getAnalytics"],"fullName":"AnalyticsService getAnalytics fetches analytics data successfully","status":"passed","title":"fetches analytics data successfully","duration":3.3680970000000343,"failureMessages":[],"meta":{}},{"ancestorTitles":["AnalyticsService","getAnalytics"],"fullName":"AnalyticsService getAnalytics throws error when API response is not ok","status":"passed","title":"throws error when API response is not ok","duration":7.687993000000006,"failureMessages":[],"meta":{}},{"ancestorTitles":["AnalyticsService","getAnalytics"],"fullName":"AnalyticsService getAnalytics throws error when fetch fails","status":"passed","title":"throws error when fetch fails","duration":3.858263000000079,"failureMessages":[],"meta":{}},{"ancestorTitles":["AnalyticsService","getAnalytics"],"fullName":"AnalyticsService getAnalytics logs error to console when fetch fails","status":"passed","title":"logs error to console when fetch fails","duration":2.325678000000039,"failureMessages":[],"meta":{}},{"ancestorTitles":["AnalyticsService","logStudySession"],"fullName":"AnalyticsService logStudySession logs study session successfully","status":"passed","title":"logs study session successfully","duration":0.8494680000000017,"failureMessages":[],"meta":{}},{"ancestorTitles":["AnalyticsService","logStudySession"],"fullName":"AnalyticsService logStudySession throws error when API response is not ok","status":"passed","title":"throws error when API response is not ok","duration":0.5703259999999091,"failureMessages":[],"meta":{}},{"ancestorTitles":["AnalyticsService","logStudySession"],"fullName":"AnalyticsService logStudySession handles network errors","status":"passed","title":"handles network errors","duration":0.68262500000003,"failureMessages":[],"meta":{}},{"ancestorTitles":["AnalyticsService","unlockAchievement"],"fullName":"AnalyticsService unlockAchievement unlocks achievement successfully","status":"passed","title":"unlocks achievement successfully","duration":0.3740090000000009,"failureMessages":[],"meta":{}},{"ancestorTitles":["AnalyticsService","unlockAchievement"],"fullName":"AnalyticsService unlockAchievement throws error when unlock fails","status":"passed","title":"throws error when unlock fails","duration":0.5156240000000025,"failureMessages":[],"meta":{}},{"ancestorTitles":["AnalyticsService","getLeaderboard"],"fullName":"AnalyticsService getLeaderboard fetches leaderboard with default limit","status":"passed","title":"fetches leaderboard with default limit","duration":0.37397900000007667,"failureMessages":[],"meta":{}},{"ancestorTitles":["AnalyticsService","getLeaderboard"],"fullName":"AnalyticsService getLeaderboard fetches leaderboard with custom limit","status":"passed","title":"fetches leaderboard with custom limit","duration":0.5879390000000058,"failureMessages":[],"meta":{}},{"ancestorTitles":["AnalyticsService","getLeaderboard"],"fullName":"AnalyticsService getLeaderboard throws error when fetch fails","status":"passed","title":"throws error when fetch fails","duration":0.5304510000000846,"failureMessages":[],"meta":{}},{"ancestorTitles":["AnalyticsService","generateWeeklyReport"],"fullName":"AnalyticsService generateWeeklyReport generates weekly report successfully","status":"passed","title":"generates weekly report successfully","duration":0.3236650000000054,"failureMessages":[],"meta":{}},{"ancestorTitles":["AnalyticsService","generateWeeklyReport"],"fullName":"AnalyticsService generateWeeklyReport throws error when generation fails","status":"passed","title":"throws error when generation fails","duration":0.5287980000000516,"failureMessages":[],"meta":{}},{"ancestorTitles":["AnalyticsService","updateProgress"],"fullName":"AnalyticsService updateProgress updates progress successfully","status":"passed","title":"updates progress successfully","duration":0.3420489999999745,"failureMessages":[],"meta":{}},{"ancestorTitles":["AnalyticsService","updateProgress"],"fullName":"AnalyticsService updateProgress throws error when update fails","status":"passed","title":"throws error when update fails","duration":0.5236490000000913,"failureMessages":[],"meta":{}},{"ancestorTitles":["AnalyticsService","checkAchievements"],"fullName":"AnalyticsService checkAchievements checks achievements successfully","status":"passed","title":"checks achievements successfully","duration":0.31411800000000767,"failureMessages":[],"meta":{}},{"ancestorTitles":["AnalyticsService","checkAchievements"],"fullName":"AnalyticsService checkAchievements throws error when check fails","status":"passed","title":"throws error when check fails","duration":0.5149629999999661,"failureMessages":[],"meta":{}},{"ancestorTitles":["AnalyticsService","getUserRank"],"fullName":"AnalyticsService getUserRank gets user rank successfully","status":"passed","title":"gets user rank successfully","duration":0.3123839999999518,"failureMessages":[],"meta":{}},{"ancestorTitles":["AnalyticsService","getUserRank"],"fullName":"AnalyticsService getUserRank throws error when rank fetch fails","status":"passed","title":"throws error when rank fetch fails","duration":0.4884630000000243,"failureMessages":[],"meta":{}},{"ancestorTitles":["AnalyticsService","submitScore"],"fullName":"AnalyticsService submitScore submits score successfully","status":"passed","title":"submits score successfully","duration":0.6757839999999078,"failureMessages":[],"meta":{}},{"ancestorTitles":["AnalyticsService","submitScore"],"fullName":"AnalyticsService submitScore throws error when score submission fails","status":"passed","title":"throws error when score submission fails","duration":0.5457999999999856,"failureMessages":[],"meta":{}},{"ancestorTitles":["AnalyticsService","submitScore"],"fullName":"AnalyticsService submitScore includes timestamp in score submission","status":"passed","title":"includes timestamp in score submission","duration":0.3424600000000737,"failureMessages":[],"meta":{}},{"ancestorTitles":["AnalyticsService","error handling and logging"],"fullName":"AnalyticsService error handling and logging logs errors consistently across all methods","status":"passed","title":"logs errors consistently across all methods","duration":0.6023959999999988,"failureMessages":[],"meta":{}},{"ancestorTitles":["AnalyticsService","service instantiation"],"fullName":"AnalyticsService service instantiation creates service instance correctly","status":"passed","title":"creates service instance correctly","duration":0.24930600000004688,"failureMessages":[],"meta":{}},{"ancestorTitles":["AnalyticsService","service instantiation"],"fullName":"AnalyticsService service instantiation can create new service instances","status":"passed","title":"can create new service instances","duration":0.5102540000000317,"failureMessages":[],"meta":{}},{"ancestorTitles":["AnalyticsService","API endpoint construction"],"fullName":"AnalyticsService API endpoint construction constructs correct URLs for all endpoints","status":"passed","title":"constructs correct URLs for all endpoints","duration":0.5017779999999448,"failureMessages":[],"meta":{}}],"startTime":1756487651908,"endTime":1756487651937.5103,"status":"passed","message":"","name":"/home/runner/work/Teach-Educa/Teach-Educa/src/__tests__/services/analyticsService.test.ts"},{"assertionResults":[{"ancestorTitles":["CreditApiService","getBalance"],"fullName":"CreditApiService getBalance returns current credit balance successfully","status":"passed","title":"returns current credit balance successfully","duration":4.449909000000048,"failureMessages":[],"meta":{}},{"ancestorTitles":["CreditApiService","getBalance"],"fullName":"CreditApiService getBalance returns data with correct structure","status":"passed","title":"returns data with correct structure","duration":0.5985890000000609,"failureMessages":[],"meta":{}},{"ancestorTitles":["CreditApiService","consumeCredits"],"fullName":"CreditApiService consumeCredits consumes credits successfully","status":"passed","title":"consumes credits successfully","duration":0.6676690000000463,"failureMessages":[],"meta":{}},{"ancestorTitles":["CreditApiService","consumeCredits"],"fullName":"CreditApiService consumeCredits handles insufficient credits","status":"passed","title":"handles insufficient credits","duration":0.4477869999999484,"failureMessages":[],"meta":{}},{"ancestorTitles":["CreditApiService","consumeCredits"],"fullName":"CreditApiService consumeCredits generates valid transaction ID","status":"passed","title":"generates valid transaction ID","duration":0.3805419999999913,"failureMessages":[],"meta":{}},{"ancestorTitles":["CreditApiService","createPaymentIntent"],"fullName":"CreditApiService createPaymentIntent creates payment intent for valid plan","status":"passed","title":"creates payment intent for valid plan","duration":0.5079499999999371,"failureMessages":[],"meta":{}},{"ancestorTitles":["CreditApiService","createPaymentIntent"],"fullName":"CreditApiService createPaymentIntent handles invalid plan ID","status":"passed","title":"handles invalid plan ID","duration":0.30807599999991453,"failureMessages":[],"meta":{}},{"ancestorTitles":["CreditApiService","createPaymentIntent"],"fullName":"CreditApiService createPaymentIntent creates correct payment intent for each plan","status":"passed","title":"creates correct payment intent for each plan","duration":0.510093999999981,"failureMessages":[],"meta":{}},{"ancestorTitles":["CreditApiService","confirmPayment"],"fullName":"CreditApiService confirmPayment confirms payment successfully","status":"passed","title":"confirms payment successfully","duration":0.49798100000009526,"failureMessages":[],"meta":{}},{"ancestorTitles":["CreditApiService","confirmPayment"],"fullName":"CreditApiService confirmPayment handles payment failure","status":"passed","title":"handles payment failure","duration":0.3478900000000067,"failureMessages":[],"meta":{}},{"ancestorTitles":["CreditApiService","getSubscription"],"fullName":"CreditApiService getSubscription returns subscription details","status":"passed","title":"returns subscription details","duration":0.38428800000008323,"failureMessages":[],"meta":{}},{"ancestorTitles":["CreditApiService","getSubscription"],"fullName":"CreditApiService getSubscription returns valid date strings","status":"passed","title":"returns valid date strings","duration":1.416007000000036,"failureMessages":[],"meta":{}},{"ancestorTitles":["CreditApiService","cancelSubscription"],"fullName":"CreditApiService cancelSubscription cancels subscription successfully","status":"passed","title":"cancels subscription successfully","duration":0.3524489999999787,"failureMessages":[],"meta":{}},{"ancestorTitles":["CreditApiService","reactivateSubscription"],"fullName":"CreditApiService reactivateSubscription reactivates subscription successfully","status":"passed","title":"reactivates subscription successfully","duration":0.3552040000000716,"failureMessages":[],"meta":{}},{"ancestorTitles":["CreditApiService","upgradeSubscription"],"fullName":"CreditApiService upgradeSubscription upgrades subscription successfully","status":"passed","title":"upgrades subscription successfully","duration":0.36411099999997987,"failureMessages":[],"meta":{}},{"ancestorTitles":["CreditApiService","getTransactionHistory"],"fullName":"CreditApiService getTransactionHistory returns transaction history with default limit","status":"passed","title":"returns transaction history with default limit","duration":0.6090480000000298,"failureMessages":[],"meta":{}},{"ancestorTitles":["CreditApiService","getTransactionHistory"],"fullName":"CreditApiService getTransactionHistory respects custom limit","status":"passed","title":"respects custom limit","duration":0.2892099999999118,"failureMessages":[],"meta":{}},{"ancestorTitles":["CreditApiService","getTransactionHistory"],"fullName":"CreditApiService getTransactionHistory returns transactions with correct structure","status":"passed","title":"returns transactions with correct structure","duration":0.42079599999999573,"failureMessages":[],"meta":{}},{"ancestorTitles":["CreditApiService","getTransactionHistory"],"fullName":"CreditApiService getTransactionHistory returns valid timestamps","status":"passed","title":"returns valid timestamps","duration":0.47498800000005303,"failureMessages":[],"meta":{}},{"ancestorTitles":["CreditApiService","validateCreditUsage"],"fullName":"CreditApiService validateCreditUsage validates credit usage correctly","status":"passed","title":"validates credit usage correctly","duration":0.3522779999999557,"failureMessages":[],"meta":{}},{"ancestorTitles":["CreditApiService","validateCreditUsage"],"fullName":"CreditApiService validateCreditUsage returns consistent balance values","status":"passed","title":"returns consistent balance values","duration":0.30007100000000264,"failureMessages":[],"meta":{}},{"ancestorTitles":["CreditApiService","applyPromotion"],"fullName":"CreditApiService applyPromotion applies valid promotion codes","status":"passed","title":"applies valid promotion codes","duration":0.5826900000000705,"failureMessages":[],"meta":{}},{"ancestorTitles":["CreditApiService","applyPromotion"],"fullName":"CreditApiService applyPromotion rejects invalid promotion codes","status":"passed","title":"rejects invalid promotion codes","duration":0.2538850000000821,"failureMessages":[],"meta":{}},{"ancestorTitles":["CreditApiService","getUsageAnalytics"],"fullName":"CreditApiService getUsageAnalytics returns usage analytics with default period","status":"passed","title":"returns usage analytics with default period","duration":0.40972599999997783,"failureMessages":[],"meta":{}},{"ancestorTitles":["CreditApiService","getUsageAnalytics"],"fullName":"CreditApiService getUsageAnalytics respects custom period parameter","status":"passed","title":"respects custom period parameter","duration":0.24208299999997962,"failureMessages":[],"meta":{}},{"ancestorTitles":["CreditApiService","getUsageAnalytics"],"fullName":"CreditApiService getUsageAnalytics returns top features with correct structure","status":"passed","title":"returns top features with correct structure","duration":1.2619789999999966,"failureMessages":[],"meta":{}},{"ancestorTitles":["CreditApiService","getUsageAnalytics"],"fullName":"CreditApiService getUsageAnalytics returns reasonable analytics values","status":"passed","title":"returns reasonable analytics values","duration":0.6491839999999911,"failureMessages":[],"meta":{}},{"ancestorTitles":["CreditApiService","API response consistency"],"fullName":"CreditApiService API response consistency all methods return ApiResponse structure","status":"passed","title":"all methods return ApiResponse structure","duration":1.5784810000000107,"failureMessages":[],"meta":{}},{"ancestorTitles":["CreditApiService","error handling"],"fullName":"CreditApiService error handling handles network-like delays consistently","status":"passed","title":"handles network-like delays consistently","duration":0.23496899999997822,"failureMessages":[],"meta":{}}],"startTime":1756487652757,"endTime":1756487652777.5784,"status":"passed","message":"","name":"/home/runner/work/Teach-Educa/Teach-Educa/src/__tests__/services/creditApi.test.ts"},{"assertionResults":[{"ancestorTitles":["cn utility function"],"fullName":"cn utility function merges class names correctly","status":"passed","title":"merges class names correctly","duration":7.719232000000034,"failureMessages":[],"meta":{}},{"ancestorTitles":["cn utility function"],"fullName":"cn utility function handles conflicting Tailwind classes","status":"passed","title":"handles conflicting Tailwind classes","duration":0.18141000000002805,"failureMessages":[],"meta":{}},{"ancestorTitles":["cn utility function"],"fullName":"cn utility function handles conditional classes","status":"passed","title":"handles conditional classes","duration":0.14567199999999048,"failureMessages":[],"meta":{}},{"ancestorTitles":["cn utility function"],"fullName":"cn utility function handles arrays of classes","status":"passed","title":"handles arrays of classes","duration":0.12747799999999643,"failureMessages":[],"meta":{}},{"ancestorTitles":["cn utility function"],"fullName":"cn utility function handles objects with conditional classes","status":"passed","title":"handles objects with conditional classes","duration":0.14837699999998222,"failureMessages":[],"meta":{}},{"ancestorTitles":["cn utility function"],"fullName":"cn utility function handles null and undefined values","status":"passed","title":"handles null and undefined values","duration":0.20154700000000503,"failureMessages":[],"meta":{}},{"ancestorTitles":["cn utility function"],"fullName":"cn utility function handles empty strings","status":"passed","title":"handles empty strings","duration":0.11818100000004961,"failureMessages":[],"meta":{}},{"ancestorTitles":["cn utility function"],"fullName":"cn utility function removes duplicate classes","status":"passed","title":"removes duplicate classes","duration":0.12536399999999048,"failureMessages":[],"meta":{}},{"ancestorTitles":["cn utility function"],"fullName":"cn utility function handles complex Tailwind conflicts","status":"passed","title":"handles complex Tailwind conflicts","duration":0.26580699999999524,"failureMessages":[],"meta":{}},{"ancestorTitles":["cn utility function"],"fullName":"cn utility function preserves order for non-conflicting classes","status":"passed","title":"preserves order for non-conflicting classes","duration":0.1604899999999816,"failureMessages":[],"meta":{}},{"ancestorTitles":["cn utility function","edge cases"],"fullName":"cn utility function edge cases handles no arguments","status":"passed","title":"handles no arguments","duration":0.2611890000000585,"failureMessages":[],"meta":{}},{"ancestorTitles":["cn utility function","edge cases"],"fullName":"cn utility function edge cases handles only falsy values","status":"passed","title":"handles only falsy values","duration":0.1576950000001034,"failureMessages":[],"meta":{}},{"ancestorTitles":["cn utility function","edge cases"],"fullName":"cn utility function edge cases handles complex nested conditions","status":"passed","title":"handles complex nested conditions","duration":0.17891399999996338,"failureMessages":[],"meta":{}},{"ancestorTitles":["cn utility function","real-world usage patterns"],"fullName":"cn utility function real-world usage patterns works like a typical component className prop","status":"passed","title":"works like a typical component className prop","duration":0.5644949999999653,"failureMessages":[],"meta":{}},{"ancestorTitles":["cn utility function","real-world usage patterns"],"fullName":"cn utility function real-world usage patterns handles responsive and state variants","status":"passed","title":"handles responsive and state variants","duration":0.1921190000000479,"failureMessages":[],"meta":{}}],"startTime":1756487653012,"endTime":1756487653022.5645,"status":"passed","message":"","name":"/home/runner/work/Teach-Educa/Teach-Educa/src/__tests__/utils/cn.test.ts"},{"assertionResults":[{"ancestorTitles":["AI Assistant Integration Tests","AssistantSelector Integration"],"fullName":"AI Assistant Integration Tests AssistantSelector Integration should display available assistants correctly","status":"failed","title":"should display available assistants correctly","duration":7.527324000000021,"failureMessages":["ReferenceError: AssistantSelector is not defined\n    at /home/runner/work/Teach-Educa/Teach-Educa/src/__tests__/components/ai/ai-integration.test.tsx:78:15\n    at file:///home/runner/work/Teach-Educa/Teach-Educa/node_modules/@vitest/runner/dist/chunk-hooks.js:155:11\n    at file:///home/runner/work/Teach-Educa/Teach-Educa/node_modules/@vitest/runner/dist/chunk-hooks.js:752:26\n    at file:///home/runner/work/Teach-Educa/Teach-Educa/node_modules/@vitest/runner/dist/chunk-hooks.js:1897:20\n    at new Promise (<anonymous>)\n    at runWithTimeout (file:///home/runner/work/Teach-Educa/Teach-Educa/node_modules/@vitest/runner/dist/chunk-hooks.js:1863:10)\n    at runTest (file:///home/runner/work/Teach-Educa/Teach-Educa/node_modules/@vitest/runner/dist/chunk-hooks.js:1574:12)\n    at processTicksAndRejections (node:internal/process/task_queues:95:5)\n    at runSuite (file:///home/runner/work/Teach-Educa/Teach-Educa/node_modules/@vitest/runner/dist/chunk-hooks.js:1729:8)\n    at runSuite (file:///home/runner/work/Teach-Educa/Teach-Educa/node_modules/@vitest/runner/dist/chunk-hooks.js:1729:8)"],"meta":{}},{"ancestorTitles":["AI Assistant Integration Tests","AssistantSelector Integration"],"fullName":"AI Assistant Integration Tests AssistantSelector Integration should handle assistant selection","status":"failed","title":"should handle assistant selection","duration":0.7527069999999867,"failureMessages":["ReferenceError: AssistantSelector is not defined\n    at /home/runner/work/Teach-Educa/Teach-Educa/src/__tests__/components/ai/ai-integration.test.tsx:92:15\n    at file:///home/runner/work/Teach-Educa/Teach-Educa/node_modules/@vitest/runner/dist/chunk-hooks.js:155:11\n    at file:///home/runner/work/Teach-Educa/Teach-Educa/node_modules/@vitest/runner/dist/chunk-hooks.js:752:26\n    at file:///home/runner/work/Teach-Educa/Teach-Educa/node_modules/@vitest/runner/dist/chunk-hooks.js:1897:20\n    at new Promise (<anonymous>)\n    at runWithTimeout (file:///home/runner/work/Teach-Educa/Teach-Educa/node_modules/@vitest/runner/dist/chunk-hooks.js:1863:10)\n    at runTest (file:///home/runner/work/Teach-Educa/Teach-Educa/node_modules/@vitest/runner/dist/chunk-hooks.js:1574:12)\n    at processTicksAndRejections (node:internal/process/task_queues:95:5)\n    at runSuite (file:///home/runner/work/Teach-Educa/Teach-Educa/node_modules/@vitest/runner/dist/chunk-hooks.js:1729:8)\n    at runSuite (file:///home/runner/work/Teach-Educa/Teach-Educa/node_modules/@vitest/runner/dist/chunk-hooks.js:1729:8)"],"meta":{}},{"ancestorTitles":["AI Assistant Integration Tests","AssistantSelector Integration"],"fullName":"AI Assistant Integration Tests AssistantSelector Integration should show selected assistant visually","status":"failed","title":"should show selected assistant visually","duration":0.6171740000000909,"failureMessages":["ReferenceError: AssistantSelector is not defined\n    at /home/runner/work/Teach-Educa/Teach-Educa/src/__tests__/components/ai/ai-integration.test.tsx:103:15\n    at file:///home/runner/work/Teach-Educa/Teach-Educa/node_modules/@vitest/runner/dist/chunk-hooks.js:155:11\n    at file:///home/runner/work/Teach-Educa/Teach-Educa/node_modules/@vitest/runner/dist/chunk-hooks.js:752:26\n    at file:///home/runner/work/Teach-Educa/Teach-Educa/node_modules/@vitest/runner/dist/chunk-hooks.js:1897:20\n    at new Promise (<anonymous>)\n    at runWithTimeout (file:///home/runner/work/Teach-Educa/Teach-Educa/node_modules/@vitest/runner/dist/chunk-hooks.js:1863:10)\n    at runTest (file:///home/runner/work/Teach-Educa/Teach-Educa/node_modules/@vitest/runner/dist/chunk-hooks.js:1574:12)\n    at processTicksAndRejections (node:internal/process/task_queues:95:5)\n    at runSuite (file:///home/runner/work/Teach-Educa/Teach-Educa/node_modules/@vitest/runner/dist/chunk-hooks.js:1729:8)\n    at runSuite (file:///home/runner/work/Teach-Educa/Teach-Educa/node_modules/@vitest/runner/dist/chunk-hooks.js:1729:8)"],"meta":{}},{"ancestorTitles":["AI Assistant Integration Tests","AIChatInterface Integration"],"fullName":"AI Assistant Integration Tests AIChatInterface Integration should initialize with assistant greeting","status":"failed","title":"should initialize with assistant greeting","duration":0.6870940000000019,"failureMessages":["ReferenceError: AIChatInterface is not defined\n    at /home/runner/work/Teach-Educa/Teach-Educa/src/__tests__/components/ai/ai-integration.test.tsx:126:15\n    at file:///home/runner/work/Teach-Educa/Teach-Educa/node_modules/@vitest/runner/dist/chunk-hooks.js:155:11\n    at file:///home/runner/work/Teach-Educa/Teach-Educa/node_modules/@vitest/runner/dist/chunk-hooks.js:752:26\n    at file:///home/runner/work/Teach-Educa/Teach-Educa/node_modules/@vitest/runner/dist/chunk-hooks.js:1897:20\n    at new Promise (<anonymous>)\n    at runWithTimeout (file:///home/runner/work/Teach-Educa/Teach-Educa/node_modules/@vitest/runner/dist/chunk-hooks.js:1863:10)\n    at runTest (file:///home/runner/work/Teach-Educa/Teach-Educa/node_modules/@vitest/runner/dist/chunk-hooks.js:1574:12)\n    at processTicksAndRejections (node:internal/process/task_queues:95:5)\n    at runSuite (file:///home/runner/work/Teach-Educa/Teach-Educa/node_modules/@vitest/runner/dist/chunk-hooks.js:1729:8)\n    at runSuite (file:///home/runner/work/Teach-Educa/Teach-Educa/node_modules/@vitest/runner/dist/chunk-hooks.js:1729:8)"],"meta":{}},{"ancestorTitles":["AI Assistant Integration Tests","AIChatInterface Integration"],"fullName":"AI Assistant Integration Tests AIChatInterface Integration should send message and receive response","status":"failed","title":"should send message and receive response","duration":0.6450159999999414,"failureMessages":["ReferenceError: AIChatInterface is not defined\n    at /home/runner/work/Teach-Educa/Teach-Educa/src/__tests__/components/ai/ai-integration.test.tsx:149:15\n    at file:///home/runner/work/Teach-Educa/Teach-Educa/node_modules/@vitest/runner/dist/chunk-hooks.js:155:11\n    at file:///home/runner/work/Teach-Educa/Teach-Educa/node_modules/@vitest/runner/dist/chunk-hooks.js:752:26\n    at file:///home/runner/work/Teach-Educa/Teach-Educa/node_modules/@vitest/runner/dist/chunk-hooks.js:1897:20\n    at new Promise (<anonymous>)\n    at runWithTimeout (file:///home/runner/work/Teach-Educa/Teach-Educa/node_modules/@vitest/runner/dist/chunk-hooks.js:1863:10)\n    at runTest (file:///home/runner/work/Teach-Educa/Teach-Educa/node_modules/@vitest/runner/dist/chunk-hooks.js:1574:12)\n    at processTicksAndRejections (node:internal/process/task_queues:95:5)\n    at runSuite (file:///home/runner/work/Teach-Educa/Teach-Educa/node_modules/@vitest/runner/dist/chunk-hooks.js:1729:8)\n    at runSuite (file:///home/runner/work/Teach-Educa/Teach-Educa/node_modules/@vitest/runner/dist/chunk-hooks.js:1729:8)"],"meta":{}},{"ancestorTitles":["AI Assistant Integration Tests","AIChatInterface Integration"],"fullName":"AI Assistant Integration Tests AIChatInterface Integration should handle insufficient credits","status":"failed","title":"should handle insufficient credits","duration":0.5545270000000073,"failureMessages":["ReferenceError: AIChatInterface is not defined\n    at /home/runner/work/Teach-Educa/Teach-Educa/src/__tests__/components/ai/ai-integration.test.tsx:178:15\n    at file:///home/runner/work/Teach-Educa/Teach-Educa/node_modules/@vitest/runner/dist/chunk-hooks.js:155:11\n    at file:///home/runner/work/Teach-Educa/Teach-Educa/node_modules/@vitest/runner/dist/chunk-hooks.js:752:26\n    at file:///home/runner/work/Teach-Educa/Teach-Educa/node_modules/@vitest/runner/dist/chunk-hooks.js:1897:20\n    at new Promise (<anonymous>)\n    at runWithTimeout (file:///home/runner/work/Teach-Educa/Teach-Educa/node_modules/@vitest/runner/dist/chunk-hooks.js:1863:10)\n    at runTest (file:///home/runner/work/Teach-Educa/Teach-Educa/node_modules/@vitest/runner/dist/chunk-hooks.js:1574:12)\n    at processTicksAndRejections (node:internal/process/task_queues:95:5)\n    at runSuite (file:///home/runner/work/Teach-Educa/Teach-Educa/node_modules/@vitest/runner/dist/chunk-hooks.js:1729:8)\n    at runSuite (file:///home/runner/work/Teach-Educa/Teach-Educa/node_modules/@vitest/runner/dist/chunk-hooks.js:1729:8)"],"meta":{}},{"ancestorTitles":["AI Assistant Integration Tests","AIChatInterface Integration"],"fullName":"AI Assistant Integration Tests AIChatInterface Integration should handle AI service errors gracefully","status":"failed","title":"should handle AI service errors gracefully","duration":0.4721230000000105,"failureMessages":["ReferenceError: AIChatInterface is not defined\n    at /home/runner/work/Teach-Educa/Teach-Educa/src/__tests__/components/ai/ai-integration.test.tsx:197:15\n    at file:///home/runner/work/Teach-Educa/Teach-Educa/node_modules/@vitest/runner/dist/chunk-hooks.js:155:11\n    at file:///home/runner/work/Teach-Educa/Teach-Educa/node_modules/@vitest/runner/dist/chunk-hooks.js:752:26\n    at file:///home/runner/work/Teach-Educa/Teach-Educa/node_modules/@vitest/runner/dist/chunk-hooks.js:1897:20\n    at new Promise (<anonymous>)\n    at runWithTimeout (file:///home/runner/work/Teach-Educa/Teach-Educa/node_modules/@vitest/runner/dist/chunk-hooks.js:1863:10)\n    at runTest (file:///home/runner/work/Teach-Educa/Teach-Educa/node_modules/@vitest/runner/dist/chunk-hooks.js:1574:12)\n    at processTicksAndRejections (node:internal/process/task_queues:95:5)\n    at runSuite (file:///home/runner/work/Teach-Educa/Teach-Educa/node_modules/@vitest/runner/dist/chunk-hooks.js:1729:8)\n    at runSuite (file:///home/runner/work/Teach-Educa/Teach-Educa/node_modules/@vitest/runner/dist/chunk-hooks.js:1729:8)"],"meta":{}},{"ancestorTitles":["AI Assistant Integration Tests","AIChatInterface Integration"],"fullName":"AI Assistant Integration Tests AIChatInterface Integration should switch assistants during conversation","status":"failed","title":"should switch assistants during conversation","duration":0.4788350000000037,"failureMessages":["ReferenceError: AIChatInterface is not defined\n    at /home/runner/work/Teach-Educa/Teach-Educa/src/__tests__/components/ai/ai-integration.test.tsx:215:15\n    at file:///home/runner/work/Teach-Educa/Teach-Educa/node_modules/@vitest/runner/dist/chunk-hooks.js:155:11\n    at file:///home/runner/work/Teach-Educa/Teach-Educa/node_modules/@vitest/runner/dist/chunk-hooks.js:752:26\n    at file:///home/runner/work/Teach-Educa/Teach-Educa/node_modules/@vitest/runner/dist/chunk-hooks.js:1897:20\n    at new Promise (<anonymous>)\n    at runWithTimeout (file:///home/runner/work/Teach-Educa/Teach-Educa/node_modules/@vitest/runner/dist/chunk-hooks.js:1863:10)\n    at runTest (file:///home/runner/work/Teach-Educa/Teach-Educa/node_modules/@vitest/runner/dist/chunk-hooks.js:1574:12)\n    at processTicksAndRejections (node:internal/process/task_queues:95:5)\n    at runSuite (file:///home/runner/work/Teach-Educa/Teach-Educa/node_modules/@vitest/runner/dist/chunk-hooks.js:1729:8)\n    at runSuite (file:///home/runner/work/Teach-Educa/Teach-Educa/node_modules/@vitest/runner/dist/chunk-hooks.js:1729:8)"],"meta":{}},{"ancestorTitles":["AI Assistant Integration Tests","AIChatInterface Integration"],"fullName":"AI Assistant Integration Tests AIChatInterface Integration should show typing indicator during AI response","status":"failed","title":"should show typing indicator during AI response","duration":0.5689240000000382,"failureMessages":["ReferenceError: AIChatInterface is not defined\n    at /home/runner/work/Teach-Educa/Teach-Educa/src/__tests__/components/ai/ai-integration.test.tsx:251:15\n    at file:///home/runner/work/Teach-Educa/Teach-Educa/node_modules/@vitest/runner/dist/chunk-hooks.js:155:11\n    at file:///home/runner/work/Teach-Educa/Teach-Educa/node_modules/@vitest/runner/dist/chunk-hooks.js:752:26\n    at file:///home/runner/work/Teach-Educa/Teach-Educa/node_modules/@vitest/runner/dist/chunk-hooks.js:1897:20\n    at new Promise (<anonymous>)\n    at runWithTimeout (file:///home/runner/work/Teach-Educa/Teach-Educa/node_modules/@vitest/runner/dist/chunk-hooks.js:1863:10)\n    at runTest (file:///home/runner/work/Teach-Educa/Teach-Educa/node_modules/@vitest/runner/dist/chunk-hooks.js:1574:12)\n    at processTicksAndRejections (node:internal/process/task_queues:95:5)\n    at runSuite (file:///home/runner/work/Teach-Educa/Teach-Educa/node_modules/@vitest/runner/dist/chunk-hooks.js:1729:8)\n    at runSuite (file:///home/runner/work/Teach-Educa/Teach-Educa/node_modules/@vitest/runner/dist/chunk-hooks.js:1729:8)"],"meta":{}},{"ancestorTitles":["AI Assistant Integration Tests","AIChatInterface Integration"],"fullName":"AI Assistant Integration Tests AIChatInterface Integration should handle conversation context correctly","status":"failed","title":"should handle conversation context correctly","duration":0.637042000000065,"failureMessages":["ReferenceError: AIChatInterface is not defined\n    at /home/runner/work/Teach-Educa/Teach-Educa/src/__tests__/components/ai/ai-integration.test.tsx:293:15\n    at file:///home/runner/work/Teach-Educa/Teach-Educa/node_modules/@vitest/runner/dist/chunk-hooks.js:155:11\n    at file:///home/runner/work/Teach-Educa/Teach-Educa/node_modules/@vitest/runner/dist/chunk-hooks.js:752:26\n    at file:///home/runner/work/Teach-Educa/Teach-Educa/node_modules/@vitest/runner/dist/chunk-hooks.js:1897:20\n    at new Promise (<anonymous>)\n    at runWithTimeout (file:///home/runner/work/Teach-Educa/Teach-Educa/node_modules/@vitest/runner/dist/chunk-hooks.js:1863:10)\n    at runTest (file:///home/runner/work/Teach-Educa/Teach-Educa/node_modules/@vitest/runner/dist/chunk-hooks.js:1574:12)\n    at processTicksAndRejections (node:internal/process/task_queues:95:5)\n    at runSuite (file:///home/runner/work/Teach-Educa/Teach-Educa/node_modules/@vitest/runner/dist/chunk-hooks.js:1729:8)\n    at runSuite (file:///home/runner/work/Teach-Educa/Teach-Educa/node_modules/@vitest/runner/dist/chunk-hooks.js:1729:8)"],"meta":{}},{"ancestorTitles":["AI Assistant Integration Tests","AIChatInterface Integration"],"fullName":"AI Assistant Integration Tests AIChatInterface Integration should clear conversation when requested","status":"failed","title":"should clear conversation when requested","duration":0.5104039999999941,"failureMessages":["ReferenceError: AIChatInterface is not defined\n    at /home/runner/work/Teach-Educa/Teach-Educa/src/__tests__/components/ai/ai-integration.test.tsx:327:15\n    at file:///home/runner/work/Teach-Educa/Teach-Educa/node_modules/@vitest/runner/dist/chunk-hooks.js:155:11\n    at file:///home/runner/work/Teach-Educa/Teach-Educa/node_modules/@vitest/runner/dist/chunk-hooks.js:752:26\n    at file:///home/runner/work/Teach-Educa/Teach-Educa/node_modules/@vitest/runner/dist/chunk-hooks.js:1897:20\n    at new Promise (<anonymous>)\n    at runWithTimeout (file:///home/runner/work/Teach-Educa/Teach-Educa/node_modules/@vitest/runner/dist/chunk-hooks.js:1863:10)\n    at runTest (file:///home/runner/work/Teach-Educa/Teach-Educa/node_modules/@vitest/runner/dist/chunk-hooks.js:1574:12)\n    at processTicksAndRejections (node:internal/process/task_queues:95:5)\n    at runSuite (file:///home/runner/work/Teach-Educa/Teach-Educa/node_modules/@vitest/runner/dist/chunk-hooks.js:1729:8)\n    at runSuite (file:///home/runner/work/Teach-Educa/Teach-Educa/node_modules/@vitest/runner/dist/chunk-hooks.js:1729:8)"],"meta":{}},{"ancestorTitles":["AI Assistant Integration Tests","AI Assistant Performance Integration"],"fullName":"AI Assistant Integration Tests AI Assistant Performance Integration should handle rapid message sending without conflicts","status":"failed","title":"should handle rapid message sending without conflicts","duration":0.6875450000000001,"failureMessages":["ReferenceError: AIChatInterface is not defined\n    at /home/runner/work/Teach-Educa/Teach-Educa/src/__tests__/components/ai/ai-integration.test.tsx:364:15\n    at file:///home/runner/work/Teach-Educa/Teach-Educa/node_modules/@vitest/runner/dist/chunk-hooks.js:155:11\n    at file:///home/runner/work/Teach-Educa/Teach-Educa/node_modules/@vitest/runner/dist/chunk-hooks.js:752:26\n    at file:///home/runner/work/Teach-Educa/Teach-Educa/node_modules/@vitest/runner/dist/chunk-hooks.js:1897:20\n    at new Promise (<anonymous>)\n    at runWithTimeout (file:///home/runner/work/Teach-Educa/Teach-Educa/node_modules/@vitest/runner/dist/chunk-hooks.js:1863:10)\n    at runTest (file:///home/runner/work/Teach-Educa/Teach-Educa/node_modules/@vitest/runner/dist/chunk-hooks.js:1574:12)\n    at processTicksAndRejections (node:internal/process/task_queues:95:5)\n    at runSuite (file:///home/runner/work/Teach-Educa/Teach-Educa/node_modules/@vitest/runner/dist/chunk-hooks.js:1729:8)\n    at runSuite (file:///home/runner/work/Teach-Educa/Teach-Educa/node_modules/@vitest/runner/dist/chunk-hooks.js:1729:8)"],"meta":{}}],"startTime":1756487645627,"endTime":1756487645641.6875,"status":"failed","message":"","name":"/home/runner/work/Teach-Educa/Teach-Educa/src/__tests__/components/ai/ai-integration.test.tsx"},{"assertionResults":[{"ancestorTitles":["LoginForm"],"fullName":"LoginForm renders all form elements correctly","status":"passed","title":"renders all form elements correctly","duration":193.95949700000028,"failureMessages":[],"meta":{}},{"ancestorTitles":["LoginForm"],"fullName":"LoginForm displays demo account information","status":"passed","title":"displays demo account information","duration":19.400816999999734,"failureMessages":[],"meta":{}},{"ancestorTitles":["LoginForm"],"fullName":"LoginForm validates email field correctly","status":"failed","title":"validates email field correctly","duration":1288.4781010000006,"failureMessages":["Error: Unable to find an element with the text: /email invlido/i. This could be because the text is broken up by multiple elements. In this case, you can provide a function for your text matcher to make your matcher more flexible.\n\nIgnored nodes: comments, script, style\n\u001b[36m<body>\u001b[39m\n  \u001b[36m<div>\u001b[39m\n    \u001b[36m<div\u001b[39m\n      \u001b[33manimate\u001b[39m=\u001b[32m\"[object Object]\"\u001b[39m\n      \u001b[33mclass\u001b[39m=\u001b[32m\"p-6 space-y-6\"\u001b[39m\n      \u001b[33minitial\u001b[39m=\u001b[32m\"[object Object]\"\u001b[39m\n    \u001b[36m>\u001b[39m\n      \u001b[36m<div\u001b[39m\n        \u001b[33mclass\u001b[39m=\u001b[32m\"bg-muted/50 rounded-lg p-4 space-y-2 text-sm\"\u001b[39m\n      \u001b[36m>\u001b[39m\n        \u001b[36m<p\u001b[39m\n          \u001b[33mclass\u001b[39m=\u001b[32m\"font-medium text-foreground\"\u001b[39m\n        \u001b[36m>\u001b[39m\n          \u001b[0mContas de demonstrao:\u001b[0m\n        \u001b[36m</p>\u001b[39m\n        \u001b[36m<div\u001b[39m\n          \u001b[33mclass\u001b[39m=\u001b[32m\"space-y-1 text-muted-foreground\"\u001b[39m\n        \u001b[36m>\u001b[39m\n          \u001b[36m<p>\u001b[39m\n            \u001b[36m<strong>\u001b[39m\n              \u001b[0mAdmin:\u001b[0m\n            \u001b[36m</strong>\u001b[39m\n            \u001b[0m admin@teach.com | senha: admin123\u001b[0m\n          \u001b[36m</p>\u001b[39m\n          \u001b[36m<p>\u001b[39m\n            \u001b[36m<strong>\u001b[39m\n              \u001b[0mUsurio:\u001b[0m\n            \u001b[36m</strong>\u001b[39m\n            \u001b[0m user@teach.com | senha: user123\u001b[0m\n          \u001b[36m</p>\u001b[39m\n        \u001b[36m</div>\u001b[39m\n      \u001b[36m</div>\u001b[39m\n      \u001b[36m<form\u001b[39m\n        \u001b[33mclass\u001b[39m=\u001b[32m\"space-y-4\"\u001b[39m\n      \u001b[36m>\u001b[39m\n        \u001b[36m<div\u001b[39m\n          \u001b[33mclass\u001b[39m=\u001b[32m\"space-y-2\"\u001b[39m\n        \u001b[36m>\u001b[39m\n          \u001b[36m<label\u001b[39m\n            \u001b[33mclass\u001b[39m=\u001b[32m\"flex items-center gap-2 text-sm leading-none font-medium select-none group-data-[disabled=true]:pointer-events-none group-data-[disabled=true]:opacity-50 peer-disabled:cursor-not-allowed peer-disabled:opacity-50\"\u001b[39m\n            \u001b[33mdata-slot\u001b[39m=\u001b[32m\"label\"\u001b[39m\n            \u001b[33mfor\u001b[39m=\u001b[32m\"email\"\u001b[39m\n          \u001b[36m>\u001b[39m\n            \u001b[0mEmail\u001b[0m\n          \u001b[36m</label>\u001b[39m\n          \u001b[36m<input\u001b[39m\n            \u001b[33mautocapitalize\u001b[39m=\u001b[32m\"none\"\u001b[39m\n            \u001b[33mautocomplete\u001b[39m=\u001b[32m\"email\"\u001b[39m\n            \u001b[33mautocorrect\u001b[39m=\u001b[32m\"off\"\u001b[39m\n            \u001b[33mclass\u001b[39m=\u001b[32m\"file:text-foreground placeholder:text-muted-foreground selection:bg-primary selection:text-primary-foreground dark:bg-input/30 border-input flex h-9 w-full min-w-0 rounded-md border bg-transparent px-3 py-1 text-base shadow-xs transition-[color,box-shadow] outline-none file:inline-flex file:h-7 file:border-0 file:bg-transparent file:text-sm file:font-medium disabled:pointer-events-none disabled:cursor-not-allowed disabled:opacity-50 md:text-sm focus-visible:border-ring focus-visible:ring-ring/50 focus-visible:ring-[3px] aria-invalid:ring-destructive/20 dark:aria-invalid:ring-destructive/40 aria-invalid:border-destructive\"\u001b[39m\n            \u001b[33mdata-slot\u001b[39m=\u001b[32m\"input\"\u001b[39m\n            \u001b[33mid\u001b[39m=\u001b[32m\"email\"\u001b[39m\n            \u001b[33mplaceholder\u001b[39m=\u001b[32m\"seu@email.com\"\u001b[39m\n            \u001b[33mtype\u001b[39m=\u001b[32m\"email\"\u001b[39m\n            \u001b[33mvalue\u001b[39m=\u001b[32m\"invalid-email\"\u001b[39m\n          \u001b[36m/>\u001b[39m\n        \u001b[36m</div>\u001b[39m\n        \u001b[36m<div\u001b[39m\n          \u001b[33mclass\u001b[39m=\u001b[32m\"space-y-2\"\u001b[39m\n        \u001b[36m>\u001b[39m\n          \u001b[36m<label\u001b[39m\n            \u001b[33mclass\u001b[39m=\u001b[32m\"flex items-center gap-2 text-sm leading-none font-medium select-none group-data-[disabled=true]:pointer-events-none group-data-[disabled=true]:opacity-50 peer-disabled:cursor-not-allowed peer-disabled:opacity-50\"\u001b[39m\n            \u001b[33mdata-slot\u001b[39m=\u001b[32m\"label\"\u001b[39m\n            \u001b[33mfor\u001b[39m=\u001b[32m\"password\"\u001b[39m\n          \u001b[36m>\u001b[39m\n            \u001b[0mSenha\u001b[0m\n          \u001b[36m</label>\u001b[39m\n          \u001b[36m<div\u001b[39m\n            \u001b[33mclass\u001b[39m=\u001b[32m\"relative\"\u001b[39m\n          \u001b[36m>\u001b[39m\n            \u001b[36m<input\u001b[39m\n              \u001b[33mautocomplete\u001b[39m=\u001b[32m\"current-password\"\u001b[39m\n              \u001b[33mclass\u001b[39m=\u001b[32m\"file:text-foreground placeholder:text-muted-foreground selection:bg-primary selection:text-primary-foreground dark:bg-input/30 border-input flex h-9 w-full min-w-0 rounded-md border bg-transparent px-3 py-1 text-base shadow-xs transition-[color,box-shadow] outline-none file:inline-flex file:h-7 file:border-0 file:bg-transparent file:text-sm file:font-medium disabled:pointer-events-none disabled:cursor-not-allowed disabled:opacity-50 md:text-sm focus-visible:border-ring focus-visible:ring-ring/50 focus-visible:ring-[3px] aria-invalid:ring-destructive/20 dark:aria-invalid:ring-destructive/40 aria-invalid:border-destructive pr-10\"\u001b[39m\n              \u001b[33mdata-slot\u001b[39m=\u001b[32m\"input\"\u001b[39m\n              \u001b[33mid\u001b[39m=\u001b[32m\"password\"\u001b[39m\n              \u001b[33mplaceholder\u001b[39m=\u001b[32m\"Sua senha\"\u001b[39m\n              \u001b[33mtype\u001b[39m=\u001b[32m\"password\"\u001b[39m\n              \u001b[33mvalue\u001b[39m=\u001b[32m\"validpassword123\"\u001b[39m\n            \u001b[36m/>\u001b[39m\n            \u001b[36m<button\u001b[39m\n              \u001b[33mclass\u001b[39m=\u001b[32m\"inline-flex items-center justify-center whitespace-nowrap text-sm font-medium transition-all disabled:pointer-events-none disabled:opacity-50 [&_svg]:pointer-events-none [&_svg:not([class*='size-'])]:size-4 shrink-0 [&_svg]:shrink-0 outline-none focus-visible:border-ring focus-visible:ring-ring/50 focus-visible:ring-[3px] aria-invalid:ring-destructive/20 dark:aria-invalid:ring-destructive/40 aria-invalid:border-destructive hover:text-accent-foreground dark:hover:bg-accent/50 rounded-md gap-1.5 has-[>svg]:px-2.5 absolute right-0 top-0 h-full px-3 hover:bg-transparent focus-enhanced\"\u001b[39m\n              \u001b[33mdata-slot\u001b[39m=\u001b[32m\"button\"\u001b[39m\n              \u001b[33mtype\u001b[39m=\u001b[32m\"button\"\u001b[39m\n            \u001b[36m>\u001b[39m\n              \u001b[36m<svg\u001b[39m\n                \u001b[33mclass\u001b[39m=\u001b[32m\"h-4 w-4 text-muted-foreground\"\u001b[39m\n                \u001b[33mfill\u001b[39m=\u001b[32m\"currentColor\"\u001b[39m\n                \u001b[33mheight\u001b[39m=\u001b[32m\"1em\"\u001b[39m\n                \u001b[33mviewBox\u001b[39m=\u001b[32m\"0 0 256 256\"\u001b[39m\n                \u001b[33mwidth\u001b[39m=\u001b[32m\"1em\"\u001b[39m\n                \u001b[33mxmlns\u001b[39m=\u001b[32m\"http://www.w3.org/2000/svg\"\u001b[39m\n              \u001b[36m>\u001b[39m\n                \u001b[36m<path\u001b[39m\n                  \u001b[33md\u001b[39m=\u001b[32m\"M247.31,124.76c-.35-.79-8.82-19.58-27.65-38.41C194.57,61.26,162.88,48,128,48S61.43,61.26,36.34,86.35C17.51,105.18,9,124,8.69,124.76a8,8,0,0,0,0,6.5c.35.79,8.82,19.57,27.65,38.4C61.43,194.74,93.12,208,128,208s66.57-13.26,91.66-38.34c18.83-18.83,27.3-37.61,27.65-38.4A8,8,0,0,0,247.31,124.76ZM128,192c-30.78,0-57.67-11.19-79.93-33.25A133.47,133.47,0,0,1,25,128,133.33,133.33,0,0,1,48.07,97.25C70.33,75.19,97.22,64,128,64s57.67,11.19,79.93,33.25A133.46,133.46,0,0,1,231.05,128C223.84,141.46,192.43,192,128,192Zm0-112a48,48,0,1,0,48,48A48.05,48.05,0,0,0,128,80Zm0,80a32,32,0,1,1,32-32A32,32,0,0,1,128,160Z\"\u001b[39m\n                \u001b[36m/>\u001b[39m\n              \u001b[36m</svg>\u001b[39m\n            \u001b[36m</button>\u001b[39m\n          \u001b[36m</div>\u001b[39m\n        \u001b[36m</div>\u001b[39m\n        \u001b[36m<div\u001b[39m\n          \u001b[33mclass\u001b[39m=\u001b[32m\"flex items-center space-x-2\"\u001b[39m\n        \u001b[36m>\u001b[39m\n          \u001b[36m<button\u001b[39m\n            \u001b[33maria-checked\u001b[39m=\u001b[32m\"false\"\u001b[39m\n            \u001b[33mclass\u001b[39m=\u001b[32m\"peer border-input dark:bg-input/30 data-[state=checked]:bg-primary data-[state=checked]:text-primary-foreground dark:data-[state=checked]:bg-primary data-[state=checked]:border-primary focus-visible:border-rin...\n    at Proxy.waitForWrapper (/home/runner/work/Teach-Educa/Teach-Educa/node_modules/@testing-library/dom/dist/wait-for.js:163:27)\n    at /home/runner/work/Teach-Educa/Teach-Educa/src/__tests__/components/auth/LoginForm.test.tsx:107:11\n    at file:///home/runner/work/Teach-Educa/Teach-Educa/node_modules/@vitest/runner/dist/chunk-hooks.js:752:20"],"meta":{}},{"ancestorTitles":["LoginForm"],"fullName":"LoginForm validates password field correctly","status":"passed","title":"validates password field correctly","duration":219.48526200000015,"failureMessages":[],"meta":{}},{"ancestorTitles":["LoginForm"],"fullName":"LoginForm toggles password visibility","status":"passed","title":"toggles password visibility","duration":48.652946999999585,"failureMessages":[],"meta":{}},{"ancestorTitles":["LoginForm"],"fullName":"LoginForm handles remember me checkbox","status":"passed","title":"handles remember me checkbox","duration":30.458819000000403,"failureMessages":[],"meta":{}},{"ancestorTitles":["LoginForm"],"fullName":"LoginForm clears errors when user starts typing","status":"passed","title":"clears errors when user starts typing","duration":59.96135000000049,"failureMessages":[],"meta":{}},{"ancestorTitles":["LoginForm"],"fullName":"LoginForm calls login function with correct parameters on successful submission","status":"passed","title":"calls login function with correct parameters on successful submission","duration":218.48823100000027,"failureMessages":[],"meta":{}},{"ancestorTitles":["LoginForm"],"fullName":"LoginForm shows success toast and calls onSuccess when login succeeds","status":"passed","title":"shows success toast and calls onSuccess when login succeeds","duration":174.47414499999923,"failureMessages":[],"meta":{}},{"ancestorTitles":["LoginForm"],"fullName":"LoginForm shows error toast when login fails","status":"passed","title":"shows error toast when login fails","duration":212.39670699999988,"failureMessages":[],"meta":{}},{"ancestorTitles":["LoginForm"],"fullName":"LoginForm handles MFA requirement","status":"passed","title":"handles MFA requirement","duration":184.71143500000017,"failureMessages":[],"meta":{}},{"ancestorTitles":["LoginForm"],"fullName":"LoginForm calls onForgotPassword when forgot password link is clicked","status":"passed","title":"calls onForgotPassword when forgot password link is clicked","duration":32.91417000000001,"failureMessages":[],"meta":{}},{"ancestorTitles":["LoginForm"],"fullName":"LoginForm disables form elements when loading","status":"passed","title":"disables form elements when loading","duration":17.576422999999522,"failureMessages":[],"meta":{}},{"ancestorTitles":["LoginForm"],"fullName":"LoginForm shows loading state in submit button","status":"passed","title":"shows loading state in submit button","duration":8.851520000000164,"failureMessages":[],"meta":{}}],"startTime":1756487640824,"endTime":1756487643533.8516,"status":"failed","message":"","name":"/home/runner/work/Teach-Educa/Teach-Educa/src/__tests__/components/auth/LoginForm.test.tsx"},{"assertionResults":[{"ancestorTitles":["Auth Component Integration Tests","LoginForm Integration"],"fullName":"Auth Component Integration Tests LoginForm Integration should handle complete login flow with validation","status":"failed","title":"should handle complete login flow with validation","duration":27.04015299999992,"failureMessages":["Error: Element type is invalid: expected a string (for built-in components) or a class/function (for composite components) but got: undefined. You likely forgot to export your component from the file it's defined in, or you might have mixed up default and named imports.\n    at createFiberFromTypeAndProps (/home/runner/work/Teach-Educa/Teach-Educa/node_modules/react-dom/cjs/react-dom-client.development.js:4259:28)\n    at createFiberFromElement (/home/runner/work/Teach-Educa/Teach-Educa/node_modules/react-dom/cjs/react-dom-client.development.js:4273:14)\n    at reconcileChildFibersImpl (/home/runner/work/Teach-Educa/Teach-Educa/node_modules/react-dom/cjs/react-dom-client.development.js:7879:31)\n    at /home/runner/work/Teach-Educa/Teach-Educa/node_modules/react-dom/cjs/react-dom-client.development.js:8057:33\n    at reconcileChildren (/home/runner/work/Teach-Educa/Teach-Educa/node_modules/react-dom/cjs/react-dom-client.development.js:8622:13)\n    at beginWork (/home/runner/work/Teach-Educa/Teach-Educa/node_modules/react-dom/cjs/react-dom-client.development.js:10643:15)\n    at runWithFiberInDEV (/home/runner/work/Teach-Educa/Teach-Educa/node_modules/react-dom/cjs/react-dom-client.development.js:1522:13)\n    at performUnitOfWork (/home/runner/work/Teach-Educa/Teach-Educa/node_modules/react-dom/cjs/react-dom-client.development.js:15140:22)\n    at workLoopSync (/home/runner/work/Teach-Educa/Teach-Educa/node_modules/react-dom/cjs/react-dom-client.development.js:14956:41)\n    at renderRootSync (/home/runner/work/Teach-Educa/Teach-Educa/node_modules/react-dom/cjs/react-dom-client.development.js:14936:11)"],"meta":{}},{"ancestorTitles":["Auth Component Integration Tests","LoginForm Integration"],"fullName":"Auth Component Integration Tests LoginForm Integration should handle login errors appropriately","status":"failed","title":"should handle login errors appropriately","duration":2.631489999999758,"failureMessages":["Error: Element type is invalid: expected a string (for built-in components) or a class/function (for composite components) but got: undefined. You likely forgot to export your component from the file it's defined in, or you might have mixed up default and named imports.\n    at createFiberFromTypeAndProps (/home/runner/work/Teach-Educa/Teach-Educa/node_modules/react-dom/cjs/react-dom-client.development.js:4259:28)\n    at createFiberFromElement (/home/runner/work/Teach-Educa/Teach-Educa/node_modules/react-dom/cjs/react-dom-client.development.js:4273:14)\n    at reconcileChildFibersImpl (/home/runner/work/Teach-Educa/Teach-Educa/node_modules/react-dom/cjs/react-dom-client.development.js:7879:31)\n    at /home/runner/work/Teach-Educa/Teach-Educa/node_modules/react-dom/cjs/react-dom-client.development.js:8057:33\n    at reconcileChildren (/home/runner/work/Teach-Educa/Teach-Educa/node_modules/react-dom/cjs/react-dom-client.development.js:8622:13)\n    at beginWork (/home/runner/work/Teach-Educa/Teach-Educa/node_modules/react-dom/cjs/react-dom-client.development.js:10643:15)\n    at runWithFiberInDEV (/home/runner/work/Teach-Educa/Teach-Educa/node_modules/react-dom/cjs/react-dom-client.development.js:1522:13)\n    at performUnitOfWork (/home/runner/work/Teach-Educa/Teach-Educa/node_modules/react-dom/cjs/react-dom-client.development.js:15140:22)\n    at workLoopSync (/home/runner/work/Teach-Educa/Teach-Educa/node_modules/react-dom/cjs/react-dom-client.development.js:14956:41)\n    at renderRootSync (/home/runner/work/Teach-Educa/Teach-Educa/node_modules/react-dom/cjs/react-dom-client.development.js:14936:11)"],"meta":{}},{"ancestorTitles":["Auth Component Integration Tests","LoginForm Integration"],"fullName":"Auth Component Integration Tests LoginForm Integration should show loading state during authentication","status":"failed","title":"should show loading state during authentication","duration":1.4626040000002831,"failureMessages":["Error: Element type is invalid: expected a string (for built-in components) or a class/function (for composite components) but got: undefined. You likely forgot to export your component from the file it's defined in, or you might have mixed up default and named imports.\n    at createFiberFromTypeAndProps (/home/runner/work/Teach-Educa/Teach-Educa/node_modules/react-dom/cjs/react-dom-client.development.js:4259:28)\n    at createFiberFromElement (/home/runner/work/Teach-Educa/Teach-Educa/node_modules/react-dom/cjs/react-dom-client.development.js:4273:14)\n    at reconcileChildFibersImpl (/home/runner/work/Teach-Educa/Teach-Educa/node_modules/react-dom/cjs/react-dom-client.development.js:7879:31)\n    at /home/runner/work/Teach-Educa/Teach-Educa/node_modules/react-dom/cjs/react-dom-client.development.js:8057:33\n    at reconcileChildren (/home/runner/work/Teach-Educa/Teach-Educa/node_modules/react-dom/cjs/react-dom-client.development.js:8622:13)\n    at beginWork (/home/runner/work/Teach-Educa/Teach-Educa/node_modules/react-dom/cjs/react-dom-client.development.js:10643:15)\n    at runWithFiberInDEV (/home/runner/work/Teach-Educa/Teach-Educa/node_modules/react-dom/cjs/react-dom-client.development.js:1522:13)\n    at performUnitOfWork (/home/runner/work/Teach-Educa/Teach-Educa/node_modules/react-dom/cjs/react-dom-client.development.js:15140:22)\n    at workLoopSync (/home/runner/work/Teach-Educa/Teach-Educa/node_modules/react-dom/cjs/react-dom-client.development.js:14956:41)\n    at renderRootSync (/home/runner/work/Teach-Educa/Teach-Educa/node_modules/react-dom/cjs/react-dom-client.development.js:14936:11)"],"meta":{}},{"ancestorTitles":["Auth Component Integration Tests","RegistrationFlow Integration"],"fullName":"Auth Component Integration Tests RegistrationFlow Integration should handle multi-step registration process","status":"failed","title":"should handle multi-step registration process","duration":1.4110579999996844,"failureMessages":["Error: Element type is invalid: expected a string (for built-in components) or a class/function (for composite components) but got: undefined. You likely forgot to export your component from the file it's defined in, or you might have mixed up default and named imports.\n    at createFiberFromTypeAndProps (/home/runner/work/Teach-Educa/Teach-Educa/node_modules/react-dom/cjs/react-dom-client.development.js:4259:28)\n    at createFiberFromElement (/home/runner/work/Teach-Educa/Teach-Educa/node_modules/react-dom/cjs/react-dom-client.development.js:4273:14)\n    at reconcileChildFibersImpl (/home/runner/work/Teach-Educa/Teach-Educa/node_modules/react-dom/cjs/react-dom-client.development.js:7879:31)\n    at /home/runner/work/Teach-Educa/Teach-Educa/node_modules/react-dom/cjs/react-dom-client.development.js:8057:33\n    at reconcileChildren (/home/runner/work/Teach-Educa/Teach-Educa/node_modules/react-dom/cjs/react-dom-client.development.js:8622:13)\n    at beginWork (/home/runner/work/Teach-Educa/Teach-Educa/node_modules/react-dom/cjs/react-dom-client.development.js:10643:15)\n    at runWithFiberInDEV (/home/runner/work/Teach-Educa/Teach-Educa/node_modules/react-dom/cjs/react-dom-client.development.js:1522:13)\n    at performUnitOfWork (/home/runner/work/Teach-Educa/Teach-Educa/node_modules/react-dom/cjs/react-dom-client.development.js:15140:22)\n    at workLoopSync (/home/runner/work/Teach-Educa/Teach-Educa/node_modules/react-dom/cjs/react-dom-client.development.js:14956:41)\n    at renderRootSync (/home/runner/work/Teach-Educa/Teach-Educa/node_modules/react-dom/cjs/react-dom-client.development.js:14936:11)"],"meta":{}},{"ancestorTitles":["Auth Component Integration Tests","RegistrationFlow Integration"],"fullName":"Auth Component Integration Tests RegistrationFlow Integration should validate password strength requirements","status":"failed","title":"should validate password strength requirements","duration":1.272038000000066,"failureMessages":["Error: Element type is invalid: expected a string (for built-in components) or a class/function (for composite components) but got: undefined. You likely forgot to export your component from the file it's defined in, or you might have mixed up default and named imports.\n    at createFiberFromTypeAndProps (/home/runner/work/Teach-Educa/Teach-Educa/node_modules/react-dom/cjs/react-dom-client.development.js:4259:28)\n    at createFiberFromElement (/home/runner/work/Teach-Educa/Teach-Educa/node_modules/react-dom/cjs/react-dom-client.development.js:4273:14)\n    at reconcileChildFibersImpl (/home/runner/work/Teach-Educa/Teach-Educa/node_modules/react-dom/cjs/react-dom-client.development.js:7879:31)\n    at /home/runner/work/Teach-Educa/Teach-Educa/node_modules/react-dom/cjs/react-dom-client.development.js:8057:33\n    at reconcileChildren (/home/runner/work/Teach-Educa/Teach-Educa/node_modules/react-dom/cjs/react-dom-client.development.js:8622:13)\n    at beginWork (/home/runner/work/Teach-Educa/Teach-Educa/node_modules/react-dom/cjs/react-dom-client.development.js:10643:15)\n    at runWithFiberInDEV (/home/runner/work/Teach-Educa/Teach-Educa/node_modules/react-dom/cjs/react-dom-client.development.js:1522:13)\n    at performUnitOfWork (/home/runner/work/Teach-Educa/Teach-Educa/node_modules/react-dom/cjs/react-dom-client.development.js:15140:22)\n    at workLoopSync (/home/runner/work/Teach-Educa/Teach-Educa/node_modules/react-dom/cjs/react-dom-client.development.js:14956:41)\n    at renderRootSync (/home/runner/work/Teach-Educa/Teach-Educa/node_modules/react-dom/cjs/react-dom-client.development.js:14936:11)"],"meta":{}},{"ancestorTitles":["Auth Component Integration Tests","RegistrationFlow Integration"],"fullName":"Auth Component Integration Tests RegistrationFlow Integration should handle CPF validation correctly","status":"failed","title":"should handle CPF validation correctly","duration":1.7158779999999751,"failureMessages":["Error: Element type is invalid: expected a string (for built-in components) or a class/function (for composite components) but got: undefined. You likely forgot to export your component from the file it's defined in, or you might have mixed up default and named imports.\n    at createFiberFromTypeAndProps (/home/runner/work/Teach-Educa/Teach-Educa/node_modules/react-dom/cjs/react-dom-client.development.js:4259:28)\n    at createFiberFromElement (/home/runner/work/Teach-Educa/Teach-Educa/node_modules/react-dom/cjs/react-dom-client.development.js:4273:14)\n    at reconcileChildFibersImpl (/home/runner/work/Teach-Educa/Teach-Educa/node_modules/react-dom/cjs/react-dom-client.development.js:7879:31)\n    at /home/runner/work/Teach-Educa/Teach-Educa/node_modules/react-dom/cjs/react-dom-client.development.js:8057:33\n    at reconcileChildren (/home/runner/work/Teach-Educa/Teach-Educa/node_modules/react-dom/cjs/react-dom-client.development.js:8622:13)\n    at beginWork (/home/runner/work/Teach-Educa/Teach-Educa/node_modules/react-dom/cjs/react-dom-client.development.js:10643:15)\n    at runWithFiberInDEV (/home/runner/work/Teach-Educa/Teach-Educa/node_modules/react-dom/cjs/react-dom-client.development.js:1522:13)\n    at performUnitOfWork (/home/runner/work/Teach-Educa/Teach-Educa/node_modules/react-dom/cjs/react-dom-client.development.js:15140:22)\n    at workLoopSync (/home/runner/work/Teach-Educa/Teach-Educa/node_modules/react-dom/cjs/react-dom-client.development.js:14956:41)\n    at renderRootSync (/home/runner/work/Teach-Educa/Teach-Educa/node_modules/react-dom/cjs/react-dom-client.development.js:14936:11)"],"meta":{}},{"ancestorTitles":["Auth Component Integration Tests","SessionManager Integration"],"fullName":"Auth Component Integration Tests SessionManager Integration should manage authentication state correctly","status":"failed","title":"should manage authentication state correctly","duration":1.7942840000000615,"failureMessages":["Error: Element type is invalid: expected a string (for built-in components) or a class/function (for composite components) but got: undefined. You likely forgot to export your component from the file it's defined in, or you might have mixed up default and named imports.\n    at createFiberFromTypeAndProps (/home/runner/work/Teach-Educa/Teach-Educa/node_modules/react-dom/cjs/react-dom-client.development.js:4259:28)\n    at createFiberFromElement (/home/runner/work/Teach-Educa/Teach-Educa/node_modules/react-dom/cjs/react-dom-client.development.js:4273:14)\n    at reconcileChildFibersImpl (/home/runner/work/Teach-Educa/Teach-Educa/node_modules/react-dom/cjs/react-dom-client.development.js:7879:31)\n    at /home/runner/work/Teach-Educa/Teach-Educa/node_modules/react-dom/cjs/react-dom-client.development.js:8057:33\n    at reconcileChildren (/home/runner/work/Teach-Educa/Teach-Educa/node_modules/react-dom/cjs/react-dom-client.development.js:8622:13)\n    at beginWork (/home/runner/work/Teach-Educa/Teach-Educa/node_modules/react-dom/cjs/react-dom-client.development.js:10643:15)\n    at runWithFiberInDEV (/home/runner/work/Teach-Educa/Teach-Educa/node_modules/react-dom/cjs/react-dom-client.development.js:1522:13)\n    at performUnitOfWork (/home/runner/work/Teach-Educa/Teach-Educa/node_modules/react-dom/cjs/react-dom-client.development.js:15140:22)\n    at workLoopSync (/home/runner/work/Teach-Educa/Teach-Educa/node_modules/react-dom/cjs/react-dom-client.development.js:14956:41)\n    at renderRootSync (/home/runner/work/Teach-Educa/Teach-Educa/node_modules/react-dom/cjs/react-dom-client.development.js:14936:11)"],"meta":{}},{"ancestorTitles":["Auth Component Integration Tests","SessionManager Integration"],"fullName":"Auth Component Integration Tests SessionManager Integration should handle token expiration","status":"failed","title":"should handle token expiration","duration":1.9508679999999003,"failureMessages":["Error: Element type is invalid: expected a string (for built-in components) or a class/function (for composite components) but got: undefined. You likely forgot to export your component from the file it's defined in, or you might have mixed up default and named imports.\n    at createFiberFromTypeAndProps (/home/runner/work/Teach-Educa/Teach-Educa/node_modules/react-dom/cjs/react-dom-client.development.js:4259:28)\n    at createFiberFromElement (/home/runner/work/Teach-Educa/Teach-Educa/node_modules/react-dom/cjs/react-dom-client.development.js:4273:14)\n    at reconcileChildFibersImpl (/home/runner/work/Teach-Educa/Teach-Educa/node_modules/react-dom/cjs/react-dom-client.development.js:7879:31)\n    at /home/runner/work/Teach-Educa/Teach-Educa/node_modules/react-dom/cjs/react-dom-client.development.js:8057:33\n    at reconcileChildren (/home/runner/work/Teach-Educa/Teach-Educa/node_modules/react-dom/cjs/react-dom-client.development.js:8622:13)\n    at beginWork (/home/runner/work/Teach-Educa/Teach-Educa/node_modules/react-dom/cjs/react-dom-client.development.js:10643:15)\n    at runWithFiberInDEV (/home/runner/work/Teach-Educa/Teach-Educa/node_modules/react-dom/cjs/react-dom-client.development.js:1522:13)\n    at performUnitOfWork (/home/runner/work/Teach-Educa/Teach-Educa/node_modules/react-dom/cjs/react-dom-client.development.js:15140:22)\n    at workLoopSync (/home/runner/work/Teach-Educa/Teach-Educa/node_modules/react-dom/cjs/react-dom-client.development.js:14956:41)\n    at renderRootSync (/home/runner/work/Teach-Educa/Teach-Educa/node_modules/react-dom/cjs/react-dom-client.development.js:14936:11)"],"meta":{}},{"ancestorTitles":["Auth Component Integration Tests","AuthFlow Integration"],"fullName":"Auth Component Integration Tests AuthFlow Integration should switch between login and registration modes","status":"failed","title":"should switch between login and registration modes","duration":1.5653760000000148,"failureMessages":["Error: Element type is invalid: expected a string (for built-in components) or a class/function (for composite components) but got: undefined. You likely forgot to export your component from the file it's defined in, or you might have mixed up default and named imports.\n    at createFiberFromTypeAndProps (/home/runner/work/Teach-Educa/Teach-Educa/node_modules/react-dom/cjs/react-dom-client.development.js:4259:28)\n    at createFiberFromElement (/home/runner/work/Teach-Educa/Teach-Educa/node_modules/react-dom/cjs/react-dom-client.development.js:4273:14)\n    at reconcileChildFibersImpl (/home/runner/work/Teach-Educa/Teach-Educa/node_modules/react-dom/cjs/react-dom-client.development.js:7879:31)\n    at /home/runner/work/Teach-Educa/Teach-Educa/node_modules/react-dom/cjs/react-dom-client.development.js:8057:33\n    at reconcileChildren (/home/runner/work/Teach-Educa/Teach-Educa/node_modules/react-dom/cjs/react-dom-client.development.js:8622:13)\n    at beginWork (/home/runner/work/Teach-Educa/Teach-Educa/node_modules/react-dom/cjs/react-dom-client.development.js:10643:15)\n    at runWithFiberInDEV (/home/runner/work/Teach-Educa/Teach-Educa/node_modules/react-dom/cjs/react-dom-client.development.js:1522:13)\n    at performUnitOfWork (/home/runner/work/Teach-Educa/Teach-Educa/node_modules/react-dom/cjs/react-dom-client.development.js:15140:22)\n    at workLoopSync (/home/runner/work/Teach-Educa/Teach-Educa/node_modules/react-dom/cjs/react-dom-client.development.js:14956:41)\n    at renderRootSync (/home/runner/work/Teach-Educa/Teach-Educa/node_modules/react-dom/cjs/react-dom-client.development.js:14936:11)"],"meta":{}},{"ancestorTitles":["Auth Component Integration Tests","AuthFlow Integration"],"fullName":"Auth Component Integration Tests AuthFlow Integration should handle social login integration","status":"failed","title":"should handle social login integration","duration":1.2030389999999898,"failureMessages":["Error: Element type is invalid: expected a string (for built-in components) or a class/function (for composite components) but got: undefined. You likely forgot to export your component from the file it's defined in, or you might have mixed up default and named imports.\n    at createFiberFromTypeAndProps (/home/runner/work/Teach-Educa/Teach-Educa/node_modules/react-dom/cjs/react-dom-client.development.js:4259:28)\n    at createFiberFromElement (/home/runner/work/Teach-Educa/Teach-Educa/node_modules/react-dom/cjs/react-dom-client.development.js:4273:14)\n    at reconcileChildFibersImpl (/home/runner/work/Teach-Educa/Teach-Educa/node_modules/react-dom/cjs/react-dom-client.development.js:7879:31)\n    at /home/runner/work/Teach-Educa/Teach-Educa/node_modules/react-dom/cjs/react-dom-client.development.js:8057:33\n    at reconcileChildren (/home/runner/work/Teach-Educa/Teach-Educa/node_modules/react-dom/cjs/react-dom-client.development.js:8622:13)\n    at beginWork (/home/runner/work/Teach-Educa/Teach-Educa/node_modules/react-dom/cjs/react-dom-client.development.js:10643:15)\n    at runWithFiberInDEV (/home/runner/work/Teach-Educa/Teach-Educa/node_modules/react-dom/cjs/react-dom-client.development.js:1522:13)\n    at performUnitOfWork (/home/runner/work/Teach-Educa/Teach-Educa/node_modules/react-dom/cjs/react-dom-client.development.js:15140:22)\n    at workLoopSync (/home/runner/work/Teach-Educa/Teach-Educa/node_modules/react-dom/cjs/react-dom-client.development.js:14956:41)\n    at renderRootSync (/home/runner/work/Teach-Educa/Teach-Educa/node_modules/react-dom/cjs/react-dom-client.development.js:14936:11)"],"meta":{}}],"startTime":1756487649045,"endTime":1756487649087.2031,"status":"failed","message":"","name":"/home/runner/work/Teach-Educa/Teach-Educa/src/__tests__/components/auth/auth-integration.test.tsx"},{"assertionResults":[{"ancestorTitles":["Payment Integration Tests","CreditSystem Integration"],"fullName":"Payment Integration Tests CreditSystem Integration should display current credit balance correctly","status":"failed","title":"should display current credit balance correctly","duration":25.72039500000028,"failureMessages":["Error: Element type is invalid: expected a string (for built-in components) or a class/function (for composite components) but got: undefined. You likely forgot to export your component from the file it's defined in, or you might have mixed up default and named imports.\n    at createFiberFromTypeAndProps (/home/runner/work/Teach-Educa/Teach-Educa/node_modules/react-dom/cjs/react-dom-client.development.js:4259:28)\n    at createFiberFromElement (/home/runner/work/Teach-Educa/Teach-Educa/node_modules/react-dom/cjs/react-dom-client.development.js:4273:14)\n    at reconcileChildFibersImpl (/home/runner/work/Teach-Educa/Teach-Educa/node_modules/react-dom/cjs/react-dom-client.development.js:7879:31)\n    at /home/runner/work/Teach-Educa/Teach-Educa/node_modules/react-dom/cjs/react-dom-client.development.js:8057:33\n    at reconcileChildren (/home/runner/work/Teach-Educa/Teach-Educa/node_modules/react-dom/cjs/react-dom-client.development.js:8622:13)\n    at beginWork (/home/runner/work/Teach-Educa/Teach-Educa/node_modules/react-dom/cjs/react-dom-client.development.js:10643:15)\n    at runWithFiberInDEV (/home/runner/work/Teach-Educa/Teach-Educa/node_modules/react-dom/cjs/react-dom-client.development.js:1522:13)\n    at performUnitOfWork (/home/runner/work/Teach-Educa/Teach-Educa/node_modules/react-dom/cjs/react-dom-client.development.js:15140:22)\n    at workLoopSync (/home/runner/work/Teach-Educa/Teach-Educa/node_modules/react-dom/cjs/react-dom-client.development.js:14956:41)\n    at renderRootSync (/home/runner/work/Teach-Educa/Teach-Educa/node_modules/react-dom/cjs/react-dom-client.development.js:14936:11)"],"meta":{}},{"ancestorTitles":["Payment Integration Tests","CreditSystem Integration"],"fullName":"Payment Integration Tests CreditSystem Integration should show credit usage breakdown","status":"failed","title":"should show credit usage breakdown","duration":2.3601520000001983,"failureMessages":["Error: Element type is invalid: expected a string (for built-in components) or a class/function (for composite components) but got: undefined. You likely forgot to export your component from the file it's defined in, or you might have mixed up default and named imports.\n    at createFiberFromTypeAndProps (/home/runner/work/Teach-Educa/Teach-Educa/node_modules/react-dom/cjs/react-dom-client.development.js:4259:28)\n    at createFiberFromElement (/home/runner/work/Teach-Educa/Teach-Educa/node_modules/react-dom/cjs/react-dom-client.development.js:4273:14)\n    at reconcileChildFibersImpl (/home/runner/work/Teach-Educa/Teach-Educa/node_modules/react-dom/cjs/react-dom-client.development.js:7879:31)\n    at /home/runner/work/Teach-Educa/Teach-Educa/node_modules/react-dom/cjs/react-dom-client.development.js:8057:33\n    at reconcileChildren (/home/runner/work/Teach-Educa/Teach-Educa/node_modules/react-dom/cjs/react-dom-client.development.js:8622:13)\n    at beginWork (/home/runner/work/Teach-Educa/Teach-Educa/node_modules/react-dom/cjs/react-dom-client.development.js:10643:15)\n    at runWithFiberInDEV (/home/runner/work/Teach-Educa/Teach-Educa/node_modules/react-dom/cjs/react-dom-client.development.js:1522:13)\n    at performUnitOfWork (/home/runner/work/Teach-Educa/Teach-Educa/node_modules/react-dom/cjs/react-dom-client.development.js:15140:22)\n    at workLoopSync (/home/runner/work/Teach-Educa/Teach-Educa/node_modules/react-dom/cjs/react-dom-client.development.js:14956:41)\n    at renderRootSync (/home/runner/work/Teach-Educa/Teach-Educa/node_modules/react-dom/cjs/react-dom-client.development.js:14936:11)"],"meta":{}},{"ancestorTitles":["Payment Integration Tests","CreditSystem Integration"],"fullName":"Payment Integration Tests CreditSystem Integration should handle credit consumption correctly","status":"failed","title":"should handle credit consumption correctly","duration":1.8844030000000203,"failureMessages":["Error: Element type is invalid: expected a string (for built-in components) or a class/function (for composite components) but got: undefined. You likely forgot to export your component from the file it's defined in, or you might have mixed up default and named imports.\n    at createFiberFromTypeAndProps (/home/runner/work/Teach-Educa/Teach-Educa/node_modules/react-dom/cjs/react-dom-client.development.js:4259:28)\n    at createFiberFromElement (/home/runner/work/Teach-Educa/Teach-Educa/node_modules/react-dom/cjs/react-dom-client.development.js:4273:14)\n    at reconcileChildFibersImpl (/home/runner/work/Teach-Educa/Teach-Educa/node_modules/react-dom/cjs/react-dom-client.development.js:7879:31)\n    at /home/runner/work/Teach-Educa/Teach-Educa/node_modules/react-dom/cjs/react-dom-client.development.js:8057:33\n    at reconcileChildren (/home/runner/work/Teach-Educa/Teach-Educa/node_modules/react-dom/cjs/react-dom-client.development.js:8622:13)\n    at beginWork (/home/runner/work/Teach-Educa/Teach-Educa/node_modules/react-dom/cjs/react-dom-client.development.js:10643:15)\n    at runWithFiberInDEV (/home/runner/work/Teach-Educa/Teach-Educa/node_modules/react-dom/cjs/react-dom-client.development.js:1522:13)\n    at performUnitOfWork (/home/runner/work/Teach-Educa/Teach-Educa/node_modules/react-dom/cjs/react-dom-client.development.js:15140:22)\n    at workLoopSync (/home/runner/work/Teach-Educa/Teach-Educa/node_modules/react-dom/cjs/react-dom-client.development.js:14956:41)\n    at renderRootSync (/home/runner/work/Teach-Educa/Teach-Educa/node_modules/react-dom/cjs/react-dom-client.development.js:14936:11)"],"meta":{}},{"ancestorTitles":["Payment Integration Tests","CreditSystem Integration"],"fullName":"Payment Integration Tests CreditSystem Integration should warn when credits are low","status":"failed","title":"should warn when credits are low","duration":1.2729300000000876,"failureMessages":["Error: Element type is invalid: expected a string (for built-in components) or a class/function (for composite components) but got: undefined. You likely forgot to export your component from the file it's defined in, or you might have mixed up default and named imports.\n    at createFiberFromTypeAndProps (/home/runner/work/Teach-Educa/Teach-Educa/node_modules/react-dom/cjs/react-dom-client.development.js:4259:28)\n    at createFiberFromElement (/home/runner/work/Teach-Educa/Teach-Educa/node_modules/react-dom/cjs/react-dom-client.development.js:4273:14)\n    at reconcileChildFibersImpl (/home/runner/work/Teach-Educa/Teach-Educa/node_modules/react-dom/cjs/react-dom-client.development.js:7879:31)\n    at /home/runner/work/Teach-Educa/Teach-Educa/node_modules/react-dom/cjs/react-dom-client.development.js:8057:33\n    at reconcileChildren (/home/runner/work/Teach-Educa/Teach-Educa/node_modules/react-dom/cjs/react-dom-client.development.js:8622:13)\n    at beginWork (/home/runner/work/Teach-Educa/Teach-Educa/node_modules/react-dom/cjs/react-dom-client.development.js:10643:15)\n    at runWithFiberInDEV (/home/runner/work/Teach-Educa/Teach-Educa/node_modules/react-dom/cjs/react-dom-client.development.js:1522:13)\n    at performUnitOfWork (/home/runner/work/Teach-Educa/Teach-Educa/node_modules/react-dom/cjs/react-dom-client.development.js:15140:22)\n    at workLoopSync (/home/runner/work/Teach-Educa/Teach-Educa/node_modules/react-dom/cjs/react-dom-client.development.js:14956:41)\n    at renderRootSync (/home/runner/work/Teach-Educa/Teach-Educa/node_modules/react-dom/cjs/react-dom-client.development.js:14936:11)"],"meta":{}},{"ancestorTitles":["Payment Integration Tests","CreditSystem Integration"],"fullName":"Payment Integration Tests CreditSystem Integration should prevent usage when no credits available","status":"failed","title":"should prevent usage when no credits available","duration":1.2616079999997964,"failureMessages":["Error: Element type is invalid: expected a string (for built-in components) or a class/function (for composite components) but got: undefined. You likely forgot to export your component from the file it's defined in, or you might have mixed up default and named imports.\n    at createFiberFromTypeAndProps (/home/runner/work/Teach-Educa/Teach-Educa/node_modules/react-dom/cjs/react-dom-client.development.js:4259:28)\n    at createFiberFromElement (/home/runner/work/Teach-Educa/Teach-Educa/node_modules/react-dom/cjs/react-dom-client.development.js:4273:14)\n    at reconcileChildFibersImpl (/home/runner/work/Teach-Educa/Teach-Educa/node_modules/react-dom/cjs/react-dom-client.development.js:7879:31)\n    at /home/runner/work/Teach-Educa/Teach-Educa/node_modules/react-dom/cjs/react-dom-client.development.js:8057:33\n    at reconcileChildren (/home/runner/work/Teach-Educa/Teach-Educa/node_modules/react-dom/cjs/react-dom-client.development.js:8622:13)\n    at beginWork (/home/runner/work/Teach-Educa/Teach-Educa/node_modules/react-dom/cjs/react-dom-client.development.js:10643:15)\n    at runWithFiberInDEV (/home/runner/work/Teach-Educa/Teach-Educa/node_modules/react-dom/cjs/react-dom-client.development.js:1522:13)\n    at performUnitOfWork (/home/runner/work/Teach-Educa/Teach-Educa/node_modules/react-dom/cjs/react-dom-client.development.js:15140:22)\n    at workLoopSync (/home/runner/work/Teach-Educa/Teach-Educa/node_modules/react-dom/cjs/react-dom-client.development.js:14956:41)\n    at renderRootSync (/home/runner/work/Teach-Educa/Teach-Educa/node_modules/react-dom/cjs/react-dom-client.development.js:14936:11)"],"meta":{}},{"ancestorTitles":["Payment Integration Tests","PaymentProcessor Integration"],"fullName":"Payment Integration Tests PaymentProcessor Integration should display available credit packages","status":"failed","title":"should display available credit packages","duration":1.5190289999995912,"failureMessages":["Error: Element type is invalid: expected a string (for built-in components) or a class/function (for composite components) but got: undefined. You likely forgot to export your component from the file it's defined in, or you might have mixed up default and named imports.\n    at createFiberFromTypeAndProps (/home/runner/work/Teach-Educa/Teach-Educa/node_modules/react-dom/cjs/react-dom-client.development.js:4259:28)\n    at createFiberFromElement (/home/runner/work/Teach-Educa/Teach-Educa/node_modules/react-dom/cjs/react-dom-client.development.js:4273:14)\n    at reconcileChildFibersImpl (/home/runner/work/Teach-Educa/Teach-Educa/node_modules/react-dom/cjs/react-dom-client.development.js:7879:31)\n    at /home/runner/work/Teach-Educa/Teach-Educa/node_modules/react-dom/cjs/react-dom-client.development.js:8057:33\n    at reconcileChildren (/home/runner/work/Teach-Educa/Teach-Educa/node_modules/react-dom/cjs/react-dom-client.development.js:8622:13)\n    at beginWork (/home/runner/work/Teach-Educa/Teach-Educa/node_modules/react-dom/cjs/react-dom-client.development.js:10643:15)\n    at runWithFiberInDEV (/home/runner/work/Teach-Educa/Teach-Educa/node_modules/react-dom/cjs/react-dom-client.development.js:1522:13)\n    at performUnitOfWork (/home/runner/work/Teach-Educa/Teach-Educa/node_modules/react-dom/cjs/react-dom-client.development.js:15140:22)\n    at workLoopSync (/home/runner/work/Teach-Educa/Teach-Educa/node_modules/react-dom/cjs/react-dom-client.development.js:14956:41)\n    at renderRootSync (/home/runner/work/Teach-Educa/Teach-Educa/node_modules/react-dom/cjs/react-dom-client.development.js:14936:11)"],"meta":{}},{"ancestorTitles":["Payment Integration Tests","PaymentProcessor Integration"],"fullName":"Payment Integration Tests PaymentProcessor Integration should calculate best value recommendations","status":"failed","title":"should calculate best value recommendations","duration":1.5803850000002058,"failureMessages":["Error: Element type is invalid: expected a string (for built-in components) or a class/function (for composite components) but got: undefined. You likely forgot to export your component from the file it's defined in, or you might have mixed up default and named imports.\n    at createFiberFromTypeAndProps (/home/runner/work/Teach-Educa/Teach-Educa/node_modules/react-dom/cjs/react-dom-client.development.js:4259:28)\n    at createFiberFromElement (/home/runner/work/Teach-Educa/Teach-Educa/node_modules/react-dom/cjs/react-dom-client.development.js:4273:14)\n    at reconcileChildFibersImpl (/home/runner/work/Teach-Educa/Teach-Educa/node_modules/react-dom/cjs/react-dom-client.development.js:7879:31)\n    at /home/runner/work/Teach-Educa/Teach-Educa/node_modules/react-dom/cjs/react-dom-client.development.js:8057:33\n    at reconcileChildren (/home/runner/work/Teach-Educa/Teach-Educa/node_modules/react-dom/cjs/react-dom-client.development.js:8622:13)\n    at beginWork (/home/runner/work/Teach-Educa/Teach-Educa/node_modules/react-dom/cjs/react-dom-client.development.js:10643:15)\n    at runWithFiberInDEV (/home/runner/work/Teach-Educa/Teach-Educa/node_modules/react-dom/cjs/react-dom-client.development.js:1522:13)\n    at performUnitOfWork (/home/runner/work/Teach-Educa/Teach-Educa/node_modules/react-dom/cjs/react-dom-client.development.js:15140:22)\n    at workLoopSync (/home/runner/work/Teach-Educa/Teach-Educa/node_modules/react-dom/cjs/react-dom-client.development.js:14956:41)\n    at renderRootSync (/home/runner/work/Teach-Educa/Teach-Educa/node_modules/react-dom/cjs/react-dom-client.development.js:14936:11)"],"meta":{}},{"ancestorTitles":["Payment Integration Tests","PaymentProcessor Integration"],"fullName":"Payment Integration Tests PaymentProcessor Integration should handle package selection","status":"failed","title":"should handle package selection","duration":1.8281780000002072,"failureMessages":["Error: Element type is invalid: expected a string (for built-in components) or a class/function (for composite components) but got: undefined. You likely forgot to export your component from the file it's defined in, or you might have mixed up default and named imports.\n    at createFiberFromTypeAndProps (/home/runner/work/Teach-Educa/Teach-Educa/node_modules/react-dom/cjs/react-dom-client.development.js:4259:28)\n    at createFiberFromElement (/home/runner/work/Teach-Educa/Teach-Educa/node_modules/react-dom/cjs/react-dom-client.development.js:4273:14)\n    at reconcileChildFibersImpl (/home/runner/work/Teach-Educa/Teach-Educa/node_modules/react-dom/cjs/react-dom-client.development.js:7879:31)\n    at /home/runner/work/Teach-Educa/Teach-Educa/node_modules/react-dom/cjs/react-dom-client.development.js:8057:33\n    at reconcileChildren (/home/runner/work/Teach-Educa/Teach-Educa/node_modules/react-dom/cjs/react-dom-client.development.js:8622:13)\n    at beginWork (/home/runner/work/Teach-Educa/Teach-Educa/node_modules/react-dom/cjs/react-dom-client.development.js:10643:15)\n    at runWithFiberInDEV (/home/runner/work/Teach-Educa/Teach-Educa/node_modules/react-dom/cjs/react-dom-client.development.js:1522:13)\n    at performUnitOfWork (/home/runner/work/Teach-Educa/Teach-Educa/node_modules/react-dom/cjs/react-dom-client.development.js:15140:22)\n    at workLoopSync (/home/runner/work/Teach-Educa/Teach-Educa/node_modules/react-dom/cjs/react-dom-client.development.js:14956:41)\n    at renderRootSync (/home/runner/work/Teach-Educa/Teach-Educa/node_modules/react-dom/cjs/react-dom-client.development.js:14936:11)"],"meta":{}},{"ancestorTitles":["Payment Integration Tests","PaymentProcessor Integration"],"fullName":"Payment Integration Tests PaymentProcessor Integration should process payment with Stripe integration","status":"failed","title":"should process payment with Stripe integration","duration":1.6331230000000687,"failureMessages":["Error: Element type is invalid: expected a string (for built-in components) or a class/function (for composite components) but got: undefined. You likely forgot to export your component from the file it's defined in, or you might have mixed up default and named imports.\n    at createFiberFromTypeAndProps (/home/runner/work/Teach-Educa/Teach-Educa/node_modules/react-dom/cjs/react-dom-client.development.js:4259:28)\n    at createFiberFromElement (/home/runner/work/Teach-Educa/Teach-Educa/node_modules/react-dom/cjs/react-dom-client.development.js:4273:14)\n    at reconcileChildFibersImpl (/home/runner/work/Teach-Educa/Teach-Educa/node_modules/react-dom/cjs/react-dom-client.development.js:7879:31)\n    at /home/runner/work/Teach-Educa/Teach-Educa/node_modules/react-dom/cjs/react-dom-client.development.js:8057:33\n    at reconcileChildren (/home/runner/work/Teach-Educa/Teach-Educa/node_modules/react-dom/cjs/react-dom-client.development.js:8622:13)\n    at beginWork (/home/runner/work/Teach-Educa/Teach-Educa/node_modules/react-dom/cjs/react-dom-client.development.js:10643:15)\n    at runWithFiberInDEV (/home/runner/work/Teach-Educa/Teach-Educa/node_modules/react-dom/cjs/react-dom-client.development.js:1522:13)\n    at performUnitOfWork (/home/runner/work/Teach-Educa/Teach-Educa/node_modules/react-dom/cjs/react-dom-client.development.js:15140:22)\n    at workLoopSync (/home/runner/work/Teach-Educa/Teach-Educa/node_modules/react-dom/cjs/react-dom-client.development.js:14956:41)\n    at renderRootSync (/home/runner/work/Teach-Educa/Teach-Educa/node_modules/react-dom/cjs/react-dom-client.development.js:14936:11)"],"meta":{}},{"ancestorTitles":["Payment Integration Tests","PaymentProcessor Integration"],"fullName":"Payment Integration Tests PaymentProcessor Integration should handle payment failures gracefully","status":"failed","title":"should handle payment failures gracefully","duration":12.647778000000017,"failureMessages":["Error: Element type is invalid: expected a string (for built-in components) or a class/function (for composite components) but got: undefined. You likely forgot to export your component from the file it's defined in, or you might have mixed up default and named imports.\n    at createFiberFromTypeAndProps (/home/runner/work/Teach-Educa/Teach-Educa/node_modules/react-dom/cjs/react-dom-client.development.js:4259:28)\n    at createFiberFromElement (/home/runner/work/Teach-Educa/Teach-Educa/node_modules/react-dom/cjs/react-dom-client.development.js:4273:14)\n    at reconcileChildFibersImpl (/home/runner/work/Teach-Educa/Teach-Educa/node_modules/react-dom/cjs/react-dom-client.development.js:7879:31)\n    at /home/runner/work/Teach-Educa/Teach-Educa/node_modules/react-dom/cjs/react-dom-client.development.js:8057:33\n    at reconcileChildren (/home/runner/work/Teach-Educa/Teach-Educa/node_modules/react-dom/cjs/react-dom-client.development.js:8622:13)\n    at beginWork (/home/runner/work/Teach-Educa/Teach-Educa/node_modules/react-dom/cjs/react-dom-client.development.js:10643:15)\n    at runWithFiberInDEV (/home/runner/work/Teach-Educa/Teach-Educa/node_modules/react-dom/cjs/react-dom-client.development.js:1522:13)\n    at performUnitOfWork (/home/runner/work/Teach-Educa/Teach-Educa/node_modules/react-dom/cjs/react-dom-client.development.js:15140:22)\n    at workLoopSync (/home/runner/work/Teach-Educa/Teach-Educa/node_modules/react-dom/cjs/react-dom-client.development.js:14956:41)\n    at renderRootSync (/home/runner/work/Teach-Educa/Teach-Educa/node_modules/react-dom/cjs/react-dom-client.development.js:14936:11)"],"meta":{}},{"ancestorTitles":["Payment Integration Tests","PaymentProcessor Integration"],"fullName":"Payment Integration Tests PaymentProcessor Integration should validate card information","status":"failed","title":"should validate card information","duration":2.099435000000085,"failureMessages":["Error: Element type is invalid: expected a string (for built-in components) or a class/function (for composite components) but got: undefined. You likely forgot to export your component from the file it's defined in, or you might have mixed up default and named imports.\n    at createFiberFromTypeAndProps (/home/runner/work/Teach-Educa/Teach-Educa/node_modules/react-dom/cjs/react-dom-client.development.js:4259:28)\n    at createFiberFromElement (/home/runner/work/Teach-Educa/Teach-Educa/node_modules/react-dom/cjs/react-dom-client.development.js:4273:14)\n    at reconcileChildFibersImpl (/home/runner/work/Teach-Educa/Teach-Educa/node_modules/react-dom/cjs/react-dom-client.development.js:7879:31)\n    at /home/runner/work/Teach-Educa/Teach-Educa/node_modules/react-dom/cjs/react-dom-client.development.js:8057:33\n    at reconcileChildren (/home/runner/work/Teach-Educa/Teach-Educa/node_modules/react-dom/cjs/react-dom-client.development.js:8622:13)\n    at beginWork (/home/runner/work/Teach-Educa/Teach-Educa/node_modules/react-dom/cjs/react-dom-client.development.js:10643:15)\n    at runWithFiberInDEV (/home/runner/work/Teach-Educa/Teach-Educa/node_modules/react-dom/cjs/react-dom-client.development.js:1522:13)\n    at performUnitOfWork (/home/runner/work/Teach-Educa/Teach-Educa/node_modules/react-dom/cjs/react-dom-client.development.js:15140:22)\n    at workLoopSync (/home/runner/work/Teach-Educa/Teach-Educa/node_modules/react-dom/cjs/react-dom-client.development.js:14956:41)\n    at renderRootSync (/home/runner/work/Teach-Educa/Teach-Educa/node_modules/react-dom/cjs/react-dom-client.development.js:14936:11)"],"meta":{}},{"ancestorTitles":["Payment Integration Tests","PaymentFlow Integration"],"fullName":"Payment Integration Tests PaymentFlow Integration should complete full payment workflow","status":"failed","title":"should complete full payment workflow","duration":2.0001099999999497,"failureMessages":["Error: Element type is invalid: expected a string (for built-in components) or a class/function (for composite components) but got: undefined. You likely forgot to export your component from the file it's defined in, or you might have mixed up default and named imports.\n    at createFiberFromTypeAndProps (/home/runner/work/Teach-Educa/Teach-Educa/node_modules/react-dom/cjs/react-dom-client.development.js:4259:28)\n    at createFiberFromElement (/home/runner/work/Teach-Educa/Teach-Educa/node_modules/react-dom/cjs/react-dom-client.development.js:4273:14)\n    at reconcileChildFibersImpl (/home/runner/work/Teach-Educa/Teach-Educa/node_modules/react-dom/cjs/react-dom-client.development.js:7879:31)\n    at /home/runner/work/Teach-Educa/Teach-Educa/node_modules/react-dom/cjs/react-dom-client.development.js:8057:33\n    at reconcileChildren (/home/runner/work/Teach-Educa/Teach-Educa/node_modules/react-dom/cjs/react-dom-client.development.js:8622:13)\n    at beginWork (/home/runner/work/Teach-Educa/Teach-Educa/node_modules/react-dom/cjs/react-dom-client.development.js:10643:15)\n    at runWithFiberInDEV (/home/runner/work/Teach-Educa/Teach-Educa/node_modules/react-dom/cjs/react-dom-client.development.js:1522:13)\n    at performUnitOfWork (/home/runner/work/Teach-Educa/Teach-Educa/node_modules/react-dom/cjs/react-dom-client.development.js:15140:22)\n    at workLoopSync (/home/runner/work/Teach-Educa/Teach-Educa/node_modules/react-dom/cjs/react-dom-client.development.js:14956:41)\n    at renderRootSync (/home/runner/work/Teach-Educa/Teach-Educa/node_modules/react-dom/cjs/react-dom-client.development.js:14936:11)"],"meta":{}},{"ancestorTitles":["Payment Integration Tests","PaymentFlow Integration"],"fullName":"Payment Integration Tests PaymentFlow Integration should allow going back between steps","status":"failed","title":"should allow going back between steps","duration":4.7376680000002125,"failureMessages":["Error: Element type is invalid: expected a string (for built-in components) or a class/function (for composite components) but got: undefined. You likely forgot to export your component from the file it's defined in, or you might have mixed up default and named imports.\n    at createFiberFromTypeAndProps (/home/runner/work/Teach-Educa/Teach-Educa/node_modules/react-dom/cjs/react-dom-client.development.js:4259:28)\n    at createFiberFromElement (/home/runner/work/Teach-Educa/Teach-Educa/node_modules/react-dom/cjs/react-dom-client.development.js:4273:14)\n    at reconcileChildFibersImpl (/home/runner/work/Teach-Educa/Teach-Educa/node_modules/react-dom/cjs/react-dom-client.development.js:7879:31)\n    at /home/runner/work/Teach-Educa/Teach-Educa/node_modules/react-dom/cjs/react-dom-client.development.js:8057:33\n    at reconcileChildren (/home/runner/work/Teach-Educa/Teach-Educa/node_modules/react-dom/cjs/react-dom-client.development.js:8622:13)\n    at beginWork (/home/runner/work/Teach-Educa/Teach-Educa/node_modules/react-dom/cjs/react-dom-client.development.js:10643:15)\n    at runWithFiberInDEV (/home/runner/work/Teach-Educa/Teach-Educa/node_modules/react-dom/cjs/react-dom-client.development.js:1522:13)\n    at performUnitOfWork (/home/runner/work/Teach-Educa/Teach-Educa/node_modules/react-dom/cjs/react-dom-client.development.js:15140:22)\n    at workLoopSync (/home/runner/work/Teach-Educa/Teach-Educa/node_modules/react-dom/cjs/react-dom-client.development.js:14956:41)\n    at renderRootSync (/home/runner/work/Teach-Educa/Teach-Educa/node_modules/react-dom/cjs/react-dom-client.development.js:14936:11)"],"meta":{}},{"ancestorTitles":["Payment Integration Tests","PaymentFlow Integration"],"fullName":"Payment Integration Tests PaymentFlow Integration should save payment preferences","status":"failed","title":"should save payment preferences","duration":2.02679900000021,"failureMessages":["Error: Element type is invalid: expected a string (for built-in components) or a class/function (for composite components) but got: undefined. You likely forgot to export your component from the file it's defined in, or you might have mixed up default and named imports.\n    at createFiberFromTypeAndProps (/home/runner/work/Teach-Educa/Teach-Educa/node_modules/react-dom/cjs/react-dom-client.development.js:4259:28)\n    at createFiberFromElement (/home/runner/work/Teach-Educa/Teach-Educa/node_modules/react-dom/cjs/react-dom-client.development.js:4273:14)\n    at reconcileChildFibersImpl (/home/runner/work/Teach-Educa/Teach-Educa/node_modules/react-dom/cjs/react-dom-client.development.js:7879:31)\n    at /home/runner/work/Teach-Educa/Teach-Educa/node_modules/react-dom/cjs/react-dom-client.development.js:8057:33\n    at reconcileChildren (/home/runner/work/Teach-Educa/Teach-Educa/node_modules/react-dom/cjs/react-dom-client.development.js:8622:13)\n    at beginWork (/home/runner/work/Teach-Educa/Teach-Educa/node_modules/react-dom/cjs/react-dom-client.development.js:10643:15)\n    at runWithFiberInDEV (/home/runner/work/Teach-Educa/Teach-Educa/node_modules/react-dom/cjs/react-dom-client.development.js:1522:13)\n    at performUnitOfWork (/home/runner/work/Teach-Educa/Teach-Educa/node_modules/react-dom/cjs/react-dom-client.development.js:15140:22)\n    at workLoopSync (/home/runner/work/Teach-Educa/Teach-Educa/node_modules/react-dom/cjs/react-dom-client.development.js:14956:41)\n    at renderRootSync (/home/runner/work/Teach-Educa/Teach-Educa/node_modules/react-dom/cjs/react-dom-client.development.js:14936:11)"],"meta":{}},{"ancestorTitles":["Payment Integration Tests","Payment Security Integration"],"fullName":"Payment Integration Tests Payment Security Integration should handle secure payment processing","status":"failed","title":"should handle secure payment processing","duration":1.8671709999998711,"failureMessages":["Error: Element type is invalid: expected a string (for built-in components) or a class/function (for composite components) but got: undefined. You likely forgot to export your component from the file it's defined in, or you might have mixed up default and named imports.\n    at createFiberFromTypeAndProps (/home/runner/work/Teach-Educa/Teach-Educa/node_modules/react-dom/cjs/react-dom-client.development.js:4259:28)\n    at createFiberFromElement (/home/runner/work/Teach-Educa/Teach-Educa/node_modules/react-dom/cjs/react-dom-client.development.js:4273:14)\n    at reconcileChildFibersImpl (/home/runner/work/Teach-Educa/Teach-Educa/node_modules/react-dom/cjs/react-dom-client.development.js:7879:31)\n    at /home/runner/work/Teach-Educa/Teach-Educa/node_modules/react-dom/cjs/react-dom-client.development.js:8057:33\n    at reconcileChildren (/home/runner/work/Teach-Educa/Teach-Educa/node_modules/react-dom/cjs/react-dom-client.development.js:8622:13)\n    at beginWork (/home/runner/work/Teach-Educa/Teach-Educa/node_modules/react-dom/cjs/react-dom-client.development.js:10643:15)\n    at runWithFiberInDEV (/home/runner/work/Teach-Educa/Teach-Educa/node_modules/react-dom/cjs/react-dom-client.development.js:1522:13)\n    at performUnitOfWork (/home/runner/work/Teach-Educa/Teach-Educa/node_modules/react-dom/cjs/react-dom-client.development.js:15140:22)\n    at workLoopSync (/home/runner/work/Teach-Educa/Teach-Educa/node_modules/react-dom/cjs/react-dom-client.development.js:14956:41)\n    at renderRootSync (/home/runner/work/Teach-Educa/Teach-Educa/node_modules/react-dom/cjs/react-dom-client.development.js:14936:11)"],"meta":{}},{"ancestorTitles":["Payment Integration Tests","Payment Security Integration"],"fullName":"Payment Integration Tests Payment Security Integration should prevent payment in insecure context","status":"failed","title":"should prevent payment in insecure context","duration":1.2493859999999586,"failureMessages":["Error: Element type is invalid: expected a string (for built-in components) or a class/function (for composite components) but got: undefined. You likely forgot to export your component from the file it's defined in, or you might have mixed up default and named imports.\n    at createFiberFromTypeAndProps (/home/runner/work/Teach-Educa/Teach-Educa/node_modules/react-dom/cjs/react-dom-client.development.js:4259:28)\n    at createFiberFromElement (/home/runner/work/Teach-Educa/Teach-Educa/node_modules/react-dom/cjs/react-dom-client.development.js:4273:14)\n    at reconcileChildFibersImpl (/home/runner/work/Teach-Educa/Teach-Educa/node_modules/react-dom/cjs/react-dom-client.development.js:7879:31)\n    at /home/runner/work/Teach-Educa/Teach-Educa/node_modules/react-dom/cjs/react-dom-client.development.js:8057:33\n    at reconcileChildren (/home/runner/work/Teach-Educa/Teach-Educa/node_modules/react-dom/cjs/react-dom-client.development.js:8622:13)\n    at beginWork (/home/runner/work/Teach-Educa/Teach-Educa/node_modules/react-dom/cjs/react-dom-client.development.js:10643:15)\n    at runWithFiberInDEV (/home/runner/work/Teach-Educa/Teach-Educa/node_modules/react-dom/cjs/react-dom-client.development.js:1522:13)\n    at performUnitOfWork (/home/runner/work/Teach-Educa/Teach-Educa/node_modules/react-dom/cjs/react-dom-client.development.js:15140:22)\n    at workLoopSync (/home/runner/work/Teach-Educa/Teach-Educa/node_modules/react-dom/cjs/react-dom-client.development.js:14956:41)\n    at renderRootSync (/home/runner/work/Teach-Educa/Teach-Educa/node_modules/react-dom/cjs/react-dom-client.development.js:14936:11)"],"meta":{}},{"ancestorTitles":["Payment Integration Tests","Payment Security Integration"],"fullName":"Payment Integration Tests Payment Security Integration should validate payment amount integrity","status":"failed","title":"should validate payment amount integrity","duration":1.2400790000001507,"failureMessages":["Error: Element type is invalid: expected a string (for built-in components) or a class/function (for composite components) but got: undefined. You likely forgot to export your component from the file it's defined in, or you might have mixed up default and named imports.\n    at createFiberFromTypeAndProps (/home/runner/work/Teach-Educa/Teach-Educa/node_modules/react-dom/cjs/react-dom-client.development.js:4259:28)\n    at createFiberFromElement (/home/runner/work/Teach-Educa/Teach-Educa/node_modules/react-dom/cjs/react-dom-client.development.js:4273:14)\n    at reconcileChildFibersImpl (/home/runner/work/Teach-Educa/Teach-Educa/node_modules/react-dom/cjs/react-dom-client.development.js:7879:31)\n    at /home/runner/work/Teach-Educa/Teach-Educa/node_modules/react-dom/cjs/react-dom-client.development.js:8057:33\n    at reconcileChildren (/home/runner/work/Teach-Educa/Teach-Educa/node_modules/react-dom/cjs/react-dom-client.development.js:8622:13)\n    at beginWork (/home/runner/work/Teach-Educa/Teach-Educa/node_modules/react-dom/cjs/react-dom-client.development.js:10643:15)\n    at runWithFiberInDEV (/home/runner/work/Teach-Educa/Teach-Educa/node_modules/react-dom/cjs/react-dom-client.development.js:1522:13)\n    at performUnitOfWork (/home/runner/work/Teach-Educa/Teach-Educa/node_modules/react-dom/cjs/react-dom-client.development.js:15140:22)\n    at workLoopSync (/home/runner/work/Teach-Educa/Teach-Educa/node_modules/react-dom/cjs/react-dom-client.development.js:14956:41)\n    at renderRootSync (/home/runner/work/Teach-Educa/Teach-Educa/node_modules/react-dom/cjs/react-dom-client.development.js:14936:11)"],"meta":{}}],"startTime":1756487646964,"endTime":1756487647032.24,"status":"failed","message":"","name":"/home/runner/work/Teach-Educa/Teach-Educa/src/__tests__/components/payment/payment-integration.test.tsx"}],"coverageMap":{"/home/runner/work/Teach-Educa/Teach-Educa/src/components/LoadingSpinner.tsx":{"path":"/home/runner/work/Teach-Educa/Teach-Educa/src/components/LoadingSpinner.tsx","all":false,"statementMap":{"0":{"start":{"line":1,"column":0},"end":{"line":1,"column":38}},"1":{"start":{"line":2,"column":0},"end":{"line":2,"column":45}},"9":{"start":{"line":10,"column":0},"end":{"line":10,"column":41}},"10":{"start":{"line":11,"column":0},"end":{"line":11,"column":15}},"11":{"start":{"line":12,"column":0},"end":{"line":12,"column":22}},"12":{"start":{"line":13,"column":0},"end":{"line":13,"column":28}},"13":{"start":{"line":14,"column":0},"end":{"line":14,"column":25}},"14":{"start":{"line":15,"column":0},"end":{"line":15,"column":23}},"15":{"start":{"line":16,"column":0},"end":{"line":16,"column":18}},"16":{"start":{"line":17,"column":0},"end":{"line":17,"column":18}},"17":{"start":{"line":18,"column":0},"end":{"line":18,"column":19}},"18":{"start":{"line":19,"column":0},"end":{"line":19,"column":3}},"20":{"start":{"line":21,"column":0},"end":{"line":21,"column":38}},"21":{"start":{"line":22,"column":0},"end":{"line":22,"column":67}},"22":{"start":{"line":23,"column":0},"end":{"line":23,"column":44}},"24":{"start":{"line":25,"column":0},"end":{"line":25,"column":10}},"25":{"start":{"line":26,"column":0},"end":{"line":26,"column":38}},"26":{"start":{"line":27,"column":0},"end":{"line":27,"column":17}},"27":{"start":{"line":28,"column":0},"end":{"line":28,"column":32}},"28":{"start":{"line":29,"column":0},"end":{"line":29,"column":32}},"29":{"start":{"line":30,"column":0},"end":{"line":30,"column":41}},"31":{"start":{"line":32,"column":0},"end":{"line":32,"column":34}},"33":{"start":{"line":34,"column":0},"end":{"line":34,"column":130}},"36":{"start":{"line":37,"column":0},"end":{"line":37,"column":21}},"37":{"start":{"line":38,"column":0},"end":{"line":38,"column":34}},"38":{"start":{"line":39,"column":0},"end":{"line":39,"column":34}},"39":{"start":{"line":40,"column":0},"end":{"line":40,"column":71}},"40":{"start":{"line":41,"column":0},"end":{"line":41,"column":73}},"42":{"start":{"line":43,"column":0},"end":{"line":43,"column":19}},"43":{"start":{"line":44,"column":0},"end":{"line":44,"column":113}},"44":{"start":{"line":45,"column":0},"end":{"line":45,"column":31}},"45":{"start":{"line":46,"column":0},"end":{"line":46,"column":14}},"46":{"start":{"line":47,"column":0},"end":{"line":47,"column":23}},"47":{"start":{"line":48,"column":0},"end":{"line":48,"column":14}},"50":{"start":{"line":51,"column":0},"end":{"line":51,"column":18}},"51":{"start":{"line":52,"column":0},"end":{"line":52,"column":41}},"52":{"start":{"line":53,"column":0},"end":{"line":53,"column":40}},"53":{"start":{"line":54,"column":0},"end":{"line":54,"column":37}},"54":{"start":{"line":55,"column":0},"end":{"line":55,"column":46}},"55":{"start":{"line":56,"column":0},"end":{"line":56,"column":40}},"56":{"start":{"line":57,"column":0},"end":{"line":57,"column":40}},"57":{"start":{"line":58,"column":0},"end":{"line":58,"column":23}},"58":{"start":{"line":59,"column":0},"end":{"line":59,"column":13}},"60":{"start":{"line":61,"column":0},"end":{"line":61,"column":19}},"61":{"start":{"line":62,"column":0},"end":{"line":62,"column":19}},"62":{"start":{"line":63,"column":0},"end":{"line":63,"column":19}},"63":{"start":{"line":64,"column":0},"end":{"line":64,"column":10}},"65":{"start":{"line":66,"column":0},"end":{"line":66,"column":1}}},"s":{"0":1,"1":1,"9":6,"10":6,"11":6,"12":6,"13":6,"14":6,"15":6,"16":6,"17":6,"18":6,"20":6,"21":1,"22":5,"24":6,"25":6,"26":6,"27":6,"28":6,"29":6,"31":6,"33":6,"36":6,"37":6,"38":6,"39":6,"40":6,"42":6,"43":6,"44":6,"45":6,"46":6,"47":6,"50":6,"51":6,"52":6,"53":6,"54":6,"55":6,"56":5,"57":1,"58":6,"60":6,"61":6,"62":6,"63":6,"65":6},"branchMap":{"0":{"type":"branch","line":10,"loc":{"start":{"line":10,"column":0},"end":{"line":66,"column":1}},"locations":[{"start":{"line":10,"column":0},"end":{"line":66,"column":1}}]},"1":{"type":"branch","line":21,"loc":{"start":{"line":21,"column":27},"end":{"line":22,"column":67}},"locations":[{"start":{"line":21,"column":27},"end":{"line":22,"column":67}}]},"2":{"type":"branch","line":22,"loc":{"start":{"line":22,"column":6},"end":{"line":23,"column":44}},"locations":[{"start":{"line":22,"column":6},"end":{"line":23,"column":44}}]},"3":{"type":"branch","line":44,"loc":{"start":{"line":44,"column":37},"end":{"line":44,"column":56}},"locations":[{"start":{"line":44,"column":37},"end":{"line":44,"column":56}}]},"4":{"type":"branch","line":44,"loc":{"start":{"line":44,"column":44},"end":{"line":44,"column":93}},"locations":[{"start":{"line":44,"column":44},"end":{"line":44,"column":93}}]},"5":{"type":"branch","line":44,"loc":{"start":{"line":44,"column":65},"end":{"line":44,"column":84}},"locations":[{"start":{"line":44,"column":65},"end":{"line":44,"column":84}}]},"6":{"type":"branch","line":44,"loc":{"start":{"line":44,"column":72},"end":{"line":44,"column":93}},"locations":[{"start":{"line":44,"column":72},"end":{"line":44,"column":93}}]},"7":{"type":"branch","line":56,"loc":{"start":{"line":56,"column":21},"end":{"line":56,"column":40}},"locations":[{"start":{"line":56,"column":21},"end":{"line":56,"column":40}}]},"8":{"type":"branch","line":56,"loc":{"start":{"line":56,"column":28},"end":{"line":58,"column":23}},"locations":[{"start":{"line":56,"column":28},"end":{"line":58,"column":23}}]},"9":{"type":"branch","line":57,"loc":{"start":{"line":57,"column":21},"end":{"line":57,"column":40}},"locations":[{"start":{"line":57,"column":21},"end":{"line":57,"column":40}}]},"10":{"type":"branch","line":57,"loc":{"start":{"line":57,"column":28},"end":{"line":58,"column":23}},"locations":[{"start":{"line":57,"column":28},"end":{"line":58,"column":23}}]}},"b":{"0":[6],"1":[1],"2":[5],"3":[1],"4":[5],"5":[4],"6":[1],"7":[1],"8":[5],"9":[4],"10":[1]},"fnMap":{"0":{"name":"LoadingSpinner","decl":{"start":{"line":10,"column":0},"end":{"line":66,"column":1}},"loc":{"start":{"line":10,"column":0},"end":{"line":66,"column":1}},"line":10}},"f":{"0":6}},"/home/runner/work/Teach-Educa/Teach-Educa/src/lib/utils.ts":{"path":"/home/runner/work/Teach-Educa/Teach-Educa/src/lib/utils.ts","all":false,"statementMap":{"0":{"start":{"line":1,"column":0},"end":{"line":1,"column":44}},"1":{"start":{"line":2,"column":0},"end":{"line":2,"column":40}},"3":{"start":{"line":4,"column":0},"end":{"line":4,"column":45}},"4":{"start":{"line":5,"column":0},"end":{"line":5,"column":30}},"5":{"start":{"line":6,"column":0},"end":{"line":6,"column":1}}},"s":{"0":1,"1":1,"3":1,"4":2110,"5":2110},"branchMap":{"0":{"type":"branch","line":4,"loc":{"start":{"line":4,"column":7},"end":{"line":6,"column":1}},"locations":[{"start":{"line":4,"column":7},"end":{"line":6,"column":1}}]}},"b":{"0":[2110]},"fnMap":{"0":{"name":"cn","decl":{"start":{"line":4,"column":7},"end":{"line":6,"column":1}},"loc":{"start":{"line":4,"column":7},"end":{"line":6,"column":1}},"line":4}},"f":{"0":2110}}}}
